Log file open, 05/17/23 15:01:58
LogWindows: Failed to load 'aqProf.dll' (GetLastError=126)
LogWindows: File 'aqProf.dll' does not exist
LogWindows: Failed to load 'VtuneApi.dll' (GetLastError=126)
LogWindows: File 'VtuneApi.dll' does not exist
LogWindows: Failed to load 'VtuneApi32e.dll' (GetLastError=126)
LogWindows: File 'VtuneApi32e.dll' does not exist
LogConsoleResponse: Display: Failed to find resolution value strings in scalability ini. Falling back to default.
LogConsoleResponse: Display: Failed to find resolution value strings in scalability ini. Falling back to default.
LogInit: Display: Running engine for game: LockedMind
LogPlatformFile: Not using cached read wrapper
LogTaskGraph: Started task graph with 5 named threads and 47 total threads with 3 sets of task threads.
LogStats: Stats thread started at 0.183346
LogICUInternationalization: ICU TimeZone Detection - Raw Offset: +1:00, Platform Override: ''
LogInit: Display: Loading text-based GConfig....
LogPluginManager: Mounting plugin MeshPainting
LogPluginManager: Mounting plugin XGEController
LogPluginManager: Mounting plugin Paper2D
LogPluginManager: Mounting plugin EnvironmentQueryEditor
LogPluginManager: Mounting plugin AISupport
LogPluginManager: Mounting plugin LiveLink
LogPluginManager: Mounting plugin LightPropagationVolume
LogPluginManager: Mounting plugin CameraShakePreviewer
LogPluginManager: Mounting plugin GameplayCameras
LogPluginManager: Mounting plugin AssetManagerEditor
LogPluginManager: Mounting plugin CurveEditorTools
LogPluginManager: Mounting plugin DataValidation
LogPluginManager: Mounting plugin FacialAnimation
LogPluginManager: Mounting plugin CryptoKeys
LogPluginManager: Mounting plugin AnimationSharing
LogPluginManager: Mounting plugin GameplayTagsEditor
LogPluginManager: Mounting plugin GeometryMode
LogPluginManager: Mounting plugin MacGraphicsSwitching
LogPluginManager: Mounting plugin MaterialAnalyzer
LogPluginManager: Mounting plugin PluginBrowser
LogPluginManager: Mounting plugin MobileLauncherProfileWizard
LogPluginManager: Mounting plugin CLionSourceCodeAccess
LogPluginManager: Mounting plugin SpeedTreeImporter
LogPluginManager: Mounting plugin GitSourceControl
LogPluginManager: Mounting plugin KDevelopSourceCodeAccess
LogPluginManager: Mounting plugin NullSourceCodeAccess
LogPluginManager: Mounting plugin PluginUtils
LogPluginManager: Mounting plugin PixWinPlugin
LogPluginManager: Mounting plugin PlasticSourceControl
LogPluginManager: Mounting plugin CodeLiteSourceCodeAccess
LogPluginManager: Mounting plugin PerforceSourceControl
LogPluginManager: Mounting plugin TextureFormatOodle
LogPluginManager: Mounting plugin SubversionSourceControl
LogPluginManager: Mounting plugin RiderSourceCodeAccess
LogPluginManager: Mounting plugin UObjectPlugin
LogPluginManager: Mounting plugin VisualStudioSourceCodeAccess
LogPluginManager: Mounting plugin VisualStudioCodeSourceCodeAccess
LogPluginManager: Mounting plugin OodleData
LogPluginManager: Mounting plugin XCodeSourceCodeAccess
LogPluginManager: Mounting plugin PropertyAccessNode
LogPluginManager: Mounting plugin OodleNetwork
LogPluginManager: Mounting plugin DatasmithContent
LogPluginManager: Mounting plugin VariantManagerContent
LogPluginManager: Mounting plugin AlembicImporter
LogPluginManager: Mounting plugin AutomationUtils
LogPluginManager: Mounting plugin ChaosClothEditor
LogPluginManager: Mounting plugin ChaosCloth
LogPluginManager: Mounting plugin ChaosSolverPlugin
LogPluginManager: Mounting plugin BackChannel
LogPluginManager: Mounting plugin ChaosNiagara
LogPluginManager: Mounting plugin ChaosEditor
LogPluginManager: Mounting plugin CharacterAI
LogPluginManager: Mounting plugin GeometryCache
LogPluginManager: Mounting plugin GeometryCollectionPlugin
LogPluginManager: Mounting plugin GeometryProcessing
LogPluginManager: Mounting plugin Niagara
LogPluginManager: Mounting plugin OpenImageDenoise
LogPluginManager: Mounting plugin MotoSynth
LogPluginManager: Mounting plugin PlanarCut
LogPluginManager: Mounting plugin PlatformCrypto
LogPluginManager: Mounting plugin ProxyLODPlugin
LogPluginManager: Mounting plugin PythonScriptPlugin
LogPluginManager: Mounting plugin SkeletalReduction
LogPluginManager: Mounting plugin LuminPlatformFeatures
LogPluginManager: Mounting plugin MagicLeap
LogPluginManager: Mounting plugin MagicLeapMedia
LogPluginManager: Mounting plugin MagicLeapLightEstimation
LogPluginManager: Mounting plugin MagicLeapPassableWorld
LogPluginManager: Mounting plugin MLSDK
LogPluginManager: Mounting plugin AndroidMedia
LogPluginManager: Mounting plugin TcpMessaging
LogPluginManager: Mounting plugin UdpMessaging
LogPluginManager: Mounting plugin AvfMedia
LogPluginManager: Mounting plugin ImgMedia
LogPluginManager: Mounting plugin MediaCompositing
LogPluginManager: Mounting plugin MediaPlayerEditor
LogPluginManager: Mounting plugin ActorSequence
LogPluginManager: Mounting plugin WebMMedia
LogPluginManager: Mounting plugin WmfMedia
LogPluginManager: Mounting plugin LevelSequenceEditor
LogPluginManager: Mounting plugin MatineeToLevelSequence
LogPluginManager: Mounting plugin TemplateSequence
LogPluginManager: Mounting plugin OnlineSubsystem
LogPluginManager: Mounting plugin OnlineSubsystemNull
LogPluginManager: Mounting plugin LauncherChunkInstaller
LogPluginManager: Mounting plugin OnlineSubsystemUtils
LogPluginManager: Mounting plugin ScreenshotTools
LogPluginManager: Mounting plugin ActorLayerUtilities
LogPluginManager: Mounting plugin Takes
LogPluginManager: Mounting plugin AndroidDeviceProfileSelector
LogPluginManager: Mounting plugin AndroidMoviePlayer
LogPluginManager: Mounting plugin AndroidPermission
LogPluginManager: Mounting plugin AppleImageUtils
LogPluginManager: Mounting plugin AppleMoviePlayer
LogPluginManager: Mounting plugin ArchVisCharacter
LogPluginManager: Mounting plugin AssetTags
LogPluginManager: Mounting plugin AudioCapture
LogPluginManager: Mounting plugin CableComponent
LogPluginManager: Mounting plugin AudioSynesthesia
LogPluginManager: Mounting plugin ChunkDownloader
LogPluginManager: Mounting plugin EditableMesh
LogPluginManager: Mounting plugin CustomMeshComponent
LogPluginManager: Mounting plugin GoogleCloudMessaging
LogPluginManager: Mounting plugin GooglePAD
LogPluginManager: Mounting plugin ExampleDeviceProfileSelector
LogPluginManager: Mounting plugin IOSDeviceProfileSelector
LogPluginManager: Mounting plugin LinuxDeviceProfileSelector
LogPluginManager: Mounting plugin LocationServicesBPLibrary
LogPluginManager: Mounting plugin MobilePatchingUtils
LogPluginManager: Mounting plugin OpenXR
LogPluginManager: Mounting plugin OpenXREyeTracker
LogPluginManager: Mounting plugin OpenXRHandTracking
LogPluginManager: Mounting plugin PostSplashScreen
LogPluginManager: Mounting plugin PhysXVehicles
LogPluginManager: Mounting plugin PropertyAccessEditor
LogPluginManager: Mounting plugin ProceduralMeshComponent
LogPluginManager: Mounting plugin RuntimePhysXCooking
LogPluginManager: Mounting plugin SignificanceManager
LogPluginManager: Mounting plugin SoundFields
LogPluginManager: Mounting plugin Synthesis
LogPluginManager: Mounting plugin WindowsMoviePlayer
LogPluginManager: Mounting plugin WebMMoviePlayer
LogPluginManager: Mounting plugin ContentBrowserAssetDataSource
LogPluginManager: Mounting plugin ContentBrowserClassDataSource
LogPluginManager: Mounting plugin ContentBrowserFileDataSource
LogPluginManager: Mounting plugin RiderLink
LogPluginManager: Mounting plugin OnlineSubsystemGooglePlay
LogPluginManager: Mounting plugin OnlineSubsystemIOS
LogPluginManager: Mounting plugin OculusVR
LogPluginManager: Mounting plugin SteamVR
PixWinPlugin: PIX capture plugin failed to initialize! Check that the process is launched from PIX.
LogInit: Using libcurl 7.55.1-DEV
LogInit:  - built for x86_64-pc-win32
LogInit:  - supports SSL with OpenSSL/1.1.1
LogInit:  - supports HTTP deflate (compression) using libz 1.2.8
LogInit:  - other features:
LogInit:      CURL_VERSION_SSL
LogInit:      CURL_VERSION_LIBZ
LogInit:      CURL_VERSION_IPV6
LogInit:      CURL_VERSION_ASYNCHDNS
LogInit:      CURL_VERSION_LARGEFILE
LogInit:      CURL_VERSION_IDN
LogInit:  CurlRequestOptions (configurable via config and command line):
LogInit:  - bVerifyPeer = true  - Libcurl will verify peer certificate
LogInit:  - bUseHttpProxy = false  - Libcurl will NOT use HTTP proxy
LogInit:  - bDontReuseConnections = false  - Libcurl will reuse connections
LogInit:  - MaxHostConnections = 16  - Libcurl will limit the number of connections to a host
LogInit:  - LocalHostAddr = Default
LogInit:  - BufferSize = 65536
LogOnline: OSS: Creating online subsystem instance for: NULL
LogInit: WinSock: version 1.1 (2.2), MaxSocks=32767, MaxUdp=65467
LogOnline: OSS: TryLoadSubsystemAndSetDefault: Loaded subsystem for module [NULL]
LogOculusPluginWrapper: OculusPlugin initialized successfully
LogHMD: Failed initializing OVRPlugin 1.59.0
LogInit: Build: ++UE4+Release-4.27-CL-18319896
LogInit: Engine Version: 4.27.2-18319896+++UE4+Release-4.27
LogInit: Compatible Engine Version: 4.27.0-17155196+++UE4+Release-4.27
LogInit: Net CL: 17155196
LogInit: OS: Windows 10 (Release 2009) (), CPU: 11th Gen Intel(R) Core(TM) i7-11700 @ 2.50GHz, GPU: NVIDIA GeForce RTX 3070
LogInit: Compiled (64-bit): Nov 30 2021 07:12:08
LogInit: Compiled with Visual C++: 19.24.28315.00
LogInit: Build Configuration: Development
LogInit: Branch Name: ++UE4+Release-4.27
LogInit: Command Line:  -EpicPortal -epicusername=Dovah35 -epicuserid=f1bfaee90d94402b8b82bd088a52b3c5 -epiclocale=fr -epicsandboxid=ue
LogInit: Base Directory: D:/UE_4.27/Engine/Binaries/Win64/
LogInit: Allocator: TBB
LogInit: Installed Engine Build: 1
LogDevObjectVersion: Number of dev versions registered: 29
LogDevObjectVersion:   Dev-Blueprints (B0D832E4-1F89-4F0D-ACCF-7EB736FD4AA2): 10
LogDevObjectVersion:   Dev-Build (E1C64328-A22C-4D53-A36C-8E866417BD8C): 0
LogDevObjectVersion:   Dev-Core (375EC13C-06E4-48FB-B500-84F0262A717E): 4
LogDevObjectVersion:   Dev-Editor (E4B068ED-F494-42E9-A231-DA0B2E46BB41): 40
LogDevObjectVersion:   Dev-Framework (CFFC743F-43B0-4480-9391-14DF171D2073): 37
LogDevObjectVersion:   Dev-Mobile (B02B49B5-BB20-44E9-A304-32B752E40360): 3
LogDevObjectVersion:   Dev-Networking (A4E4105C-59A1-49B5-A7C5-40C4547EDFEE): 0
LogDevObjectVersion:   Dev-Online (39C831C9-5AE6-47DC-9A44-9C173E1C8E7C): 0
LogDevObjectVersion:   Dev-Physics (78F01B33-EBEA-4F98-B9B4-84EACCB95AA2): 14
LogDevObjectVersion:   Dev-Platform (6631380F-2D4D-43E0-8009-CF276956A95A): 0
LogDevObjectVersion:   Dev-Rendering (12F88B9F-8875-4AFC-A67C-D90C383ABD29): 45
LogDevObjectVersion:   Dev-Sequencer (7B5AE74C-D270-4C10-A958-57980B212A5A): 13
LogDevObjectVersion:   Dev-VR (D7296918-1DD6-4BDD-9DE2-64A83CC13884): 3
LogDevObjectVersion:   Dev-LoadTimes (C2A15278-BFE7-4AFE-6C17-90FF531DF755): 1
LogDevObjectVersion:   Private-Geometry (6EACA3D4-40EC-4CC1-B786-8BED09428FC5): 3
LogDevObjectVersion:   Dev-AnimPhys (29E575DD-E0A3-4627-9D10-D276232CDCEA): 17
LogDevObjectVersion:   Dev-Anim (AF43A65D-7FD3-4947-9873-3E8ED9C1BB05): 15
LogDevObjectVersion:   Dev-ReflectionCapture (6B266CEC-1EC7-4B8F-A30B-E4D90942FC07): 1
LogDevObjectVersion:   Dev-Automation (0DF73D61-A23F-47EA-B727-89E90C41499A): 1
LogDevObjectVersion:   FortniteMain (601D1886-AC64-4F84-AA16-D3DE0DEAC7D6): 47
LogDevObjectVersion:   FortniteRelease (E7086368-6B23-4C58-8439-1B7016265E91): 1
LogDevObjectVersion:   Dev-Enterprise (9DFFBCD6-494F-0158-E221-12823C92A888): 10
LogDevObjectVersion:   Dev-Niagara (F2AED0AC-9AFE-416F-8664-AA7FFA26D6FC): 1
LogDevObjectVersion:   Dev-Destruction (174F1F0B-B4C6-45A5-B13F-2EE8D0FB917D): 10
LogDevObjectVersion:   Dev-Physics-Ext (35F94A83-E258-406C-A318-09F59610247C): 41
LogDevObjectVersion:   Dev-PhysicsMaterial-Chaos (B68FC16E-8B1B-42E2-B453-215C058844FE): 1
LogDevObjectVersion:   Dev-CineCamera (B2E18506-4273-CFC2-A54E-F4BB758BBA07): 1
LogDevObjectVersion:   Dev-VirtualProduction (64F58936-FD1B-42BA-BA96-7289D5D0FA4E): 1
LogDevObjectVersion:   Dev-MediaFramework (6F0ED827-A609-4895-9C91-998D90180EA4): 2
LogInit: Presizing for max 25165824 objects, including 0 objects not considered by GC, pre-allocating 0 bytes for permanent pool.
LogConfig: Applying CVar settings from Section [/Script/Engine.StreamingSettings] File [D:/_AlbanMOTTE/Ps4/LockedMind/Saved/Config/Windows/Engine.ini]
LogConfig: Setting CVar [[s.MinBulkDataSizeForAsyncLoading:131072]]
LogConfig: Setting CVar [[s.AsyncLoadingThreadEnabled:0]]
LogConfig: Setting CVar [[s.EventDrivenLoaderEnabled:1]]
LogConfig: Setting CVar [[s.WarnIfTimeLimitExceeded:0]]
LogConfig: Setting CVar [[s.TimeLimitExceededMultiplier:1.5]]
LogConfig: Setting CVar [[s.TimeLimitExceededMinTime:0.005]]
LogConfig: Setting CVar [[s.UseBackgroundLevelStreaming:1]]
LogConfig: Setting CVar [[s.PriorityAsyncLoadingExtraTime:15.0]]
LogConfig: Setting CVar [[s.LevelStreamingActorsUpdateTimeLimit:5.0]]
LogConfig: Setting CVar [[s.PriorityLevelStreamingActorsUpdateExtraTime:5.0]]
LogConfig: Setting CVar [[s.LevelStreamingComponentsRegistrationGranularity:10]]
LogConfig: Setting CVar [[s.UnregisterComponentsTimeLimit:1.0]]
LogConfig: Setting CVar [[s.LevelStreamingComponentsUnregistrationGranularity:5]]
LogConfig: Setting CVar [[s.FlushStreamingOnExit:1]]
LogInit: Object subsystem initialized
LogConfig: Setting CVar [[con.DebugEarlyDefault:1]]
LogConfig: Setting CVar [[r.setres:1280x720]]
[2023.05.17-13.01.58:662][  0]LogConfig: Setting CVar [[r.VSync:0]]
[2023.05.17-13.01.58:662][  0]LogConfig: Setting CVar [[r.RHICmdBypass:0]]
[2023.05.17-13.01.58:662][  0]LogConfig: Applying CVar settings from Section [/Script/Engine.RendererSettings] File [D:/_AlbanMOTTE/Ps4/LockedMind/Saved/Config/Windows/Engine.ini]
[2023.05.17-13.01.58:662][  0]LogConfig: Setting CVar [[r.GPUCrashDebugging:0]]
[2023.05.17-13.01.58:662][  0]LogConfig: Applying CVar settings from Section [/Script/Engine.RendererOverrideSettings] File [D:/_AlbanMOTTE/Ps4/LockedMind/Saved/Config/Windows/Engine.ini]
[2023.05.17-13.01.58:662][  0]LogConfig: Applying CVar settings from Section [/Script/Engine.StreamingSettings] File [D:/_AlbanMOTTE/Ps4/LockedMind/Saved/Config/Windows/Engine.ini]
[2023.05.17-13.01.58:662][  0]LogConfig: Setting CVar [[s.MinBulkDataSizeForAsyncLoading:131072]]
[2023.05.17-13.01.58:662][  0]LogConfig: Setting CVar [[s.AsyncLoadingThreadEnabled:0]]
[2023.05.17-13.01.58:662][  0]LogConfig: Setting CVar [[s.EventDrivenLoaderEnabled:1]]
[2023.05.17-13.01.58:662][  0]LogConfig: Setting CVar [[s.WarnIfTimeLimitExceeded:0]]
[2023.05.17-13.01.58:662][  0]LogConfig: Setting CVar [[s.TimeLimitExceededMultiplier:1.5]]
[2023.05.17-13.01.58:662][  0]LogConfig: Setting CVar [[s.TimeLimitExceededMinTime:0.005]]
[2023.05.17-13.01.58:662][  0]LogConfig: Setting CVar [[s.UseBackgroundLevelStreaming:1]]
[2023.05.17-13.01.58:662][  0]LogConfig: Setting CVar [[s.PriorityAsyncLoadingExtraTime:15.0]]
[2023.05.17-13.01.58:662][  0]LogConfig: Setting CVar [[s.LevelStreamingActorsUpdateTimeLimit:5.0]]
[2023.05.17-13.01.58:662][  0]LogConfig: Setting CVar [[s.PriorityLevelStreamingActorsUpdateExtraTime:5.0]]
[2023.05.17-13.01.58:662][  0]LogConfig: Setting CVar [[s.LevelStreamingComponentsRegistrationGranularity:10]]
[2023.05.17-13.01.58:662][  0]LogConfig: Setting CVar [[s.UnregisterComponentsTimeLimit:1.0]]
[2023.05.17-13.01.58:662][  0]LogConfig: Setting CVar [[s.LevelStreamingComponentsUnregistrationGranularity:5]]
[2023.05.17-13.01.58:662][  0]LogConfig: Setting CVar [[s.FlushStreamingOnExit:1]]
[2023.05.17-13.01.58:662][  0]LogConfig: Applying CVar settings from Section [/Script/Engine.GarbageCollectionSettings] File [D:/_AlbanMOTTE/Ps4/LockedMind/Saved/Config/Windows/Engine.ini]
[2023.05.17-13.01.58:662][  0]LogConfig: Setting CVar [[gc.MaxObjectsNotConsideredByGC:1]]
[2023.05.17-13.01.58:662][  0]LogConfig: Setting CVar [[gc.SizeOfPermanentObjectPool:0]]
[2023.05.17-13.01.58:662][  0]LogConfig: Setting CVar [[gc.FlushStreamingOnGC:0]]
[2023.05.17-13.01.58:662][  0]LogConfig: Setting CVar [[gc.NumRetriesBeforeForcingGC:10]]
[2023.05.17-13.01.58:662][  0]LogConfig: Setting CVar [[gc.AllowParallelGC:1]]
[2023.05.17-13.01.58:662][  0]LogConfig: Setting CVar [[gc.TimeBetweenPurgingPendingKillObjects:61.1]]
[2023.05.17-13.01.58:662][  0]LogConfig: Setting CVar [[gc.MaxObjectsInEditor:25165824]]
[2023.05.17-13.01.58:662][  0]LogConfig: Setting CVar [[gc.IncrementalBeginDestroyEnabled:1]]
[2023.05.17-13.01.58:662][  0]LogConfig: Setting CVar [[gc.CreateGCClusters:1]]
[2023.05.17-13.01.58:662][  0]LogConfig: Setting CVar [[gc.MinGCClusterSize:5]]
[2023.05.17-13.01.58:662][  0]LogConfig: Setting CVar [[gc.ActorClusteringEnabled:0]]
[2023.05.17-13.01.58:662][  0]LogConfig: Setting CVar [[gc.BlueprintClusteringEnabled:0]]
[2023.05.17-13.01.58:662][  0]LogConfig: Setting CVar [[gc.UseDisregardForGCOnDedicatedServers:0]]
[2023.05.17-13.01.58:662][  0]LogConfig: Setting CVar [[gc.MultithreadedDestructionEnabled:1]]
[2023.05.17-13.01.58:662][  0]LogConfig: Applying CVar settings from Section [/Script/Engine.NetworkSettings] File [D:/_AlbanMOTTE/Ps4/LockedMind/Saved/Config/Windows/Engine.ini]
[2023.05.17-13.01.58:662][  0]LogConfig: Applying CVar settings from Section [/Script/UnrealEd.CookerSettings] File [D:/_AlbanMOTTE/Ps4/LockedMind/Saved/Config/Windows/Engine.ini]
[2023.05.17-13.01.58:666][  0]LogConfig: Applying CVar settings from Section [ViewDistanceQuality@3] File [D:/_AlbanMOTTE/Ps4/LockedMind/Saved/Config/Windows/Scalability.ini]
[2023.05.17-13.01.58:666][  0]LogConfig: Setting CVar [[r.SkeletalMeshLODBias:0]]
[2023.05.17-13.01.58:666][  0]LogConfig: Setting CVar [[r.ViewDistanceScale:1.0]]
[2023.05.17-13.01.58:666][  0]LogConfig: Applying CVar settings from Section [AntiAliasingQuality@3] File [D:/_AlbanMOTTE/Ps4/LockedMind/Saved/Config/Windows/Scalability.ini]
[2023.05.17-13.01.58:666][  0]LogConfig: Setting CVar [[r.PostProcessAAQuality:4]]
[2023.05.17-13.01.58:666][  0]LogConfig: Applying CVar settings from Section [ShadowQuality@3] File [D:/_AlbanMOTTE/Ps4/LockedMind/Saved/Config/Windows/Scalability.ini]
[2023.05.17-13.01.58:666][  0]LogConfig: Setting CVar [[r.LightFunctionQuality:1]]
[2023.05.17-13.01.58:666][  0]LogConfig: Setting CVar [[r.ShadowQuality:5]]
[2023.05.17-13.01.58:666][  0]LogConfig: Setting CVar [[r.Shadow.CSM.MaxCascades:10]]
[2023.05.17-13.01.58:666][  0]LogConfig: Setting CVar [[r.Shadow.MaxResolution:2048]]
[2023.05.17-13.01.58:666][  0]LogConfig: Setting CVar [[r.Shadow.MaxCSMResolution:2048]]
[2023.05.17-13.01.58:666][  0]LogConfig: Setting CVar [[r.Shadow.RadiusThreshold:0.01]]
[2023.05.17-13.01.58:666][  0]LogConfig: Setting CVar [[r.Shadow.DistanceScale:1.0]]
[2023.05.17-13.01.58:666][  0]LogConfig: Setting CVar [[r.Shadow.CSM.TransitionScale:1.0]]
[2023.05.17-13.01.58:666][  0]LogConfig: Setting CVar [[r.Shadow.PreShadowResolutionFactor:1.0]]
[2023.05.17-13.01.58:666][  0]LogConfig: Setting CVar [[r.DistanceFieldShadowing:1]]
[2023.05.17-13.01.58:666][  0]LogConfig: Setting CVar [[r.DistanceFieldAO:1]]
[2023.05.17-13.01.58:666][  0]LogConfig: Setting CVar [[r.AOQuality:2]]
[2023.05.17-13.01.58:666][  0]LogConfig: Setting CVar [[r.VolumetricFog:1]]
[2023.05.17-13.01.58:666][  0]LogConfig: Setting CVar [[r.VolumetricFog.GridPixelSize:8]]
[2023.05.17-13.01.58:666][  0]LogConfig: Setting CVar [[r.VolumetricFog.GridSizeZ:128]]
[2023.05.17-13.01.58:666][  0]LogConfig: Setting CVar [[r.VolumetricFog.HistoryMissSupersampleCount:4]]
[2023.05.17-13.01.58:666][  0]LogConfig: Setting CVar [[r.LightMaxDrawDistanceScale:1]]
[2023.05.17-13.01.58:666][  0]LogConfig: Setting CVar [[r.CapsuleShadows:1]]
[2023.05.17-13.01.58:666][  0]LogConfig: Applying CVar settings from Section [PostProcessQuality@3] File [D:/_AlbanMOTTE/Ps4/LockedMind/Saved/Config/Windows/Scalability.ini]
[2023.05.17-13.01.58:666][  0]LogConfig: Setting CVar [[r.MotionBlurQuality:4]]
[2023.05.17-13.01.58:666][  0]LogConfig: Setting CVar [[r.AmbientOcclusionMipLevelFactor:0.4]]
[2023.05.17-13.01.58:666][  0]LogConfig: Setting CVar [[r.AmbientOcclusionMaxQuality:100]]
[2023.05.17-13.01.58:666][  0]LogConfig: Setting CVar [[r.AmbientOcclusionLevels:-1]]
[2023.05.17-13.01.58:666][  0]LogConfig: Setting CVar [[r.AmbientOcclusionRadiusScale:1.0]]
[2023.05.17-13.01.58:666][  0]LogConfig: Setting CVar [[r.DepthOfFieldQuality:2]]
[2023.05.17-13.01.58:666][  0]LogConfig: Setting CVar [[r.RenderTargetPoolMin:400]]
[2023.05.17-13.01.58:666][  0]LogConfig: Setting CVar [[r.LensFlareQuality:2]]
[2023.05.17-13.01.58:666][  0]LogConfig: Setting CVar [[r.SceneColorFringeQuality:1]]
[2023.05.17-13.01.58:666][  0]LogConfig: Setting CVar [[r.EyeAdaptationQuality:2]]
[2023.05.17-13.01.58:666][  0]LogConfig: Setting CVar [[r.BloomQuality:5]]
[2023.05.17-13.01.58:666][  0]LogConfig: Setting CVar [[r.FastBlurThreshold:100]]
[2023.05.17-13.01.58:666][  0]LogConfig: Setting CVar [[r.Upscale.Quality:3]]
[2023.05.17-13.01.58:666][  0]LogConfig: Setting CVar [[r.Tonemapper.GrainQuantization:1]]
[2023.05.17-13.01.58:666][  0]LogConfig: Setting CVar [[r.LightShaftQuality:1]]
[2023.05.17-13.01.58:666][  0]LogConfig: Setting CVar [[r.Filter.SizeScale:1]]
[2023.05.17-13.01.58:666][  0]LogConfig: Setting CVar [[r.Tonemapper.Quality:5]]
[2023.05.17-13.01.58:666][  0]LogConfig: Setting CVar [[r.DOF.Gather.AccumulatorQuality:1        ; higher gathering accumulator quality]]
[2023.05.17-13.01.58:666][  0]LogConfig: Setting CVar [[r.DOF.Gather.PostfilterMethod:1          ; Median3x3 postfilering method]]
[2023.05.17-13.01.58:667][  0]LogConfig: Setting CVar [[r.DOF.Gather.EnableBokehSettings:0       ; no bokeh simulation when gathering]]
[2023.05.17-13.01.58:667][  0]LogConfig: Setting CVar [[r.DOF.Gather.RingCount:4                 ; medium number of samples when gathering]]
[2023.05.17-13.01.58:667][  0]LogConfig: Setting CVar [[r.DOF.Scatter.ForegroundCompositing:1    ; additive foreground scattering]]
[2023.05.17-13.01.58:667][  0]LogConfig: Setting CVar [[r.DOF.Scatter.BackgroundCompositing:2    ; additive background scattering]]
[2023.05.17-13.01.58:667][  0]LogConfig: Setting CVar [[r.DOF.Scatter.EnableBokehSettings:1      ; bokeh simulation when scattering]]
[2023.05.17-13.01.58:667][  0]LogConfig: Setting CVar [[r.DOF.Scatter.MaxSpriteRatio:0.1         ; only a maximum of 10% of scattered bokeh]]
[2023.05.17-13.01.58:667][  0]LogConfig: Setting CVar [[r.DOF.Recombine.Quality:1                ; cheap slight out of focus]]
[2023.05.17-13.01.58:667][  0]LogConfig: Setting CVar [[r.DOF.Recombine.EnableBokehSettings:0    ; no bokeh simulation on slight out of focus]]
[2023.05.17-13.01.58:667][  0]LogConfig: Setting CVar [[r.DOF.TemporalAAQuality:1                ; more stable temporal accumulation]]
[2023.05.17-13.01.58:667][  0]LogConfig: Setting CVar [[r.DOF.Kernel.MaxForegroundRadius:0.025]]
[2023.05.17-13.01.58:667][  0]LogConfig: Setting CVar [[r.DOF.Kernel.MaxBackgroundRadius:0.025]]
[2023.05.17-13.01.58:667][  0]LogConfig: Applying CVar settings from Section [TextureQuality@3] File [D:/_AlbanMOTTE/Ps4/LockedMind/Saved/Config/Windows/Scalability.ini]
[2023.05.17-13.01.58:667][  0]LogConfig: Setting CVar [[r.Streaming.MipBias:0]]
[2023.05.17-13.01.58:667][  0]LogConfig: Setting CVar [[r.Streaming.AmortizeCPUToGPUCopy:0]]
[2023.05.17-13.01.58:667][  0]LogConfig: Setting CVar [[r.Streaming.MaxNumTexturesToStreamPerFrame:0]]
[2023.05.17-13.01.58:667][  0]LogConfig: Setting CVar [[r.Streaming.Boost:1]]
[2023.05.17-13.01.58:667][  0]LogConfig: Setting CVar [[r.MaxAnisotropy:8]]
[2023.05.17-13.01.58:667][  0]LogConfig: Setting CVar [[r.VT.MaxAnisotropy:8]]
[2023.05.17-13.01.58:667][  0]LogConfig: Setting CVar [[r.Streaming.LimitPoolSizeToVRAM:0]]
[2023.05.17-13.01.58:667][  0]LogConfig: Setting CVar [[r.Streaming.PoolSize:1000]]
[2023.05.17-13.01.58:667][  0]LogConfig: Setting CVar [[r.Streaming.MaxEffectiveScreenSize:0]]
[2023.05.17-13.01.58:667][  0]LogConfig: Applying CVar settings from Section [EffectsQuality@3] File [D:/_AlbanMOTTE/Ps4/LockedMind/Saved/Config/Windows/Scalability.ini]
[2023.05.17-13.01.58:667][  0]LogConfig: Setting CVar [[r.TranslucencyLightingVolumeDim:64]]
[2023.05.17-13.01.58:667][  0]LogConfig: Setting CVar [[r.RefractionQuality:2]]
[2023.05.17-13.01.58:667][  0]LogConfig: Setting CVar [[r.SSR.Quality:3]]
[2023.05.17-13.01.58:667][  0]LogConfig: Setting CVar [[r.SSR.HalfResSceneColor:0]]
[2023.05.17-13.01.58:667][  0]LogConfig: Setting CVar [[r.SceneColorFormat:4]]
[2023.05.17-13.01.58:667][  0]LogConfig: Setting CVar [[r.DetailMode:2]]
[2023.05.17-13.01.58:667][  0]LogConfig: Setting CVar [[r.TranslucencyVolumeBlur:1]]
[2023.05.17-13.01.58:667][  0]LogConfig: Setting CVar [[r.MaterialQualityLevel:1 ; High quality]]
[2023.05.17-13.01.58:667][  0]LogConfig: Setting CVar [[r.AnisotropicMaterials:1]]
[2023.05.17-13.01.58:667][  0]LogConfig: Setting CVar [[r.SSS.Scale:1]]
[2023.05.17-13.01.58:667][  0]LogConfig: Setting CVar [[r.SSS.SampleSet:2]]
[2023.05.17-13.01.58:667][  0]LogConfig: Setting CVar [[r.SSS.Quality:1]]
[2023.05.17-13.01.58:667][  0]LogConfig: Setting CVar [[r.SSS.HalfRes:0]]
[2023.05.17-13.01.58:667][  0]LogConfig: Setting CVar [[r.SSGI.Quality:3]]
[2023.05.17-13.01.58:667][  0]LogConfig: Setting CVar [[r.EmitterSpawnRateScale:1.0]]
[2023.05.17-13.01.58:667][  0]LogConfig: Setting CVar [[r.ParticleLightQuality:2]]
[2023.05.17-13.01.58:667][  0]LogConfig: Setting CVar [[r.SkyAtmosphere.AerialPerspectiveLUT.FastApplyOnOpaque:1 ; Always have FastSkyLUT 1 in this case to avoid wrong sky]]
[2023.05.17-13.01.58:667][  0]LogConfig: Setting CVar [[r.SkyAtmosphere.AerialPerspectiveLUT.SampleCountMaxPerSlice:4]]
[2023.05.17-13.01.58:667][  0]LogConfig: Setting CVar [[r.SkyAtmosphere.AerialPerspectiveLUT.DepthResolution:16.0]]
[2023.05.17-13.01.58:667][  0]LogConfig: Setting CVar [[r.SkyAtmosphere.FastSkyLUT:1]]
[2023.05.17-13.01.58:667][  0]LogConfig: Setting CVar [[r.SkyAtmosphere.FastSkyLUT.SampleCountMin:4.0]]
[2023.05.17-13.01.58:667][  0]LogConfig: Setting CVar [[r.SkyAtmosphere.FastSkyLUT.SampleCountMax:128.0]]
[2023.05.17-13.01.58:667][  0]LogConfig: Setting CVar [[r.SkyAtmosphere.SampleCountMin:4.0]]
[2023.05.17-13.01.58:667][  0]LogConfig: Setting CVar [[r.SkyAtmosphere.SampleCountMax:128.0]]
[2023.05.17-13.01.58:667][  0]LogConfig: Setting CVar [[r.SkyAtmosphere.TransmittanceLUT.UseSmallFormat:0]]
[2023.05.17-13.01.58:667][  0]LogConfig: Setting CVar [[r.SkyAtmosphere.TransmittanceLUT.SampleCount:10.0]]
[2023.05.17-13.01.58:667][  0]LogConfig: Setting CVar [[r.SkyAtmosphere.MultiScatteringLUT.SampleCount:15.0]]
[2023.05.17-13.01.58:667][  0]LogConfig: Setting CVar [[r.SkyLight.RealTimeReflectionCapture:1]]
[2023.05.17-13.01.58:667][  0]LogConfig: Applying CVar settings from Section [FoliageQuality@3] File [D:/_AlbanMOTTE/Ps4/LockedMind/Saved/Config/Windows/Scalability.ini]
[2023.05.17-13.01.58:667][  0]LogConfig: Setting CVar [[foliage.DensityScale:1.0]]
[2023.05.17-13.01.58:667][  0]LogConfig: Setting CVar [[grass.DensityScale:1.0]]
[2023.05.17-13.01.58:667][  0]LogConfig: Applying CVar settings from Section [ShadingQuality@3] File [D:/_AlbanMOTTE/Ps4/LockedMind/Saved/Config/Windows/Scalability.ini]
[2023.05.17-13.01.58:667][  0]LogConfig: Setting CVar [[r.HairStrands.SkyLighting.IntegrationType:2]]
[2023.05.17-13.01.58:667][  0]LogConfig: Setting CVar [[r.HairStrands.SkyAO.SampleCount:4]]
[2023.05.17-13.01.58:667][  0]LogConfig: Setting CVar [[r.HairStrands.Visibility.MSAA.SamplePerPixel:4]]
[2023.05.17-13.01.58:667][  0]LogInit: Selected Device Profile: [Windows]
[2023.05.17-13.01.58:667][  0]LogInit: Applying CVar settings loaded from the selected device profile: [Windows]
[2023.05.17-13.01.58:667][  0]LogHAL: Display: Platform has ~ 16 GB [16945225728 / 17179869184 / 16], which maps to Larger [LargestMinGB=32, LargerMinGB=12, DefaultMinGB=8, SmallerMinGB=6, SmallestMinGB=0)
[2023.05.17-13.01.58:667][  0]LogInit: Going up to parent DeviceProfile []
[2023.05.17-13.01.58:667][  0]LogConfig: Applying CVar settings from Section [ViewDistanceQuality@3] File [D:/_AlbanMOTTE/Ps4/LockedMind/Saved/Config/Windows/Scalability.ini]
[2023.05.17-13.01.58:667][  0]LogConfig: Setting CVar [[r.SkeletalMeshLODBias:0]]
[2023.05.17-13.01.58:667][  0]LogConfig: Setting CVar [[r.ViewDistanceScale:1.0]]
[2023.05.17-13.01.58:667][  0]LogConfig: Applying CVar settings from Section [AntiAliasingQuality@3] File [D:/_AlbanMOTTE/Ps4/LockedMind/Saved/Config/Windows/Scalability.ini]
[2023.05.17-13.01.58:667][  0]LogConfig: Setting CVar [[r.PostProcessAAQuality:4]]
[2023.05.17-13.01.58:667][  0]LogConfig: Applying CVar settings from Section [ShadowQuality@3] File [D:/_AlbanMOTTE/Ps4/LockedMind/Saved/Config/Windows/Scalability.ini]
[2023.05.17-13.01.58:667][  0]LogConfig: Setting CVar [[r.LightFunctionQuality:1]]
[2023.05.17-13.01.58:667][  0]LogConfig: Setting CVar [[r.ShadowQuality:5]]
[2023.05.17-13.01.58:667][  0]LogConfig: Setting CVar [[r.Shadow.CSM.MaxCascades:10]]
[2023.05.17-13.01.58:667][  0]LogConfig: Setting CVar [[r.Shadow.MaxResolution:2048]]
[2023.05.17-13.01.58:667][  0]LogConfig: Setting CVar [[r.Shadow.MaxCSMResolution:2048]]
[2023.05.17-13.01.58:667][  0]LogConfig: Setting CVar [[r.Shadow.RadiusThreshold:0.01]]
[2023.05.17-13.01.58:667][  0]LogConfig: Setting CVar [[r.Shadow.DistanceScale:1.0]]
[2023.05.17-13.01.58:667][  0]LogConfig: Setting CVar [[r.Shadow.CSM.TransitionScale:1.0]]
[2023.05.17-13.01.58:667][  0]LogConfig: Setting CVar [[r.Shadow.PreShadowResolutionFactor:1.0]]
[2023.05.17-13.01.58:667][  0]LogConfig: Setting CVar [[r.DistanceFieldShadowing:1]]
[2023.05.17-13.01.58:667][  0]LogConfig: Setting CVar [[r.DistanceFieldAO:1]]
[2023.05.17-13.01.58:667][  0]LogConfig: Setting CVar [[r.AOQuality:2]]
[2023.05.17-13.01.58:667][  0]LogConfig: Setting CVar [[r.VolumetricFog:1]]
[2023.05.17-13.01.58:667][  0]LogConfig: Setting CVar [[r.VolumetricFog.GridPixelSize:8]]
[2023.05.17-13.01.58:667][  0]LogConfig: Setting CVar [[r.VolumetricFog.GridSizeZ:128]]
[2023.05.17-13.01.58:667][  0]LogConfig: Setting CVar [[r.VolumetricFog.HistoryMissSupersampleCount:4]]
[2023.05.17-13.01.58:667][  0]LogConfig: Setting CVar [[r.LightMaxDrawDistanceScale:1]]
[2023.05.17-13.01.58:667][  0]LogConfig: Setting CVar [[r.CapsuleShadows:1]]
[2023.05.17-13.01.58:667][  0]LogConfig: Applying CVar settings from Section [PostProcessQuality@3] File [D:/_AlbanMOTTE/Ps4/LockedMind/Saved/Config/Windows/Scalability.ini]
[2023.05.17-13.01.58:667][  0]LogConfig: Setting CVar [[r.MotionBlurQuality:4]]
[2023.05.17-13.01.58:667][  0]LogConfig: Setting CVar [[r.AmbientOcclusionMipLevelFactor:0.4]]
[2023.05.17-13.01.58:667][  0]LogConfig: Setting CVar [[r.AmbientOcclusionMaxQuality:100]]
[2023.05.17-13.01.58:667][  0]LogConfig: Setting CVar [[r.AmbientOcclusionLevels:-1]]
[2023.05.17-13.01.58:667][  0]LogConfig: Setting CVar [[r.AmbientOcclusionRadiusScale:1.0]]
[2023.05.17-13.01.58:667][  0]LogConfig: Setting CVar [[r.DepthOfFieldQuality:2]]
[2023.05.17-13.01.58:667][  0]LogConfig: Setting CVar [[r.RenderTargetPoolMin:400]]
[2023.05.17-13.01.58:667][  0]LogConfig: Setting CVar [[r.LensFlareQuality:2]]
[2023.05.17-13.01.58:667][  0]LogConfig: Setting CVar [[r.SceneColorFringeQuality:1]]
[2023.05.17-13.01.58:667][  0]LogConfig: Setting CVar [[r.EyeAdaptationQuality:2]]
[2023.05.17-13.01.58:667][  0]LogConfig: Setting CVar [[r.BloomQuality:5]]
[2023.05.17-13.01.58:667][  0]LogConfig: Setting CVar [[r.FastBlurThreshold:100]]
[2023.05.17-13.01.58:667][  0]LogConfig: Setting CVar [[r.Upscale.Quality:3]]
[2023.05.17-13.01.58:667][  0]LogConfig: Setting CVar [[r.Tonemapper.GrainQuantization:1]]
[2023.05.17-13.01.58:667][  0]LogConfig: Setting CVar [[r.LightShaftQuality:1]]
[2023.05.17-13.01.58:667][  0]LogConfig: Setting CVar [[r.Filter.SizeScale:1]]
[2023.05.17-13.01.58:667][  0]LogConfig: Setting CVar [[r.Tonemapper.Quality:5]]
[2023.05.17-13.01.58:667][  0]LogConfig: Setting CVar [[r.DOF.Gather.AccumulatorQuality:1        ; higher gathering accumulator quality]]
[2023.05.17-13.01.58:667][  0]LogConfig: Setting CVar [[r.DOF.Gather.PostfilterMethod:1          ; Median3x3 postfilering method]]
[2023.05.17-13.01.58:667][  0]LogConfig: Setting CVar [[r.DOF.Gather.EnableBokehSettings:0       ; no bokeh simulation when gathering]]
[2023.05.17-13.01.58:667][  0]LogConfig: Setting CVar [[r.DOF.Gather.RingCount:4                 ; medium number of samples when gathering]]
[2023.05.17-13.01.58:667][  0]LogConfig: Setting CVar [[r.DOF.Scatter.ForegroundCompositing:1    ; additive foreground scattering]]
[2023.05.17-13.01.58:667][  0]LogConfig: Setting CVar [[r.DOF.Scatter.BackgroundCompositing:2    ; additive background scattering]]
[2023.05.17-13.01.58:667][  0]LogConfig: Setting CVar [[r.DOF.Scatter.EnableBokehSettings:1      ; bokeh simulation when scattering]]
[2023.05.17-13.01.58:667][  0]LogConfig: Setting CVar [[r.DOF.Scatter.MaxSpriteRatio:0.1         ; only a maximum of 10% of scattered bokeh]]
[2023.05.17-13.01.58:667][  0]LogConfig: Setting CVar [[r.DOF.Recombine.Quality:1                ; cheap slight out of focus]]
[2023.05.17-13.01.58:667][  0]LogConfig: Setting CVar [[r.DOF.Recombine.EnableBokehSettings:0    ; no bokeh simulation on slight out of focus]]
[2023.05.17-13.01.58:667][  0]LogConfig: Setting CVar [[r.DOF.TemporalAAQuality:1                ; more stable temporal accumulation]]
[2023.05.17-13.01.58:667][  0]LogConfig: Setting CVar [[r.DOF.Kernel.MaxForegroundRadius:0.025]]
[2023.05.17-13.01.58:667][  0]LogConfig: Setting CVar [[r.DOF.Kernel.MaxBackgroundRadius:0.025]]
[2023.05.17-13.01.58:667][  0]LogConfig: Applying CVar settings from Section [TextureQuality@3] File [D:/_AlbanMOTTE/Ps4/LockedMind/Saved/Config/Windows/Scalability.ini]
[2023.05.17-13.01.58:667][  0]LogConfig: Setting CVar [[r.Streaming.MipBias:0]]
[2023.05.17-13.01.58:667][  0]LogConfig: Setting CVar [[r.Streaming.AmortizeCPUToGPUCopy:0]]
[2023.05.17-13.01.58:667][  0]LogConfig: Setting CVar [[r.Streaming.MaxNumTexturesToStreamPerFrame:0]]
[2023.05.17-13.01.58:667][  0]LogConfig: Setting CVar [[r.Streaming.Boost:1]]
[2023.05.17-13.01.58:667][  0]LogConfig: Setting CVar [[r.MaxAnisotropy:8]]
[2023.05.17-13.01.58:667][  0]LogConfig: Setting CVar [[r.VT.MaxAnisotropy:8]]
[2023.05.17-13.01.58:667][  0]LogConfig: Setting CVar [[r.Streaming.LimitPoolSizeToVRAM:0]]
[2023.05.17-13.01.58:667][  0]LogConfig: Setting CVar [[r.Streaming.PoolSize:1000]]
[2023.05.17-13.01.58:667][  0]LogConfig: Setting CVar [[r.Streaming.MaxEffectiveScreenSize:0]]
[2023.05.17-13.01.58:667][  0]LogConfig: Applying CVar settings from Section [EffectsQuality@3] File [D:/_AlbanMOTTE/Ps4/LockedMind/Saved/Config/Windows/Scalability.ini]
[2023.05.17-13.01.58:667][  0]LogConfig: Setting CVar [[r.TranslucencyLightingVolumeDim:64]]
[2023.05.17-13.01.58:667][  0]LogConfig: Setting CVar [[r.RefractionQuality:2]]
[2023.05.17-13.01.58:667][  0]LogConfig: Setting CVar [[r.SSR.Quality:3]]
[2023.05.17-13.01.58:667][  0]LogConfig: Setting CVar [[r.SSR.HalfResSceneColor:0]]
[2023.05.17-13.01.58:667][  0]LogConfig: Setting CVar [[r.SceneColorFormat:4]]
[2023.05.17-13.01.58:667][  0]LogConfig: Setting CVar [[r.DetailMode:2]]
[2023.05.17-13.01.58:667][  0]LogConfig: Setting CVar [[r.TranslucencyVolumeBlur:1]]
[2023.05.17-13.01.58:667][  0]LogConfig: Setting CVar [[r.MaterialQualityLevel:1 ; High quality]]
[2023.05.17-13.01.58:667][  0]LogConfig: Setting CVar [[r.AnisotropicMaterials:1]]
[2023.05.17-13.01.58:667][  0]LogConfig: Setting CVar [[r.SSS.Scale:1]]
[2023.05.17-13.01.58:667][  0]LogConfig: Setting CVar [[r.SSS.SampleSet:2]]
[2023.05.17-13.01.58:668][  0]LogConfig: Setting CVar [[r.SSS.Quality:1]]
[2023.05.17-13.01.58:668][  0]LogConfig: Setting CVar [[r.SSS.HalfRes:0]]
[2023.05.17-13.01.58:668][  0]LogConfig: Setting CVar [[r.SSGI.Quality:3]]
[2023.05.17-13.01.58:668][  0]LogConfig: Setting CVar [[r.EmitterSpawnRateScale:1.0]]
[2023.05.17-13.01.58:668][  0]LogConfig: Setting CVar [[r.ParticleLightQuality:2]]
[2023.05.17-13.01.58:668][  0]LogConfig: Setting CVar [[r.SkyAtmosphere.AerialPerspectiveLUT.FastApplyOnOpaque:1 ; Always have FastSkyLUT 1 in this case to avoid wrong sky]]
[2023.05.17-13.01.58:668][  0]LogConfig: Setting CVar [[r.SkyAtmosphere.AerialPerspectiveLUT.SampleCountMaxPerSlice:4]]
[2023.05.17-13.01.58:668][  0]LogConfig: Setting CVar [[r.SkyAtmosphere.AerialPerspectiveLUT.DepthResolution:16.0]]
[2023.05.17-13.01.58:668][  0]LogConfig: Setting CVar [[r.SkyAtmosphere.FastSkyLUT:1]]
[2023.05.17-13.01.58:668][  0]LogConfig: Setting CVar [[r.SkyAtmosphere.FastSkyLUT.SampleCountMin:4.0]]
[2023.05.17-13.01.58:668][  0]LogConfig: Setting CVar [[r.SkyAtmosphere.FastSkyLUT.SampleCountMax:128.0]]
[2023.05.17-13.01.58:668][  0]LogConfig: Setting CVar [[r.SkyAtmosphere.SampleCountMin:4.0]]
[2023.05.17-13.01.58:668][  0]LogConfig: Setting CVar [[r.SkyAtmosphere.SampleCountMax:128.0]]
[2023.05.17-13.01.58:668][  0]LogConfig: Setting CVar [[r.SkyAtmosphere.TransmittanceLUT.UseSmallFormat:0]]
[2023.05.17-13.01.58:668][  0]LogConfig: Setting CVar [[r.SkyAtmosphere.TransmittanceLUT.SampleCount:10.0]]
[2023.05.17-13.01.58:668][  0]LogConfig: Setting CVar [[r.SkyAtmosphere.MultiScatteringLUT.SampleCount:15.0]]
[2023.05.17-13.01.58:668][  0]LogConfig: Setting CVar [[r.SkyLight.RealTimeReflectionCapture:1]]
[2023.05.17-13.01.58:668][  0]LogConfig: Applying CVar settings from Section [FoliageQuality@3] File [D:/_AlbanMOTTE/Ps4/LockedMind/Saved/Config/Windows/Scalability.ini]
[2023.05.17-13.01.58:668][  0]LogConfig: Setting CVar [[foliage.DensityScale:1.0]]
[2023.05.17-13.01.58:668][  0]LogConfig: Setting CVar [[grass.DensityScale:1.0]]
[2023.05.17-13.01.58:668][  0]LogConfig: Applying CVar settings from Section [ShadingQuality@3] File [D:/_AlbanMOTTE/Ps4/LockedMind/Saved/Config/Windows/Scalability.ini]
[2023.05.17-13.01.58:668][  0]LogConfig: Setting CVar [[r.HairStrands.SkyLighting.IntegrationType:2]]
[2023.05.17-13.01.58:668][  0]LogConfig: Setting CVar [[r.HairStrands.SkyAO.SampleCount:4]]
[2023.05.17-13.01.58:668][  0]LogConfig: Setting CVar [[r.HairStrands.Visibility.MSAA.SamplePerPixel:4]]
[2023.05.17-13.01.58:668][  0]LogConfig: Applying CVar settings from Section [Startup] File [../../../Engine/Config/ConsoleVariables.ini]
[2023.05.17-13.01.58:668][  0]LogConfig: Setting CVar [[net.UseAdaptiveNetUpdateFrequency:0]]
[2023.05.17-13.01.58:668][  0]LogConfig: Setting CVar [[p.chaos.AllowCreatePhysxBodies:1]]
[2023.05.17-13.01.58:668][  0]LogConfig: Setting CVar [[fx.SkipVectorVMBackendOptimizations:1]]
[2023.05.17-13.01.58:668][  0]LogConfig: Applying CVar settings from Section [ConsoleVariables] File [D:/_AlbanMOTTE/Ps4/LockedMind/Saved/Config/Windows/Engine.ini]
[2023.05.17-13.01.58:668][  0]LogConfig: Applying CVar settings from Section [ConsoleVariables] File [D:/_AlbanMOTTE/Ps4/LockedMind/Saved/Config/Windows/Editor.ini]
[2023.05.17-13.01.58:668][  0]LogInit: Computer: RNSS20607
[2023.05.17-13.01.58:668][  0]LogInit: User: amotte
[2023.05.17-13.01.58:668][  0]LogInit: CPU Page size=4096, Cores=8
[2023.05.17-13.01.58:668][  0]LogInit: High frequency timer resolution =10.000000 MHz
[2023.05.17-13.01.58:668][  0]LogMemory: Memory total: Physical=15.8GB (16GB approx)
[2023.05.17-13.01.58:668][  0]LogMemory: Platform Memory Stats for Windows
[2023.05.17-13.01.58:668][  0]LogMemory: Process Physical Memory: 155.12 MB used, 155.12 MB peak
[2023.05.17-13.01.58:668][  0]LogMemory: Process Virtual Memory: 133.59 MB used, 133.59 MB peak
[2023.05.17-13.01.58:668][  0]LogMemory: Physical Memory: 6562.90 MB used,  9597.32 MB free, 16160.23 MB total
[2023.05.17-13.01.58:668][  0]LogMemory: Virtual Memory: 134208704.00 MB used,  9023.06 MB free, 134217728.00 MB total
[2023.05.17-13.01.58:671][  0]LogWindows: WindowsPlatformFeatures enabled
[2023.05.17-13.01.58:683][  0]LogInit: Physics initialised using underlying interface: PhysX
[2023.05.17-13.01.58:683][  0]LogInit: Using OS detected language (fr-FR).
[2023.05.17-13.01.58:683][  0]LogInit: Using OS detected locale (fr-FR).
[2023.05.17-13.01.58:684][  0]LogTextLocalizationManager: No specific localization for 'fr-FR' exists, so the 'fr' localization will be used.
[2023.05.17-13.01.58:684][  0]LogTextLocalizationResource: LocRes '../../../Engine/Content/Localization/Editor/fr/Editor.locres' could not be opened for reading!
[2023.05.17-13.01.58:684][  0]LogTextLocalizationResource: LocRes '../../../Engine/Content/Localization/EditorTutorials/fr/EditorTutorials.locres' could not be opened for reading!
[2023.05.17-13.01.58:684][  0]LogTextLocalizationResource: LocRes '../../../Engine/Content/Localization/Keywords/fr/Keywords.locres' could not be opened for reading!
[2023.05.17-13.01.58:684][  0]LogTextLocalizationResource: LocRes '../../../Engine/Content/Localization/Category/fr/Category.locres' could not be opened for reading!
[2023.05.17-13.01.58:684][  0]LogTextLocalizationResource: LocRes '../../../Engine/Content/Localization/ToolTips/fr/ToolTips.locres' could not be opened for reading!
[2023.05.17-13.01.58:684][  0]LogTextLocalizationResource: LocRes '../../../Engine/Content/Localization/PropertyNames/fr/PropertyNames.locres' could not be opened for reading!
[2023.05.17-13.01.58:684][  0]LogTextLocalizationResource: LocRes '../../../Engine/Content/Localization/Engine/fr/Engine.locres' could not be opened for reading!
[2023.05.17-13.01.58:685][  0]LogInit: Setting process to per monitor DPI aware
[2023.05.17-13.01.58:694][  0]LogWindowsTextInputMethodSystem: Display: IME system deactivated.
[2023.05.17-13.01.58:705][  0]LogSlate: New Slate User Created.  User Index 0, Is Virtual User: 0
[2023.05.17-13.01.58:705][  0]LogSlate: Slate User Registered.  User Index 0, Is Virtual User: 0
[2023.05.17-13.01.58:776][  0]LogD3D11RHI: Loaded GFSDK_Aftermath_Lib.x64.dll
[2023.05.17-13.01.58:780][  0]LogHMD: Failed to initialize OpenVR with code 110
[2023.05.17-13.01.58:780][  0]LogD3D11RHI: D3D11 min allowed feature level: 11_0
[2023.05.17-13.01.58:780][  0]LogD3D11RHI: D3D11 max allowed feature level: 11_0
[2023.05.17-13.01.58:780][  0]LogD3D11RHI: D3D11 adapters:
[2023.05.17-13.01.58:860][  0]LogD3D11RHI:    0. 'NVIDIA GeForce RTX 3070' (Feature Level 11_0)
[2023.05.17-13.01.58:860][  0]LogD3D11RHI:       8043/0/8080 MB DedicatedVideo/DedicatedSystem/SharedSystem, Outputs:1, VendorId:0x10de
[2023.05.17-13.01.58:904][  0]LogD3D11RHI:    1. 'Intel(R) UHD Graphics 750' (Feature Level 11_0)
[2023.05.17-13.01.58:904][  0]LogD3D11RHI:       128/0/8080 MB DedicatedVideo/DedicatedSystem/SharedSystem, Outputs:0, VendorId:0x8086
[2023.05.17-13.01.58:906][  0]LogD3D11RHI:    2. 'Microsoft Basic Render Driver' (Feature Level 11_0)
[2023.05.17-13.01.58:906][  0]LogD3D11RHI:       0/0/8080 MB DedicatedVideo/DedicatedSystem/SharedSystem, Outputs:0, VendorId:0x1414
[2023.05.17-13.01.58:906][  0]LogD3D11RHI: Chosen D3D11 Adapter:
[2023.05.17-13.01.58:906][  0]LogD3D11RHI:     Description : NVIDIA GeForce RTX 3070
[2023.05.17-13.01.58:906][  0]LogD3D11RHI:     VendorId    : 10de
[2023.05.17-13.01.58:906][  0]LogD3D11RHI:     DeviceId    : 2484
[2023.05.17-13.01.58:906][  0]LogD3D11RHI:     SubSysId    : 88dc103c
[2023.05.17-13.01.58:906][  0]LogD3D11RHI:     Revision    : 00a1
[2023.05.17-13.01.58:906][  0]LogD3D11RHI:     DedicatedVideoMemory : 8433696768 bytes
[2023.05.17-13.01.58:906][  0]LogD3D11RHI:     DedicatedSystemMemory : 0 bytes
[2023.05.17-13.01.58:906][  0]LogD3D11RHI:     SharedSystemMemory : 8472612864 bytes
[2023.05.17-13.01.58:906][  0]LogD3D11RHI:     AdapterLuid : 0 56538
[2023.05.17-13.01.58:910][  0]LogD3D11RHI: Creating new Direct3DDevice
[2023.05.17-13.01.58:910][  0]LogD3D11RHI:     GPU DeviceId: 0x2484 (for the marketing name, search the web for "GPU Device Id")
[2023.05.17-13.01.58:910][  0]LogWindows: EnumDisplayDevices:
[2023.05.17-13.01.58:910][  0]LogWindows:    0. 'NVIDIA GeForce RTX 3070' (P:1 D:1)
[2023.05.17-13.01.58:910][  0]LogWindows:    1. 'NVIDIA GeForce RTX 3070' (P:0 D:0)
[2023.05.17-13.01.58:910][  0]LogWindows:    2. 'NVIDIA GeForce RTX 3070' (P:0 D:0)
[2023.05.17-13.01.58:911][  0]LogWindows:    3. 'NVIDIA GeForce RTX 3070' (P:0 D:0)
[2023.05.17-13.01.58:911][  0]LogWindows:    4. 'Intel(R) UHD Graphics 750' (P:0 D:0)
[2023.05.17-13.01.58:911][  0]LogWindows:    5. 'Intel(R) UHD Graphics 750' (P:0 D:0)
[2023.05.17-13.01.58:911][  0]LogWindows:    6. 'Intel(R) UHD Graphics 750' (P:0 D:0)
[2023.05.17-13.01.58:911][  0]LogWindows: DebugString: PrimaryIsNotTheChoosenAdapter PrimaryIsNotTheChoosenAdapter PrimaryIsNotTheChoosenAdapter FoundDriverCount:4 
[2023.05.17-13.01.58:911][  0]LogD3D11RHI:     Adapter Name: NVIDIA GeForce RTX 3070
[2023.05.17-13.01.58:911][  0]LogD3D11RHI:   Driver Version: 472.91 (internal:30.0.14.7291, unified:472.91)
[2023.05.17-13.01.58:911][  0]LogD3D11RHI:      Driver Date: 12-13-2021
[2023.05.17-13.01.58:911][  0]LogRHI: Texture pool is 5630 MB (70% of 8043 MB)
[2023.05.17-13.01.58:911][  0]LogD3D11RHI: Creating D3DDevice using adapter:
[2023.05.17-13.01.58:911][  0]LogD3D11RHI:     Description : NVIDIA GeForce RTX 3070
[2023.05.17-13.01.58:911][  0]LogD3D11RHI:     VendorId    : 10de
[2023.05.17-13.01.58:911][  0]LogD3D11RHI:     DeviceId    : 2484
[2023.05.17-13.01.58:911][  0]LogD3D11RHI:     SubSysId    : 88dc103c
[2023.05.17-13.01.58:911][  0]LogD3D11RHI:     Revision    : 00a1
[2023.05.17-13.01.58:911][  0]LogD3D11RHI:     DedicatedVideoMemory : 8433696768 bytes
[2023.05.17-13.01.58:911][  0]LogD3D11RHI:     DedicatedSystemMemory : 0 bytes
[2023.05.17-13.01.58:911][  0]LogD3D11RHI:     SharedSystemMemory : 8472612864 bytes
[2023.05.17-13.01.58:911][  0]LogD3D11RHI:     AdapterLuid : 0 56538
[2023.05.17-13.01.58:964][  0]LogD3D11RHI: RHI has support for 64 bit atomics
[2023.05.17-13.01.58:964][  0]LogD3D11RHI: Async texture creation enabled
[2023.05.17-13.01.58:964][  0]LogD3D11RHI: Array index from any shader is supported
[2023.05.17-13.01.58:965][  0]LogD3D11RHI: HDR output is supported on display 0 (NvId: 0x80061083).
[2023.05.17-13.01.58:978][  0]LogD3D11RHI: GPU Timing Frequency: 1000.000000 (Debug: 2 1)
[2023.05.17-13.01.58:992][  0]LogRHI: GeForceNow SDK initialized: 1
[2023.05.17-13.01.59:175][  0]LogTargetPlatformManager: Display: Loaded TargetPlatform 'AllDesktop'
[2023.05.17-13.01.59:188][  0]LogTargetPlatformManager: Display: Loaded TargetPlatform 'Android'
[2023.05.17-13.01.59:188][  0]LogTargetPlatformManager: Display: Loaded TargetPlatform 'Android_ASTC'
[2023.05.17-13.01.59:188][  0]LogTargetPlatformManager: Display: Loaded TargetPlatform 'Android_DXT'
[2023.05.17-13.01.59:188][  0]LogTargetPlatformManager: Display: Loaded TargetPlatform 'Android_ETC2'
[2023.05.17-13.01.59:188][  0]LogTargetPlatformManager: Display: Loaded TargetPlatform 'AndroidClient'
[2023.05.17-13.01.59:188][  0]LogTargetPlatformManager: Display: Loaded TargetPlatform 'Android_ASTCClient'
[2023.05.17-13.01.59:188][  0]LogTargetPlatformManager: Display: Loaded TargetPlatform 'Android_DXTClient'
[2023.05.17-13.01.59:188][  0]LogTargetPlatformManager: Display: Loaded TargetPlatform 'Android_ETC2Client'
[2023.05.17-13.01.59:188][  0]LogTargetPlatformManager: Display: Loaded TargetPlatform 'Android_Multi'
[2023.05.17-13.01.59:188][  0]LogTargetPlatformManager: Display: Loaded TargetPlatform 'Android_MultiClient'
[2023.05.17-13.01.59:199][  0]LogTargetPlatformManager: Display: Loaded TargetPlatform 'IOSClient'
[2023.05.17-13.01.59:199][  0]LogTargetPlatformManager: Display: Loaded TargetPlatform 'IOS'
[2023.05.17-13.01.59:205][  0]LogTargetPlatformManager: Display: Loaded TargetPlatform 'Linux'
[2023.05.17-13.01.59:207][  0]LogTargetPlatformManager: Display: Loaded TargetPlatform 'LinuxNoEditor'
[2023.05.17-13.01.59:210][  0]LogTargetPlatformManager: Display: Loaded TargetPlatform 'LinuxClient'
[2023.05.17-13.01.59:212][  0]LogTargetPlatformManager: Display: Loaded TargetPlatform 'LinuxServer'
[2023.05.17-13.01.59:217][  0]LogTargetPlatformManager: Display: Loaded TargetPlatform 'LinuxAArch64NoEditor'
[2023.05.17-13.01.59:220][  0]LogTargetPlatformManager: Display: Loaded TargetPlatform 'LinuxAArch64Client'
[2023.05.17-13.01.59:223][  0]LogTargetPlatformManager: Display: Loaded TargetPlatform 'LinuxAArch64Server'
[2023.05.17-13.01.59:236][  0]LogTargetPlatformManager: Display: Loaded TargetPlatform 'Lumin'
[2023.05.17-13.01.59:236][  0]LogTargetPlatformManager: Display: Loaded TargetPlatform 'LuminClient'
[2023.05.17-13.01.59:241][  0]LogTargetPlatformManager: Display: Loaded TargetPlatform 'MacNoEditor'
[2023.05.17-13.01.59:244][  0]LogTargetPlatformManager: Display: Loaded TargetPlatform 'Mac'
[2023.05.17-13.01.59:246][  0]LogTargetPlatformManager: Display: Loaded TargetPlatform 'MacClient'
[2023.05.17-13.01.59:249][  0]LogTargetPlatformManager: Display: Loaded TargetPlatform 'MacServer'
[2023.05.17-13.01.59:255][  0]LogTargetPlatformManager: Display: Loaded TargetPlatform 'TVOSClient'
[2023.05.17-13.01.59:255][  0]LogTargetPlatformManager: Display: Loaded TargetPlatform 'TVOS'
[2023.05.17-13.01.59:260][  0]LogTargetPlatformManager: Display: Loaded TargetPlatform 'WindowsNoEditor'
[2023.05.17-13.01.59:263][  0]LogTargetPlatformManager: Display: Loaded TargetPlatform 'Windows'
[2023.05.17-13.01.59:265][  0]LogTargetPlatformManager: Display: Loaded TargetPlatform 'WindowsClient'
[2023.05.17-13.01.59:268][  0]LogTargetPlatformManager: Display: Loaded TargetPlatform 'WindowsServer'
[2023.05.17-13.01.59:268][  0]LogTargetPlatformManager: Display: Building Assets For Windows
[2023.05.17-13.01.59:272][  0]LogAudioDebug: Display: Lib vorbis DLL was dynamically loaded.
[2023.05.17-13.01.59:289][  0]LogTextureFormatOodle: Display: Oodle Texture 2.9.0 init RDO Off
[2023.05.17-13.01.59:308][  0]LogRendererCore: Ray tracing is disabled. Reason: r.RayTracing=0.
[2023.05.17-13.01.59:308][  0]LogShaderCompilers: Guid format shader working directory is 9 characters bigger than the processId version (../../../../_AlbanMOTTE/Ps4/LockedMind/Intermediate/Shaders/WorkingDirectory/10916/).
[2023.05.17-13.01.59:308][  0]LogShaderCompilers: Cleaned the shader compiler working directory 'C:/Users/a.motte/AppData/Local/Temp/UnrealShaderWorkingDir/5E988E1D43D71DE0ECAAB4984833C1E1/'.
[2023.05.17-13.01.59:308][  0]LogXGEController: Cannot use XGE Controller as Incredibuild is not installed on this machine.
[2023.05.17-13.01.59:308][  0]LogShaderCompilers: Cannot use XGE Shader Compiler as Incredibuild is not installed on this machine.
[2023.05.17-13.01.59:308][  0]LogShaderCompilers: Display: Using Local Shader Compiler.
[2023.05.17-13.01.59:859][  0]LogDerivedDataCache: Display: Max Cache Size: 512 MB
[2023.05.17-13.01.59:908][  0]LogDerivedDataCache: Loaded boot cache 0.05s 94MB C:/Users/a.motte/AppData/Local/UnrealEngine/4.27/DerivedDataCache/Boot.ddc.
[2023.05.17-13.01.59:908][  0]LogDerivedDataCache: Display: Loaded Boot cache: C:/Users/a.motte/AppData/Local/UnrealEngine/4.27/DerivedDataCache/Boot.ddc
[2023.05.17-13.01.59:908][  0]LogDerivedDataCache: FDerivedDataBackendGraph:  Pak pak cache file ../../../../_AlbanMOTTE/Ps4/LockedMind/DerivedDataCache/DDC.ddp not found, will not use a pak cache.
[2023.05.17-13.01.59:908][  0]LogDerivedDataCache: Unable to find inner node Pak for hierarchical cache Hierarchy.
[2023.05.17-13.01.59:908][  0]LogDerivedDataCache: FDerivedDataBackendGraph:  CompressedPak pak cache file ../../../../_AlbanMOTTE/Ps4/LockedMind/DerivedDataCache/Compressed.ddp not found, will not use a pak cache.
[2023.05.17-13.01.59:908][  0]LogDerivedDataCache: Unable to find inner node CompressedPak for hierarchical cache Hierarchy.
[2023.05.17-13.01.59:922][  0]LogDerivedDataCache: Display: Pak cache opened for reading ../../../Engine/DerivedDataCache/Compressed.ddp.
[2023.05.17-13.01.59:922][  0]LogDerivedDataCache: FDerivedDataBackendGraph:  EnterprisePak pak cache file ../../../Enterprise/DerivedDataCache/Compressed.ddp not found, will not use a pak cache.
[2023.05.17-13.01.59:922][  0]LogDerivedDataCache: Unable to find inner node EnterprisePak for hierarchical cache Hierarchy.
[2023.05.17-13.01.59:940][  0]LogDerivedDataCache: Speed tests for C:/Users/a.motte/AppData/Local/UnrealEngine/Common/DerivedDataCache took 0.02 seconds
[2023.05.17-13.01.59:940][  0]LogDerivedDataCache: Display: Performance to C:/Users/a.motte/AppData/Local/UnrealEngine/Common/DerivedDataCache: Latency=0.00ms. RandomReadSpeed=1972.18MBs, RandomWriteSpeed=51.52MBs. Assigned SpeedClass 'Local'
[2023.05.17-13.01.59:941][  0]LogDerivedDataCache: Using Local data cache path C:/Users/a.motte/AppData/Local/UnrealEngine/Common/DerivedDataCache: Writable
[2023.05.17-13.01.59:941][  0]LogDerivedDataCache: Shared data cache path not found in *engine.ini, will not use an Shared cache.
[2023.05.17-13.01.59:941][  0]LogDerivedDataCache: Unable to find inner node Shared for hierarchical cache Hierarchy.
[2023.05.17-13.01.59:977][  0]LogSlate: Using FreeType 2.10.0
[2023.05.17-13.01.59:978][  0]LogSlate: SlateFontServices - WITH_FREETYPE: 1, WITH_HARFBUZZ: 1
[2023.05.17-13.01.59:994][  0]LogAssetRegistry: FAssetRegistry took 0.0020 seconds to start up
[2023.05.17-13.02.00:153][  0]LogInit: Selected Device Profile: [Windows]
[2023.05.17-13.02.00:153][  0]LogInit: Active device profile: [000001F6D133B300][000001F6C1842C80 49] Windows
[2023.05.17-13.02.00:153][  0]LogInit: Profiles: [000001F6D133B300][000001F6C1842C80 49] Windows, [000001F6D12E8F00][000001F6CF422E00 49] WindowsNoEditor, [000001F6D1338F00][000001F6CF426F80 49] WindowsServer, [000001F6D12EAB00][000001F6CF42B100 49] WindowsClient, [000001F6D133AA00][000001F6CF42F280 49] IOS, [000001F6D12E9800][000001F6CF433400 49] iPadAir, [000001F6D1339700][000001F6CF437580 49] iPadAir2, [000001F6D12A3A00][000001F6CF43F840 49] IPadPro, [000001F6D12A3B00][000001F6CF43B880 49] iPadAir3, [000001F6D133A400][000001F6CF443A00 49] iPadAir4, [000001F6D12A1400][000001F6CF447B80 49] iPadMini2, [000001F6D1339C00][000001F6CF44A180 49] iPadMini3, [000001F6D12A2500][000001F6CF44E300 49] iPadMini4, [000001F6D1338800][000001F6CF452480 49] iPadMini5, [000001F6D12FB300][000001F6CF4566C0 49] iPhone6, [000001F6D12FB400][000001F6CF41E700 49] iPodTouch6, [000001F6D12A0400][000001F6D16C2940 49] iPhone7, [000001F6D12A0300][000001F6CF45A980 49] iPodTouch7, [000001F6D12F9300][000001F6D16CAB00 49] iPhone5S, [000001F6D12A3E00][000001F6D16CEC80 49] iPhone6Plus, [000001F6D12FA600][000001F6D16D2E00 49] iPhone6S, [000001F6D12A1200][000001F6D1746F80 49] iPhone6SPlus, [000001F6D12F9B00][000001F6D17C9100 49] iPhone7Plus, [000001F6D12A1D00][000001F6C74F5280 49] iPhoneSE, [000001F6D12F8E00][000001F6C7509400 49] iPhone8, [000001F6D12A0C00][000001F6C750D580 49] iPhone8Plus, [000001F6D12FAD00][000001F6C7511700 49] iPhoneX, [000001F6D12A0A00][000001F6C7515880 49] iPhoneXS, [000001F6D12FBA00][000001F6C7519A00 49] iPhoneXSMax, [000001F6D12A1800][000001F6C7331B80 49] iPhoneXR, [000001F6D12F8D00][000001F6C7334180 49] iPhone11, [000001F6D12A0E00][000001F6C733C300 49] iPhone11Pro, [000001F6D12FA700][000001F6CD026480 49] iPhone11ProMax, [000001F6D12A2800][000001F6CD02A600 49] iPhoneSE2, [000001F6D12FA300][000001F6D16C6740 49] iPhone12Mini, [000001F6D12A2E00][000001F6CD02E880 49] iPhone12, [000001F6D12F9900][000001F6CD03A9C0 49] iPhone12Pro, [000001F6D12A3900][000001F6CD042B00 49] iPhone12ProMax, [000001F6D12F9500][000001F6CD052C80 49] iPadPro105, [000001F6D12A1100][000001F6CD056E00 49] iPadPro129, [000001F6D12F8B00][000001F6CD05AF80 49] iPadPro97, [000001F6D12A3600][000001F6CD05F100 49] iPadPro2_129, [000001F6D12FB800][000001F6CD089280 49] iPad5, [000001F6D12A3D00][000001F6D16DB400 49] iPad6, [000001F6D12FA900][000001F6D1713580 49] iPad7, [000001F6D12A1F00][000001F6D174B700 49] iPad8, [000001F6D12FBF00][000001F6D174F880 49] iPadPro11, [000001F6D12A1B00][000001F6D1753A00 49] iPadPro2_11, [000001F6D12F8100][000001F6D1791B80 49] iPadPro3_129, [000001F6D12A2400][000001F6D1794180 49] iPadPro4_129, [000001F6D12F9F00][000001F6D17B8300 49] AppleTV, [000001F6D12A0200][000001F6D17BC480 49] AppleTV4K, [000001F6D12FA000][000001F6D17C0600 49] TVOS, [000001F6D12A1900][000001F6D17C4780 49] Mac, [000001F6D12FB600][000001F6D208C900 49] MacClient, [000001F6D12A3800][000001F6CD04EA40 49] MacNoEditor, [000001F6D12F9200][000001F6C7322B80 49] MacServer, [000001F6D12A2F00][000001F6C7326CC0 49] Linux, [000001F6D12FB200][000001F6C74DEE40 49] LinuxAArch64, [000001F6D12A3200][000001F6C74E2FC0 49] LinuxNoEditor, [000001F6D12EA500][000001F6C74E7140 49] LinuxAArch64NoEditor, [000001F6D1374500][000001F6D1C6F2C0 49] LinuxClient, [000001F6D12E8A00][000001F6D1C73440 49] LinuxAArch64Client, [000001F6D1375200][000001F6C6B035C0 49] LinuxServer, [000001F6D12E9500][000001F6D18BF740 49] LinuxAArch64Server, [000001F6D1375800][000001F6D18DF8C0 49] Android, [000001F6D12E8100][000001F6D193FA40 49] Android_Low, [000001F6D1375400][000001F6D1947BC0 49] Android_Mid, [000001F6D12EAE00][000001F6D19621C0 49] Android_High, [000001F6D1374A00][000001F6D1A80340 49] Android_Default, [000001F6D12E9C00][000001F6D17E24C0 49] Android_Adreno4xx, [000001F6D1375D00][000001F6D17F2640 49] Android_Adreno5xx_Low, [000001F6D12E8800][000001F6D17F67C0 49] Android_Adreno5xx, [000001F6D1374800][000001F6D1810940 49] Android_Adreno6xx, [000001F6D12EB200][000001F6D1814AC0 49] Android_Adreno6xx_Vulkan, [000001F6D1374200][000001F6C732AC00 49] Android_Mali_T6xx, [000001F6D12EB300][000001F6D1818D40 49] Android_Mali_T7xx, [000001F6D1374C00][000001F6D181CE80 49] Android_Mali_T8xx, [000001F6D12E8500][000001F6D1820FC0 49] Android_Mali_G71, [000001F6D1375700][000001F6D1829140 49] Android_Mali_G72, [000001F6D12A0800][000001F6D182D2C0 49] Android_Mali_G72_Vulkan, [000001F6D12FAA00][000001F6D1831440 49] Android_Mali_G76, [000001F6D12A3700][000001F6D18355C0 49] Android_Mali_G76_Vulkan, [000001F6D12F9800][000001F6D1861740 49] Android_Mali_G77, [000001F6D12A1000][000001F6D18658C0 49] Android_Mali_G77_Vulkan, [000001F6D12FA500][000001F6C72EBA40 49] Android_Mali_G78, [000001F6D12A0500][000001F6C72EFBC0 49] Android_Mali_G78_Vulkan, [000001F6D12F9000][000001F6D202A1C0 49] Android_Mali_G710, [000001F6D12A3300][000001F6D1B6E340 49] Android_Mali_G710_Vulkan, [000001F6D1374100][000001F6D1B724C0 49] Android_Vulkan_SM5, [000001F6D12A2C00][000001F6D1B76640 49] Android_PowerVR_G6xxx, [000001F6D1374300][000001F6D1B7A7C0 49] Android_PowerVR_GT7xxx, [000001F6D12A1500][000001F6C65E0940 49] Android_PowerVR_GE8xxx, [000001F6D1374600][000001F6C65E4AC0 49] Android_PowerVR_GM9xxx, [000001F6D12A2600][000001F6C65E8C40 49] Android_PowerVR_GM9xxx_Vulkan, [000001F6D1375F00][000001F6D1824D80 49] Android_TegraK1, [000001F6D12A0D00][000001F6C65F2EC0 49] Android_Unknown_Vulkan, [000001F6D1376200][000001F6C65F7000 49] Lumin, [000001F6D12A3C00][000001F6C65FB140 49] Lumin_Desktop, [000001F6D1375500][000001F6D179D2C0 49] HoloLens, 
[2023.05.17-13.02.00:238][  0]LogMeshReduction: Using QuadricMeshReduction for automatic static mesh reduction
[2023.05.17-13.02.00:238][  0]LogMeshReduction: Using SimplygonMeshReduction for automatic skeletal mesh reduction
[2023.05.17-13.02.00:238][  0]LogMeshReduction: Using ProxyLODMeshReduction for automatic mesh merging
[2023.05.17-13.02.00:238][  0]LogMeshReduction: No distributed automatic mesh merging module available
[2023.05.17-13.02.00:238][  0]LogMeshMerging: No distributed automatic mesh merging module available
[2023.05.17-13.02.00:249][  0]LogNetVersion: LockedMind 1.0.0, NetCL: 17155196, EngineNetVer: 17, GameNetVer: 0 (Checksum: 1775436646)
[2023.05.17-13.02.00:490][  0]LogTexture: Default maximum texture size for cubemaps generated from long-lat sources has been changed from 512 to unlimited. In order to preserve old behaiour for '/Engine/MapTemplates/Sky/DaylightAmbientCubemap.DaylightAmbientCubemap', its maximum texture size has been explicitly set to 512.
[2023.05.17-13.02.00:529][  0]LogHMD: PokeAHoleMaterial loaded successfully
[2023.05.17-13.02.00:533][  0]LogUObjectArray: 17178 objects as part of root set at end of initial load.
[2023.05.17-13.02.00:533][  0]LogUObjectAllocator: 4302048 out of 0 bytes used by permanent object pool.
[2023.05.17-13.02.00:533][  0]LogUObjectArray: CloseDisregardForGC: 0/0 objects in disregard for GC pool
[2023.05.17-13.02.00:705][  0]LogNiagaraDebuggerClient: Niagara Debugger Client Initialized | Session: AAB953144BB386EE1864B49851F7AB72 | Instance: 92B60A1B4700BA02124623BFF843D420 (RNSS20607-10916).
[2023.05.17-13.02.00:727][  0]LogPython: Using Python 3.7.7
[2023.05.17-13.02.01:111][  0]LogTcpMessaging: Initializing TcpMessaging bridge
[2023.05.17-13.02.01:114][  0]LogUdpMessaging: Initializing bridge on interface 0.0.0.0:0 to multicast group 230.0.0.1:6666.
[2023.05.17-13.02.01:250][  0]SourceControl: Source control is disabled
[2023.05.17-13.02.01:250][  0]SourceControl: Source control is disabled
[2023.05.17-13.02.01:251][  0]SourceControl: Source control is disabled
[2023.05.17-13.02.01:254][  0]SourceControl: Source control is disabled
[2023.05.17-13.02.01:255][  0]SourceControl: Source control is disabled
[2023.05.17-13.02.01:262][  0]LogUProjectInfo: Found projects:
[2023.05.17-13.02.01:353][  0]LogOpenImageDenoise: OIDN starting up
[2023.05.17-13.02.01:389][  0]LogAndroidPermission: UAndroidPermissionCallbackProxy::GetInstance
[2023.05.17-13.02.01:403][  0]LogAudioCaptureCore: Display: No Audio Capture implementations found. Audio input will be silent.
[2023.05.17-13.02.01:403][  0]LogAudioCaptureCore: Display: No Audio Capture implementations found. Audio input will be silent.
[2023.05.17-13.02.01:476][  0]LogCollectionManager: Loaded 0 collections in 0.000655 seconds
[2023.05.17-13.02.01:493][  0]LogFileCache: Scanning file cache for directory 'D:/_AlbanMOTTE/Ps4/LockedMind/Saved/Collections/' took 0.00s
[2023.05.17-13.02.01:493][  0]LogFileCache: Scanning file cache for directory 'D:/_AlbanMOTTE/Ps4/LockedMind/Content/Developers/amotte/Collections/' took 0.00s
[2023.05.17-13.02.01:493][  0]LogFileCache: Scanning file cache for directory 'D:/_AlbanMOTTE/Ps4/LockedMind/Content/Collections/' took 0.00s
[2023.05.17-13.02.01:493][  0]LogOcInput: OculusInput pre-init called
[2023.05.17-13.02.01:652][  0]LogEngine: Initializing Engine...
[2023.05.17-13.02.01:654][  0]LogHMD: Failed to enumerate extensions. Please check that you have a valid OpenXR runtime installed.
[2023.05.17-13.02.01:654][  0]LogHMD: Failed to initialize OpenVR with code 110
[2023.05.17-13.02.01:654][  0]LogMagicLeap: Warning: VR disabled because ZI is not enabled.  To enable, in the editor, Edit -> Project Settings -> Plugins -> Magic Leap Plugin -> Enable Zero Iteration
[2023.05.17-13.02.01:655][  0]LogStats: UGameplayTagsManager::InitializeManager -  0.000 s
[2023.05.17-13.02.01:736][  0]LogInit: Initializing FReadOnlyCVARCache
[2023.05.17-13.02.01:742][  0]LogAIModule: Creating AISystem for world Untitled
[2023.05.17-13.02.01:751][  0]LogAudio: Display: Initializing Audio Device Manager...
[2023.05.17-13.02.01:754][  0]LogAudio: Display: Loading Default Audio Settings Objects...
[2023.05.17-13.02.01:754][  0]LogAudio: Display: No default SoundConcurrencyObject specified (or failed to load).
[2023.05.17-13.02.01:754][  0]LogAudio: Display: Audio Device Manager Initialized
[2023.05.17-13.02.01:754][  0]LogAudio: Display: Creating Audio Device:                 Id: 1, Scope: Shared, Realtime: True
[2023.05.17-13.02.01:754][  0]LogAudioMixer: Display: Audio Mixer Platform Settings:
[2023.05.17-13.02.01:754][  0]LogAudioMixer: Display: 	Sample Rate:						  48000
[2023.05.17-13.02.01:754][  0]LogAudioMixer: Display: 	Callback Buffer Frame Size Requested: 1024
[2023.05.17-13.02.01:754][  0]LogAudioMixer: Display: 	Callback Buffer Frame Size To Use:	  1024
[2023.05.17-13.02.01:754][  0]LogAudioMixer: Display: 	Number of buffers to queue:			  2
[2023.05.17-13.02.01:754][  0]LogAudioMixer: Display: 	Max Channels (voices):				  32
[2023.05.17-13.02.01:754][  0]LogAudioMixer: Display: 	Number of Async Source Workers:		  0
[2023.05.17-13.02.01:754][  0]LogAudio: Display: AudioDevice MaxSources: 32
[2023.05.17-13.02.01:755][  0]LogAudio: Display: Audio Spatialization Plugin: None (built-in).
[2023.05.17-13.02.01:755][  0]LogAudio: Display: Audio Reverb Plugin: None (built-in).
[2023.05.17-13.02.01:755][  0]LogAudio: Display: Audio Occlusion Plugin: None (built-in).
[2023.05.17-13.02.01:755][  0]LogAudioMixer: Display: Initializing audio mixer.
[2023.05.17-13.02.01:760][  0]LogAudioMixer: Display: 0: FrontLeft
[2023.05.17-13.02.01:760][  0]LogAudioMixer: Display: 1: FrontRight
[2023.05.17-13.02.01:795][  0]LogAudioMixer: Display: Using Audio Device Haut-parleurs (Realtek(R) Audio)
[2023.05.17-13.02.01:795][  0]LogAudioMixer: Display: Initializing Sound Submixes...
[2023.05.17-13.02.01:796][  0]LogAudioMixer: Display: Creating Master Submix 'MasterSubmixDefault'
[2023.05.17-13.02.01:797][  0]LogAudioMixer: Display: Creating Master Submix 'MasterReverbSubmixDefault'
[2023.05.17-13.02.01:797][  0]LogAudioMixer: Display: Creating Master Submix 'MasterEQSubmixDefault'
[2023.05.17-13.02.01:797][  0]LogAudioMixer: FMixerPlatformXAudio2::StartAudioStream() called
[2023.05.17-13.02.01:797][  0]LogAudioMixer: Display: Output buffers initialized: Frames=1024, Channels=2, Samples=2048
[2023.05.17-13.02.01:798][  0]LogAudioMixer: Display: Starting AudioMixerPlatformInterface::RunInternal()
[2023.05.17-13.02.01:798][  0]LogAudioMixer: Display: FMixerPlatformXAudio2::SubmitBuffer() called for the first time
[2023.05.17-13.02.01:798][  0]LogInit: FAudioDevice initialized.
[2023.05.17-13.02.01:798][  0]LogAudio: Display: Audio Device (ID: 1) registered with world 'Untitled'.
[2023.05.17-13.02.01:798][  0]LogNetVersion: Set ProjectVersion to 1.0.0.0. Version Checksum will be recalculated on next use.
[2023.05.17-13.02.01:844][  0]LogDerivedDataCache: Saved boot cache 0.05s 94MB C:/Users/a.motte/AppData/Local/UnrealEngine/4.27/DerivedDataCache/Boot.ddc.
[2023.05.17-13.02.01:845][  0]LogInit: Texture streaming: Enabled
[2023.05.17-13.02.01:852][  0]LogAnalytics: Display: [UEEditor.Rocket.Release] APIServer = https://datarouter.ol.epicgames.com/. AppVersion = 4.27.2-18319896+++UE4+Release-4.27
[2023.05.17-13.02.01:854][  0]LogEngineSessionManager: EngineSessionManager initialized
[2023.05.17-13.02.01:854][  0]LogEditorSessionSummary: Verbose: Initializing EditorSessionSummaryWriter for editor session tracking
[2023.05.17-13.02.01:855][  0]LogEditorSessionSummary: EditorSessionSummaryWriter initialized
[2023.05.17-13.02.01:878][  0]LogInit: Transaction tracking system initialized
[2023.05.17-13.02.01:892][  0]BlueprintLog: New page: Editor Load
[2023.05.17-13.02.01:929][  0]LocalizationService: Localization service is disabled
[2023.05.17-13.02.01:944][  0]TimingProfiler: Initialize
[2023.05.17-13.02.01:944][  0]TimingProfiler: OnSessionChanged
[2023.05.17-13.02.01:944][  0]LoadingProfiler: Initialize
[2023.05.17-13.02.01:944][  0]LoadingProfiler: OnSessionChanged
[2023.05.17-13.02.01:944][  0]NetworkingProfiler: Initialize
[2023.05.17-13.02.01:944][  0]NetworkingProfiler: OnSessionChanged
[2023.05.17-13.02.01:944][  0]MemoryProfiler: Initialize
[2023.05.17-13.02.01:944][  0]MemoryProfiler: OnSessionChanged
[2023.05.17-13.02.02:044][  0]LogCook: Display: CookSettings for Memory: MemoryMaxUsedVirtual 0MiB, MemoryMaxUsedPhysical 16384MiB, MemoryMinFreeVirtual 0MiB, MemoryMinFreePhysical 1024MiB
[2023.05.17-13.02.02:044][  0]LogCook: Display: Mobile HDR setting 1
[2023.05.17-13.02.02:079][  0]LogFileCache: Scanning file cache for directory 'D:/_AlbanMOTTE/Ps4/LockedMind/Content/' took 0.01s
[2023.05.17-13.02.02:287][  0]LogInit: Display: Engine is initialized. Leaving FEngineLoop::Init()
[2023.05.17-13.02.02:289][  0]SourceControl: Source control is disabled
[2023.05.17-13.02.02:289][  0]LogUnrealEdMisc: Loading editor; pre map load, took 4.216
[2023.05.17-13.02.02:289][  0]Cmd: MAP LOAD FILE="../../../../_AlbanMOTTE/Ps4/LockedMind/Content/FirstPersonBP/Maps/FirstPersonExampleMap.umap" TEMPLATE=0 SHOWPROGRESS=1 FEATURELEVEL=3
[2023.05.17-13.02.02:289][  0]LightingResults: New page: Lighting Build
[2023.05.17-13.02.02:290][  0]LogWorld: UWorld::CleanupWorld for Untitled, bSessionEnded=true, bCleanupResources=true
[2023.05.17-13.02.02:290][  0]LogSlate: InvalidateAllWidgets triggered.  All widgets were invalidated
[2023.05.17-13.02.02:290][  0]MapCheck: New page: Map Check
[2023.05.17-13.02.02:290][  0]LightingResults: New page: Lighting Build
[2023.05.17-13.02.02:294][  0]LogAudio: Display: Audio Device unregistered from world 'None'.
[2023.05.17-13.02.02:296][  0]LogUObjectHash: Compacting FUObjectHashTables data took   0.48ms
[2023.05.17-13.02.02:617][  0]LogAudio: Display: Audio Device (ID: 1) registered with world 'MapDeTest'.
[2023.05.17-13.02.02:624][  0]LogStreaming: Display: ULevelStreaming::RequestLevel(/Game/Maps/MapTest/MapDeTestSubLevel3) is flushing async loading
[2023.05.17-13.02.02:624][  0]LogStreaming: Display: FlushAsyncLoading: 1 QueuedPackages, 0 AsyncPackages
[2023.05.17-13.02.02:627][  0]LogStreaming: Display: ULevelStreaming::RequestLevel(/Game/Maps/MapTest/MapDeTestSubLevel) is flushing async loading
[2023.05.17-13.02.02:628][  0]LogStreaming: Display: ULevelStreaming::RequestLevel(/Game/Maps/MapTest/MapDeTestSubLevel2) is flushing async loading
[2023.05.17-13.02.02:629][  0]LogEditorServer: Finished looking for orphan Actors (0.000 secs)
[2023.05.17-13.02.02:629][  0]LogAIModule: Creating AISystem for world MapDeTest
[2023.05.17-13.02.02:636][  0]LogUObjectHash: Compacting FUObjectHashTables data took   0.64ms
[2023.05.17-13.02.02:637][  0]Cmd: MAP CHECKDEP NOCLEARLOG
[2023.05.17-13.02.02:637][  0]MapCheck: Map check complete: 0 Error(s), 0 Warning(s), took 0,185ms to complete.
[2023.05.17-13.02.02:637][  0]LogFileHelpers: Loading map 'FirstPersonExampleMap' took 0.348
[2023.05.17-13.02.02:639][  0]LogUnrealEdMisc: Total Editor Startup Time, took 4.565
[2023.05.17-13.02.02:748][  0]LogSlate: Updating window title bar state: overlay mode, drag disabled, window buttons hidden, title bar hidden
[2023.05.17-13.02.02:753][  0]LogSlate: Updating window title bar state: overlay mode, drag disabled, window buttons hidden, title bar hidden
[2023.05.17-13.02.02:756][  0]LogSlate: Updating window title bar state: overlay mode, drag disabled, window buttons hidden, title bar hidden
[2023.05.17-13.02.02:760][  0]LogSlate: Updating window title bar state: overlay mode, drag disabled, window buttons hidden, title bar hidden
[2023.05.17-13.02.02:770][  0]LogNativeClassHierarchy: Verbose: Native class hierarchy populated in 0.0071 seconds. Added 3822 classes and 928 folders.
[2023.05.17-13.02.02:771][  0]LogNativeClassHierarchy: Verbose: Native class hierarchy updated for 'WidgetCarousel' in 0.0002 seconds. Added 0 classes and 0 folders.
[2023.05.17-13.02.02:772][  0]LogPakFile: PakFile PrimaryIndexSize=187
[2023.05.17-13.02.02:772][  0]LogPakFile: PakFile PathHashIndexSize=101
[2023.05.17-13.02.02:772][  0]LogPakFile: PakFile FullDirectoryIndexSize=148
[2023.05.17-13.02.02:772][  0]LogShaderLibrary: Display: ShaderCodeLibraryPakFileMountedCallback: PakFile 'D:/UE_4.27/FeaturePacks/FP_FirstPerson.upack' (chunk index -1, root 'root:/') mounted
[2023.05.17-13.02.02:772][  0]LogShaderLibrary: Display: ShaderCodeLibraryPakFileMountedCallback: pending pak file info (ChunkID:-1 Root:root:/ File:D:/UE_4.27/FeaturePacks/FP_FirstPerson.upack)
[2023.05.17-13.02.02:772][  0]LogPakFile: OnPakFileMounted2Time == 0.000046
[2023.05.17-13.02.02:773][  0]LogPakFile: PakFile PrimaryIndexSize=189
[2023.05.17-13.02.02:773][  0]LogPakFile: PakFile PathHashIndexSize=101
[2023.05.17-13.02.02:773][  0]LogPakFile: PakFile FullDirectoryIndexSize=152
[2023.05.17-13.02.02:773][  0]LogShaderLibrary: Display: ShaderCodeLibraryPakFileMountedCallback: PakFile 'D:/UE_4.27/FeaturePacks/FP_FirstPersonBP.upack' (chunk index -1, root 'root:/') mounted
[2023.05.17-13.02.02:773][  0]LogShaderLibrary: Display: ShaderCodeLibraryPakFileMountedCallback: pending pak file info (ChunkID:-1 Root:root:/ File:D:/UE_4.27/FeaturePacks/FP_FirstPersonBP.upack)
[2023.05.17-13.02.02:773][  0]LogPakFile: OnPakFileMounted2Time == 0.000029
[2023.05.17-13.02.02:773][  0]LogPakFile: PakFile PrimaryIndexSize=191
[2023.05.17-13.02.02:773][  0]LogPakFile: PakFile PathHashIndexSize=101
[2023.05.17-13.02.02:773][  0]LogPakFile: PakFile FullDirectoryIndexSize=160
[2023.05.17-13.02.02:773][  0]LogShaderLibrary: Display: ShaderCodeLibraryPakFileMountedCallback: PakFile 'D:/UE_4.27/FeaturePacks/MobileStarterContent.upack' (chunk index -1, root 'root:/') mounted
[2023.05.17-13.02.02:773][  0]LogShaderLibrary: Display: ShaderCodeLibraryPakFileMountedCallback: pending pak file info (ChunkID:-1 Root:root:/ File:D:/UE_4.27/FeaturePacks/MobileStarterContent.upack)
[2023.05.17-13.02.02:773][  0]LogPakFile: OnPakFileMounted2Time == 0.000024
[2023.05.17-13.02.02:773][  0]LogPakFile: PakFile PrimaryIndexSize=185
[2023.05.17-13.02.02:773][  0]LogPakFile: PakFile PathHashIndexSize=101
[2023.05.17-13.02.02:773][  0]LogPakFile: PakFile FullDirectoryIndexSize=148
[2023.05.17-13.02.02:773][  0]LogShaderLibrary: Display: ShaderCodeLibraryPakFileMountedCallback: PakFile 'D:/UE_4.27/FeaturePacks/StarterContent.upack' (chunk index -1, root 'root:/') mounted
[2023.05.17-13.02.02:773][  0]LogShaderLibrary: Display: ShaderCodeLibraryPakFileMountedCallback: pending pak file info (ChunkID:-1 Root:root:/ File:D:/UE_4.27/FeaturePacks/StarterContent.upack)
[2023.05.17-13.02.02:774][  0]LogPakFile: OnPakFileMounted2Time == 0.000032
[2023.05.17-13.02.02:774][  0]LogPakFile: PakFile PrimaryIndexSize=190
[2023.05.17-13.02.02:774][  0]LogPakFile: PakFile PathHashIndexSize=101
[2023.05.17-13.02.02:774][  0]LogPakFile: PakFile FullDirectoryIndexSize=154
[2023.05.17-13.02.02:774][  0]LogShaderLibrary: Display: ShaderCodeLibraryPakFileMountedCallback: PakFile 'D:/UE_4.27/FeaturePacks/TP_2DSideScroller.upack' (chunk index -1, root 'root:/') mounted
[2023.05.17-13.02.02:774][  0]LogShaderLibrary: Display: ShaderCodeLibraryPakFileMountedCallback: pending pak file info (ChunkID:-1 Root:root:/ File:D:/UE_4.27/FeaturePacks/TP_2DSideScroller.upack)
[2023.05.17-13.02.02:774][  0]LogPakFile: OnPakFileMounted2Time == 0.000033
[2023.05.17-13.02.02:774][  0]LogPakFile: PakFile PrimaryIndexSize=192
[2023.05.17-13.02.02:774][  0]LogPakFile: PakFile PathHashIndexSize=101
[2023.05.17-13.02.02:774][  0]LogPakFile: PakFile FullDirectoryIndexSize=158
[2023.05.17-13.02.02:774][  0]LogShaderLibrary: Display: ShaderCodeLibraryPakFileMountedCallback: PakFile 'D:/UE_4.27/FeaturePacks/TP_2DSideScrollerBP.upack' (chunk index -1, root 'root:/') mounted
[2023.05.17-13.02.02:774][  0]LogShaderLibrary: Display: ShaderCodeLibraryPakFileMountedCallback: pending pak file info (ChunkID:-1 Root:root:/ File:D:/UE_4.27/FeaturePacks/TP_2DSideScrollerBP.upack)
[2023.05.17-13.02.02:774][  0]LogPakFile: OnPakFileMounted2Time == 0.000024
[2023.05.17-13.02.02:774][  0]LogPakFile: PakFile PrimaryIndexSize=182
[2023.05.17-13.02.02:774][  0]LogPakFile: PakFile PathHashIndexSize=101
[2023.05.17-13.02.02:774][  0]LogPakFile: PakFile FullDirectoryIndexSize=138
[2023.05.17-13.02.02:774][  0]LogShaderLibrary: Display: ShaderCodeLibraryPakFileMountedCallback: PakFile 'D:/UE_4.27/FeaturePacks/TP_Flying.upack' (chunk index -1, root 'root:/') mounted
[2023.05.17-13.02.02:774][  0]LogShaderLibrary: Display: ShaderCodeLibraryPakFileMountedCallback: pending pak file info (ChunkID:-1 Root:root:/ File:D:/UE_4.27/FeaturePacks/TP_Flying.upack)
[2023.05.17-13.02.02:774][  0]LogPakFile: OnPakFileMounted2Time == 0.000025
[2023.05.17-13.02.02:775][  0]LogPakFile: PakFile PrimaryIndexSize=184
[2023.05.17-13.02.02:775][  0]LogPakFile: PakFile PathHashIndexSize=101
[2023.05.17-13.02.02:775][  0]LogPakFile: PakFile FullDirectoryIndexSize=142
[2023.05.17-13.02.02:775][  0]LogShaderLibrary: Display: ShaderCodeLibraryPakFileMountedCallback: PakFile 'D:/UE_4.27/FeaturePacks/TP_FlyingBP.upack' (chunk index -1, root 'root:/') mounted
[2023.05.17-13.02.02:775][  0]LogShaderLibrary: Display: ShaderCodeLibraryPakFileMountedCallback: pending pak file info (ChunkID:-1 Root:root:/ File:D:/UE_4.27/FeaturePacks/TP_FlyingBP.upack)
[2023.05.17-13.02.02:775][  0]LogPakFile: OnPakFileMounted2Time == 0.000025
[2023.05.17-13.02.02:775][  0]LogPakFile: PakFile PrimaryIndexSize=188
[2023.05.17-13.02.02:775][  0]LogPakFile: PakFile PathHashIndexSize=101
[2023.05.17-13.02.02:775][  0]LogPakFile: PakFile FullDirectoryIndexSize=150
[2023.05.17-13.02.02:775][  0]LogShaderLibrary: Display: ShaderCodeLibraryPakFileMountedCallback: PakFile 'D:/UE_4.27/FeaturePacks/TP_HandheldARBP.upack' (chunk index -1, root 'root:/') mounted
[2023.05.17-13.02.02:775][  0]LogShaderLibrary: Display: ShaderCodeLibraryPakFileMountedCallback: pending pak file info (ChunkID:-1 Root:root:/ File:D:/UE_4.27/FeaturePacks/TP_HandheldARBP.upack)
[2023.05.17-13.02.02:775][  0]LogPakFile: OnPakFileMounted2Time == 0.000025
[2023.05.17-13.02.02:775][  0]LogPakFile: PakFile PrimaryIndexSize=182
[2023.05.17-13.02.02:775][  0]LogPakFile: PakFile PathHashIndexSize=101
[2023.05.17-13.02.02:775][  0]LogPakFile: PakFile FullDirectoryIndexSize=138
[2023.05.17-13.02.02:775][  0]LogShaderLibrary: Display: ShaderCodeLibraryPakFileMountedCallback: PakFile 'D:/UE_4.27/FeaturePacks/TP_Puzzle.upack' (chunk index -1, root 'root:/') mounted
[2023.05.17-13.02.02:775][  0]LogShaderLibrary: Display: ShaderCodeLibraryPakFileMountedCallback: pending pak file info (ChunkID:-1 Root:root:/ File:D:/UE_4.27/FeaturePacks/TP_Puzzle.upack)
[2023.05.17-13.02.02:775][  0]LogPakFile: OnPakFileMounted2Time == 0.000030
[2023.05.17-13.02.02:776][  0]LogPakFile: PakFile PrimaryIndexSize=184
[2023.05.17-13.02.02:776][  0]LogPakFile: PakFile PathHashIndexSize=101
[2023.05.17-13.02.02:776][  0]LogPakFile: PakFile FullDirectoryIndexSize=142
[2023.05.17-13.02.02:776][  0]LogShaderLibrary: Display: ShaderCodeLibraryPakFileMountedCallback: PakFile 'D:/UE_4.27/FeaturePacks/TP_PuzzleBP.upack' (chunk index -1, root 'root:/') mounted
[2023.05.17-13.02.02:776][  0]LogShaderLibrary: Display: ShaderCodeLibraryPakFileMountedCallback: pending pak file info (ChunkID:-1 Root:root:/ File:D:/UE_4.27/FeaturePacks/TP_PuzzleBP.upack)
[2023.05.17-13.02.02:776][  0]LogPakFile: OnPakFileMounted2Time == 0.000027
[2023.05.17-13.02.02:776][  0]LogPakFile: PakFile PrimaryIndexSize=183
[2023.05.17-13.02.02:776][  0]LogPakFile: PakFile PathHashIndexSize=101
[2023.05.17-13.02.02:776][  0]LogPakFile: PakFile FullDirectoryIndexSize=140
[2023.05.17-13.02.02:776][  0]LogShaderLibrary: Display: ShaderCodeLibraryPakFileMountedCallback: PakFile 'D:/UE_4.27/FeaturePacks/TP_Rolling.upack' (chunk index -1, root 'root:/') mounted
[2023.05.17-13.02.02:776][  0]LogShaderLibrary: Display: ShaderCodeLibraryPakFileMountedCallback: pending pak file info (ChunkID:-1 Root:root:/ File:D:/UE_4.27/FeaturePacks/TP_Rolling.upack)
[2023.05.17-13.02.02:776][  0]LogPakFile: OnPakFileMounted2Time == 0.000024
[2023.05.17-13.02.02:776][  0]LogPakFile: PakFile PrimaryIndexSize=185
[2023.05.17-13.02.02:776][  0]LogPakFile: PakFile PathHashIndexSize=101
[2023.05.17-13.02.02:776][  0]LogPakFile: PakFile FullDirectoryIndexSize=144
[2023.05.17-13.02.02:776][  0]LogShaderLibrary: Display: ShaderCodeLibraryPakFileMountedCallback: PakFile 'D:/UE_4.27/FeaturePacks/TP_RollingBP.upack' (chunk index -1, root 'root:/') mounted
[2023.05.17-13.02.02:776][  0]LogShaderLibrary: Display: ShaderCodeLibraryPakFileMountedCallback: pending pak file info (ChunkID:-1 Root:root:/ File:D:/UE_4.27/FeaturePacks/TP_RollingBP.upack)
[2023.05.17-13.02.02:776][  0]LogPakFile: OnPakFileMounted2Time == 0.000025
[2023.05.17-13.02.02:777][  0]LogPakFile: PakFile PrimaryIndexSize=188
[2023.05.17-13.02.02:777][  0]LogPakFile: PakFile PathHashIndexSize=101
[2023.05.17-13.02.02:777][  0]LogPakFile: PakFile FullDirectoryIndexSize=150
[2023.05.17-13.02.02:777][  0]LogShaderLibrary: Display: ShaderCodeLibraryPakFileMountedCallback: PakFile 'D:/UE_4.27/FeaturePacks/TP_SideScroller.upack' (chunk index -1, root 'root:/') mounted
[2023.05.17-13.02.02:777][  0]LogShaderLibrary: Display: ShaderCodeLibraryPakFileMountedCallback: pending pak file info (ChunkID:-1 Root:root:/ File:D:/UE_4.27/FeaturePacks/TP_SideScroller.upack)
[2023.05.17-13.02.02:777][  0]LogPakFile: OnPakFileMounted2Time == 0.000025
[2023.05.17-13.02.02:777][  0]LogPakFile: PakFile PrimaryIndexSize=190
[2023.05.17-13.02.02:777][  0]LogPakFile: PakFile PathHashIndexSize=101
[2023.05.17-13.02.02:777][  0]LogPakFile: PakFile FullDirectoryIndexSize=154
[2023.05.17-13.02.02:777][  0]LogShaderLibrary: Display: ShaderCodeLibraryPakFileMountedCallback: PakFile 'D:/UE_4.27/FeaturePacks/TP_SideScrollerBP.upack' (chunk index -1, root 'root:/') mounted
[2023.05.17-13.02.02:777][  0]LogShaderLibrary: Display: ShaderCodeLibraryPakFileMountedCallback: pending pak file info (ChunkID:-1 Root:root:/ File:D:/UE_4.27/FeaturePacks/TP_SideScrollerBP.upack)
[2023.05.17-13.02.02:777][  0]LogPakFile: OnPakFileMounted2Time == 0.000026
[2023.05.17-13.02.02:777][  0]LogPakFile: PakFile PrimaryIndexSize=187
[2023.05.17-13.02.02:777][  0]LogPakFile: PakFile PathHashIndexSize=101
[2023.05.17-13.02.02:777][  0]LogPakFile: PakFile FullDirectoryIndexSize=148
[2023.05.17-13.02.02:777][  0]LogShaderLibrary: Display: ShaderCodeLibraryPakFileMountedCallback: PakFile 'D:/UE_4.27/FeaturePacks/TP_ThirdPerson.upack' (chunk index -1, root 'root:/') mounted
[2023.05.17-13.02.02:777][  0]LogShaderLibrary: Display: ShaderCodeLibraryPakFileMountedCallback: pending pak file info (ChunkID:-1 Root:root:/ File:D:/UE_4.27/FeaturePacks/TP_ThirdPerson.upack)
[2023.05.17-13.02.02:777][  0]LogPakFile: OnPakFileMounted2Time == 0.000025
[2023.05.17-13.02.02:777][  0]LogPakFile: PakFile PrimaryIndexSize=189
[2023.05.17-13.02.02:778][  0]LogPakFile: PakFile PathHashIndexSize=101
[2023.05.17-13.02.02:778][  0]LogPakFile: PakFile FullDirectoryIndexSize=152
[2023.05.17-13.02.02:778][  0]LogShaderLibrary: Display: ShaderCodeLibraryPakFileMountedCallback: PakFile 'D:/UE_4.27/FeaturePacks/TP_ThirdPersonBP.upack' (chunk index -1, root 'root:/') mounted
[2023.05.17-13.02.02:778][  0]LogShaderLibrary: Display: ShaderCodeLibraryPakFileMountedCallback: pending pak file info (ChunkID:-1 Root:root:/ File:D:/UE_4.27/FeaturePacks/TP_ThirdPersonBP.upack)
[2023.05.17-13.02.02:778][  0]LogPakFile: OnPakFileMounted2Time == 0.000040
[2023.05.17-13.02.02:778][  0]LogPakFile: PakFile PrimaryIndexSize=183
[2023.05.17-13.02.02:778][  0]LogPakFile: PakFile PathHashIndexSize=101
[2023.05.17-13.02.02:778][  0]LogPakFile: PakFile FullDirectoryIndexSize=140
[2023.05.17-13.02.02:778][  0]LogShaderLibrary: Display: ShaderCodeLibraryPakFileMountedCallback: PakFile 'D:/UE_4.27/FeaturePacks/TP_TopDown.upack' (chunk index -1, root 'root:/') mounted
[2023.05.17-13.02.02:778][  0]LogShaderLibrary: Display: ShaderCodeLibraryPakFileMountedCallback: pending pak file info (ChunkID:-1 Root:root:/ File:D:/UE_4.27/FeaturePacks/TP_TopDown.upack)
[2023.05.17-13.02.02:778][  0]LogPakFile: OnPakFileMounted2Time == 0.000029
[2023.05.17-13.02.02:778][  0]LogPakFile: PakFile PrimaryIndexSize=185
[2023.05.17-13.02.02:778][  0]LogPakFile: PakFile PathHashIndexSize=101
[2023.05.17-13.02.02:778][  0]LogPakFile: PakFile FullDirectoryIndexSize=144
[2023.05.17-13.02.02:778][  0]LogShaderLibrary: Display: ShaderCodeLibraryPakFileMountedCallback: PakFile 'D:/UE_4.27/FeaturePacks/TP_TopDownBP.upack' (chunk index -1, root 'root:/') mounted
[2023.05.17-13.02.02:778][  0]LogShaderLibrary: Display: ShaderCodeLibraryPakFileMountedCallback: pending pak file info (ChunkID:-1 Root:root:/ File:D:/UE_4.27/FeaturePacks/TP_TopDownBP.upack)
[2023.05.17-13.02.02:778][  0]LogPakFile: OnPakFileMounted2Time == 0.000025
[2023.05.17-13.02.02:778][  0]LogPakFile: PakFile PrimaryIndexSize=185
[2023.05.17-13.02.02:778][  0]LogPakFile: PakFile PathHashIndexSize=101
[2023.05.17-13.02.02:778][  0]LogPakFile: PakFile FullDirectoryIndexSize=144
[2023.05.17-13.02.02:778][  0]LogShaderLibrary: Display: ShaderCodeLibraryPakFileMountedCallback: PakFile 'D:/UE_4.27/FeaturePacks/TP_TwinStick.upack' (chunk index -1, root 'root:/') mounted
[2023.05.17-13.02.02:778][  0]LogShaderLibrary: Display: ShaderCodeLibraryPakFileMountedCallback: pending pak file info (ChunkID:-1 Root:root:/ File:D:/UE_4.27/FeaturePacks/TP_TwinStick.upack)
[2023.05.17-13.02.02:778][  0]LogPakFile: OnPakFileMounted2Time == 0.000035
[2023.05.17-13.02.02:779][  0]LogPakFile: PakFile PrimaryIndexSize=187
[2023.05.17-13.02.02:779][  0]LogPakFile: PakFile PathHashIndexSize=101
[2023.05.17-13.02.02:779][  0]LogPakFile: PakFile FullDirectoryIndexSize=148
[2023.05.17-13.02.02:779][  0]LogShaderLibrary: Display: ShaderCodeLibraryPakFileMountedCallback: PakFile 'D:/UE_4.27/FeaturePacks/TP_TwinStickBP.upack' (chunk index -1, root 'root:/') mounted
[2023.05.17-13.02.02:779][  0]LogShaderLibrary: Display: ShaderCodeLibraryPakFileMountedCallback: pending pak file info (ChunkID:-1 Root:root:/ File:D:/UE_4.27/FeaturePacks/TP_TwinStickBP.upack)
[2023.05.17-13.02.02:779][  0]LogPakFile: OnPakFileMounted2Time == 0.000031
[2023.05.17-13.02.02:779][  0]LogPakFile: PakFile PrimaryIndexSize=183
[2023.05.17-13.02.02:779][  0]LogPakFile: PakFile PathHashIndexSize=101
[2023.05.17-13.02.02:779][  0]LogPakFile: PakFile FullDirectoryIndexSize=140
[2023.05.17-13.02.02:779][  0]LogShaderLibrary: Display: ShaderCodeLibraryPakFileMountedCallback: PakFile 'D:/UE_4.27/FeaturePacks/TP_Vehicle.upack' (chunk index -1, root 'root:/') mounted
[2023.05.17-13.02.02:779][  0]LogShaderLibrary: Display: ShaderCodeLibraryPakFileMountedCallback: pending pak file info (ChunkID:-1 Root:root:/ File:D:/UE_4.27/FeaturePacks/TP_Vehicle.upack)
[2023.05.17-13.02.02:779][  0]LogPakFile: OnPakFileMounted2Time == 0.000026
[2023.05.17-13.02.02:779][  0]LogPakFile: PakFile PrimaryIndexSize=186
[2023.05.17-13.02.02:779][  0]LogPakFile: PakFile PathHashIndexSize=101
[2023.05.17-13.02.02:779][  0]LogPakFile: PakFile FullDirectoryIndexSize=146
[2023.05.17-13.02.02:779][  0]LogShaderLibrary: Display: ShaderCodeLibraryPakFileMountedCallback: PakFile 'D:/UE_4.27/FeaturePacks/TP_VehicleAdv.upack' (chunk index -1, root 'root:/') mounted
[2023.05.17-13.02.02:779][  0]LogShaderLibrary: Display: ShaderCodeLibraryPakFileMountedCallback: pending pak file info (ChunkID:-1 Root:root:/ File:D:/UE_4.27/FeaturePacks/TP_VehicleAdv.upack)
[2023.05.17-13.02.02:779][  0]LogPakFile: OnPakFileMounted2Time == 0.000025
[2023.05.17-13.02.02:780][  0]LogPakFile: PakFile PrimaryIndexSize=188
[2023.05.17-13.02.02:780][  0]LogPakFile: PakFile PathHashIndexSize=101
[2023.05.17-13.02.02:780][  0]LogPakFile: PakFile FullDirectoryIndexSize=150
[2023.05.17-13.02.02:780][  0]LogShaderLibrary: Display: ShaderCodeLibraryPakFileMountedCallback: PakFile 'D:/UE_4.27/FeaturePacks/TP_VehicleAdvBP.upack' (chunk index -1, root 'root:/') mounted
[2023.05.17-13.02.02:780][  0]LogShaderLibrary: Display: ShaderCodeLibraryPakFileMountedCallback: pending pak file info (ChunkID:-1 Root:root:/ File:D:/UE_4.27/FeaturePacks/TP_VehicleAdvBP.upack)
[2023.05.17-13.02.02:780][  0]LogPakFile: OnPakFileMounted2Time == 0.000042
[2023.05.17-13.02.02:780][  0]LogPakFile: PakFile PrimaryIndexSize=185
[2023.05.17-13.02.02:780][  0]LogPakFile: PakFile PathHashIndexSize=101
[2023.05.17-13.02.02:780][  0]LogPakFile: PakFile FullDirectoryIndexSize=144
[2023.05.17-13.02.02:780][  0]LogShaderLibrary: Display: ShaderCodeLibraryPakFileMountedCallback: PakFile 'D:/UE_4.27/FeaturePacks/TP_VehicleBP.upack' (chunk index -1, root 'root:/') mounted
[2023.05.17-13.02.02:780][  0]LogShaderLibrary: Display: ShaderCodeLibraryPakFileMountedCallback: pending pak file info (ChunkID:-1 Root:root:/ File:D:/UE_4.27/FeaturePacks/TP_VehicleBP.upack)
[2023.05.17-13.02.02:780][  0]LogPakFile: OnPakFileMounted2Time == 0.000026
[2023.05.17-13.02.02:781][  0]LogPakFile: PakFile PrimaryIndexSize=192
[2023.05.17-13.02.02:781][  0]LogPakFile: PakFile PathHashIndexSize=101
[2023.05.17-13.02.02:781][  0]LogPakFile: PakFile FullDirectoryIndexSize=158
[2023.05.17-13.02.02:781][  0]LogShaderLibrary: Display: ShaderCodeLibraryPakFileMountedCallback: PakFile 'D:/UE_4.27/FeaturePacks/TP_VirtualRealityBP.upack' (chunk index -1, root 'root:/') mounted
[2023.05.17-13.02.02:781][  0]LogShaderLibrary: Display: ShaderCodeLibraryPakFileMountedCallback: pending pak file info (ChunkID:-1 Root:root:/ File:D:/UE_4.27/FeaturePacks/TP_VirtualRealityBP.upack)
[2023.05.17-13.02.02:781][  0]LogPakFile: OnPakFileMounted2Time == 0.000024
[2023.05.17-13.02.02:799][  0]LogNativeClassHierarchy: Verbose: Native class hierarchy updated for 'AddContentDialog' in 0.0002 seconds. Added 0 classes and 0 folders.
[2023.05.17-13.02.02:800][  0]LogNativeClassHierarchy: Verbose: Native class hierarchy updated for 'SceneOutliner' in 0.0002 seconds. Added 2 classes and 0 folders.
[2023.05.17-13.02.02:808][  0]LogNativeClassHierarchy: Verbose: Native class hierarchy updated for 'WorldBrowser' in 0.0002 seconds. Added 2 classes and 3 folders.
[2023.05.17-13.02.02:845][  0]LogSlate: Took 0.000147 seconds to synchronously load lazily loaded font '../../../Engine/Content/Slate/Fonts/Roboto-Regular.ttf' (155K)
[2023.05.17-13.02.02:846][  0]LogSlate: Took 0.000096 seconds to synchronously load lazily loaded font '../../../Engine/Content/Editor/Slate/Fonts/FontAwesome.ttf' (139K)
[2023.05.17-13.02.02:846][  0]LogSlate: Took 0.000074 seconds to synchronously load lazily loaded font '../../../Engine/Content/Slate/Fonts/Roboto-Bold.ttf' (160K)
[2023.05.17-13.02.02:907][  0]LogRenderer: Reallocating scene render targets to support 1616x572 Format 10 NumSamples 1 (Frame:1).
[2023.05.17-13.02.03:015][  0]LogNativeClassHierarchy: Verbose: Native class hierarchy updated for 'HierarchicalLODOutliner' in 0.0004 seconds. Added 0 classes and 0 folders.
[2023.05.17-13.02.03:015][  0]LogLoad: (Engine Initialization) Total time: 4.94 seconds
[2023.05.17-13.02.03:015][  0]LogLoad: (Engine Initialization) Total Blueprint compile time: 0.00 seconds
[2023.05.17-13.02.03:054][  0]LogAssetRegistry: Asset discovery search completed in 3.0607 seconds
[2023.05.17-13.02.03:058][  0]LogCollectionManager: Fixed up redirectors for 0 collections in 0.000003 seconds (updated 0 objects)
[2023.05.17-13.02.03:059][  0]LogContentStreaming: Texture pool size now 1000 MB
[2023.05.17-13.02.03:094][  1]LogFileCache: Retrieving MD5 hashes for directory 'D:/_AlbanMOTTE/Ps4/LockedMind/Content/' took 0.06s
[2023.05.17-13.02.03:178][  4]LogSlate: Took 0.000146 seconds to synchronously load lazily loaded font '../../../Engine/Content/Slate/Fonts/Roboto-Light.ttf' (167K)
[2023.05.17-13.02.07:251][422]LogUObjectHash: Compacting FUObjectHashTables data took   0.41ms
[2023.05.17-13.02.07:255][422]LogSlate: Took 0.000125 seconds to synchronously load lazily loaded font '../../../Engine/Content/Slate/Fonts/Roboto-Light.ttf' (167K)
[2023.05.17-13.02.07:288][422]LogAssetEditorSubsystem: Opening Asset editor for World /Game/Maps/MasterLevel.MasterLevel
[2023.05.17-13.02.07:288][422]Cmd: MAP LOAD FILE="../../../../_AlbanMOTTE/Ps4/LockedMind/Content/Maps/MasterLevel.umap" TEMPLATE=0 SHOWPROGRESS=1 FEATURELEVEL=3
[2023.05.17-13.02.07:288][422]LightingResults: New page: Lighting Build
[2023.05.17-13.02.07:288][422]LoadErrors: New page: Loading map: MasterLevel.umap
[2023.05.17-13.02.07:291][422]LogWorld: UWorld::CleanupWorld for MapDeTest, bSessionEnded=true, bCleanupResources=true
[2023.05.17-13.02.07:292][422]LogSlate: InvalidateAllWidgets triggered.  All widgets were invalidated
[2023.05.17-13.02.07:292][422]LogWorld: UWorld::CleanupWorld for MapDeTestSubLevel3, bSessionEnded=true, bCleanupResources=true
[2023.05.17-13.02.07:292][422]LogSlate: InvalidateAllWidgets triggered.  All widgets were invalidated
[2023.05.17-13.02.07:292][422]LogWorld: UWorld::CleanupWorld for MapDeTestSubLevel, bSessionEnded=true, bCleanupResources=true
[2023.05.17-13.02.07:292][422]LogSlate: InvalidateAllWidgets triggered.  All widgets were invalidated
[2023.05.17-13.02.07:292][422]LogWorld: UWorld::CleanupWorld for MapDeTestSubLevel2, bSessionEnded=true, bCleanupResources=true
[2023.05.17-13.02.07:292][422]LogSlate: InvalidateAllWidgets triggered.  All widgets were invalidated
[2023.05.17-13.02.07:292][422]MapCheck: New page: Map Check
[2023.05.17-13.02.07:292][422]LightingResults: New page: Lighting Build
[2023.05.17-13.02.07:296][422]LogAudio: Display: Audio Device unregistered from world 'None'.
[2023.05.17-13.02.07:298][422]LogUObjectHash: Compacting FUObjectHashTables data took   0.67ms
[2023.05.17-13.02.07:298][422]LogAudio: Display: Audio Device (ID: 1) registered with world 'MasterLevel'.
[2023.05.17-13.02.07:303][422]LogStreaming: Display: ULevelStreaming::RequestLevel(/Game/Maps/MansionV3_InfiniteDoorway3) is flushing async loading
[2023.05.17-13.02.07:303][422]LogStreaming: Display: FlushAsyncLoading: 1 QueuedPackages, 0 AsyncPackages
[2023.05.17-13.02.07:306][422]LogStreaming: Display: ULevelStreaming::RequestLevel(/Game/Maps/MansionV3_InfiniteDoorway2) is flushing async loading
[2023.05.17-13.02.07:308][422]LogStreaming: Display: ULevelStreaming::RequestLevel(/Game/Maps/MansionV3) is flushing async loading
[2023.05.17-13.02.07:335][422]LogStreaming: Display: ULevelStreaming::RequestLevel(/Game/Maps/MansionV2) is flushing async loading
[2023.05.17-13.02.07:361][422]LogStreaming: Display: ULevelStreaming::RequestLevel(/Game/Maps/MansionV3_InfiniteDoorway1) is flushing async loading
[2023.05.17-13.02.07:362][422]LogStreaming: Display: ULevelStreaming::RequestLevel(/Game/Maps/IntermediateV2_3) is flushing async loading
[2023.05.17-13.02.07:363][422]LogStreaming: Display: ULevelStreaming::RequestLevel(/Game/Maps/MansionV1) is flushing async loading
[2023.05.17-13.02.07:382][422]LogStreaming: Display: ULevelStreaming::RequestLevel(/Game/Maps/IntermediateV1_2) is flushing async loading
[2023.05.17-13.02.07:390][422]LogEditorServer: Finished looking for orphan Actors (0.000 secs)
[2023.05.17-13.02.07:390][422]LogAIModule: Creating AISystem for world MasterLevel
[2023.05.17-13.02.07:397][422]LogUObjectHash: Compacting FUObjectHashTables data took   0.58ms
[2023.05.17-13.02.07:401][422]Cmd: MAP CHECKDEP NOCLEARLOG
[2023.05.17-13.02.07:402][422]MapCheck: Map check complete: 0 Error(s), 0 Warning(s), took 0,25ms to complete.
[2023.05.17-13.02.07:402][422]LogFileHelpers: Loading map 'MasterLevel' took 0.113
[2023.05.17-13.02.07:418][422]LogUObjectHash: Compacting FUObjectHashTables data took   0.21ms
[2023.05.17-13.02.10:164][742]LogEditorViewport: Clicking on Actor (LMB): BP_KeyItem_C (BP_KeyItem4)
[2023.05.17-13.02.10:763][811]LogSlate: Took 0.000150 seconds to synchronously load lazily loaded font '../../../Engine/Content/Slate/Fonts/Roboto-Italic.ttf' (157K)
[2023.05.17-13.02.17:065][471]LogEditorViewport: Clicking on Actor (LMB): BP_KeyItem_C (BP_KeyItem4)
[2023.05.17-13.02.35:562][247]LogProperty: Warning: Illegal TEXT reference to a private object in external package (BP_Door_C /Game/Maps/MansionV3.MansionV3:PersistentLevel.BP_Door3_10) from referencer (BP_KeyItem_C /Game/Maps/MasterLevel.MasterLevel:PersistentLevel.BP_KeyItem4_11).  Import failed...
[2023.05.17-13.02.38:400][504]LogProperty: Warning: Illegal TEXT reference to a private object in external package (BP_Door_C /Game/Maps/MansionV3.MansionV3:PersistentLevel.BP_Door4_13) from referencer (BP_KeyItem_C /Game/Maps/MasterLevel.MasterLevel:PersistentLevel.BP_KeyItem4_11).  Import failed...
[2023.05.17-13.02.40:451][705]LogProperty: Warning: Illegal TEXT reference to a private object in external package (BP_ActivateSubLevel_C /Game/Maps/MansionV3.MansionV3:PersistentLevel.BP_ActivateSubLevel2_6) from referencer (BP_KeyItem_C /Game/Maps/MasterLevel.MasterLevel:PersistentLevel.BP_KeyItem4_11).  Import failed...
[2023.05.17-13.02.42:643][919]LogProperty: Warning: Illegal TEXT reference to a private object in external package (BP_ActivateSubLevel_C /Game/Maps/MansionV3.MansionV3:PersistentLevel.BP_ActivateSubLevel3_3) from referencer (BP_KeyItem_C /Game/Maps/MasterLevel.MasterLevel:PersistentLevel.BP_KeyItem4_11).  Import failed...
[2023.05.17-13.03.07:408][721]LogProperty: Warning: Illegal TEXT reference to a private object in external package (BP_Door_C /Game/Maps/MansionV3.MansionV3:PersistentLevel.BP_Door3_10) from referencer (BP_KeyItem_C /Game/Maps/MasterLevel.MasterLevel:PersistentLevel.BP_KeyItem4_11).  Import failed...
[2023.05.17-13.03.13:062][290]LogProperty: Warning: Illegal TEXT reference to a private object in external package (BP_Door_C /Game/Maps/MansionV3.MansionV3:PersistentLevel.BP_Door3_10) from referencer (BP_KeyItem_C /Game/Maps/MasterLevel.MasterLevel:PersistentLevel.BP_KeyItem4_11).  Import failed...
[2023.05.17-13.03.14:423][412]LogProperty: Warning: Illegal TEXT reference to a private object in external package (BP_Door_C /Game/Maps/MansionV3.MansionV3:PersistentLevel.BP_Door2_5) from referencer (BP_KeyItem_C /Game/Maps/MasterLevel.MasterLevel:PersistentLevel.BP_KeyItem4_11).  Import failed...
[2023.05.17-13.03.15:781][520]LogProperty: Warning: Illegal TEXT reference to a private object in external package (BP_Door_C /Game/Maps/MansionV3.MansionV3:PersistentLevel.BP_Door3_10) from referencer (BP_KeyItem_C /Game/Maps/MasterLevel.MasterLevel:PersistentLevel.BP_KeyItem4_11).  Import failed...
