Log file open, 05/22/23 14:58:27
LogWindows: Failed to load 'aqProf.dll' (GetLastError=126)
LogWindows: File 'aqProf.dll' does not exist
LogWindows: Failed to load 'VtuneApi.dll' (GetLastError=126)
LogWindows: File 'VtuneApi.dll' does not exist
LogWindows: Failed to load 'VtuneApi32e.dll' (GetLastError=126)
LogWindows: File 'VtuneApi32e.dll' does not exist
LogConsoleResponse: Display: Failed to find resolution value strings in scalability ini. Falling back to default.
LogConsoleResponse: Display: Failed to find resolution value strings in scalability ini. Falling back to default.
LogInit: Display: Running engine for game: LockedMind
LogPlatformFile: Not using cached read wrapper
LogTaskGraph: Started task graph with 5 named threads and 47 total threads with 3 sets of task threads.
LogStats: Stats thread started at 0.188589
LogICUInternationalization: ICU TimeZone Detection - Raw Offset: +1:00, Platform Override: ''
LogInit: Display: Loading text-based GConfig....
LogPluginManager: Mounting plugin MeshPainting
LogPluginManager: Mounting plugin XGEController
LogPluginManager: Mounting plugin Paper2D
LogPluginManager: Mounting plugin AISupport
LogPluginManager: Mounting plugin EnvironmentQueryEditor
LogPluginManager: Mounting plugin LiveLink
LogPluginManager: Mounting plugin CameraShakePreviewer
LogPluginManager: Mounting plugin GameplayCameras
LogPluginManager: Mounting plugin LightPropagationVolume
LogPluginManager: Mounting plugin AssetManagerEditor
LogPluginManager: Mounting plugin CurveEditorTools
LogPluginManager: Mounting plugin CryptoKeys
LogPluginManager: Mounting plugin DataValidation
LogPluginManager: Mounting plugin GeometryMode
LogPluginManager: Mounting plugin MacGraphicsSwitching
LogPluginManager: Mounting plugin GameplayTagsEditor
LogPluginManager: Mounting plugin MaterialAnalyzer
LogPluginManager: Mounting plugin OodleData
LogPluginManager: Mounting plugin MobileLauncherProfileWizard
LogPluginManager: Mounting plugin PluginBrowser
LogPluginManager: Mounting plugin FacialAnimation
LogPluginManager: Mounting plugin SpeedTreeImporter
LogPluginManager: Mounting plugin OodleNetwork
LogPluginManager: Mounting plugin DatasmithContent
LogPluginManager: Mounting plugin VariantManagerContent
LogPluginManager: Mounting plugin AlembicImporter
LogPluginManager: Mounting plugin Niagara
LogPluginManager: Mounting plugin AutomationUtils
LogPluginManager: Mounting plugin MagicLeap
LogPluginManager: Mounting plugin LuminPlatformFeatures
LogPluginManager: Mounting plugin BackChannel
LogPluginManager: Mounting plugin ChaosCloth
LogPluginManager: Mounting plugin ChaosClothEditor
LogPluginManager: Mounting plugin ChaosNiagara
LogPluginManager: Mounting plugin ChaosEditor
LogPluginManager: Mounting plugin MagicLeapLightEstimation
LogPluginManager: Mounting plugin ChaosSolverPlugin
LogPluginManager: Mounting plugin MagicLeapMedia
LogPluginManager: Mounting plugin CharacterAI
LogPluginManager: Mounting plugin MagicLeapPassableWorld
LogPluginManager: Mounting plugin MLSDK
LogPluginManager: Mounting plugin GeometryCache
LogPluginManager: Mounting plugin GeometryCollectionPlugin
LogPluginManager: Mounting plugin GeometryProcessing
LogPluginManager: Mounting plugin PlanarCut
LogPluginManager: Mounting plugin PlatformCrypto
LogPluginManager: Mounting plugin MotoSynth
LogPluginManager: Mounting plugin ProxyLODPlugin
LogPluginManager: Mounting plugin PythonScriptPlugin
LogPluginManager: Mounting plugin OpenImageDenoise
LogPluginManager: Mounting plugin SkeletalReduction
LogPluginManager: Mounting plugin AndroidMedia
LogPluginManager: Mounting plugin AvfMedia
LogPluginManager: Mounting plugin ImgMedia
LogPluginManager: Mounting plugin MediaCompositing
LogPluginManager: Mounting plugin MediaPlayerEditor
LogPluginManager: Mounting plugin WebMMedia
LogPluginManager: Mounting plugin WmfMedia
LogPluginManager: Mounting plugin TcpMessaging
LogPluginManager: Mounting plugin ActorSequence
LogPluginManager: Mounting plugin UdpMessaging
LogPluginManager: Mounting plugin MatineeToLevelSequence
LogPluginManager: Mounting plugin TemplateSequence
LogPluginManager: Mounting plugin LevelSequenceEditor
LogPluginManager: Mounting plugin OnlineSubsystem
LogPluginManager: Mounting plugin OnlineSubsystemUtils
LogPluginManager: Mounting plugin LauncherChunkInstaller
LogPluginManager: Mounting plugin ActorLayerUtilities
LogPluginManager: Mounting plugin AndroidMoviePlayer
LogPluginManager: Mounting plugin AndroidDeviceProfileSelector
LogPluginManager: Mounting plugin AndroidPermission
LogPluginManager: Mounting plugin AppleImageUtils
LogPluginManager: Mounting plugin AppleMoviePlayer
LogPluginManager: Mounting plugin ArchVisCharacter
LogPluginManager: Mounting plugin OnlineSubsystemNull
LogPluginManager: Mounting plugin AssetTags
LogPluginManager: Mounting plugin AudioCapture
LogPluginManager: Mounting plugin AudioSynesthesia
LogPluginManager: Mounting plugin CableComponent
LogPluginManager: Mounting plugin CustomMeshComponent
LogPluginManager: Mounting plugin ChunkDownloader
LogPluginManager: Mounting plugin ExampleDeviceProfileSelector
LogPluginManager: Mounting plugin GooglePAD
LogPluginManager: Mounting plugin EditableMesh
LogPluginManager: Mounting plugin GoogleCloudMessaging
LogPluginManager: Mounting plugin IOSDeviceProfileSelector
LogPluginManager: Mounting plugin LinuxDeviceProfileSelector
LogPluginManager: Mounting plugin LocationServicesBPLibrary
LogPluginManager: Mounting plugin MobilePatchingUtils
LogPluginManager: Mounting plugin OpenXR
LogPluginManager: Mounting plugin OpenXREyeTracker
LogPluginManager: Mounting plugin OpenXRHandTracking
LogPluginManager: Mounting plugin PostSplashScreen
LogPluginManager: Mounting plugin PhysXVehicles
LogPluginManager: Mounting plugin ProceduralMeshComponent
LogPluginManager: Mounting plugin PropertyAccessEditor
LogPluginManager: Mounting plugin RuntimePhysXCooking
LogPluginManager: Mounting plugin SignificanceManager
LogPluginManager: Mounting plugin SoundFields
LogPluginManager: Mounting plugin Synthesis
LogPluginManager: Mounting plugin WebMMoviePlayer
LogPluginManager: Mounting plugin WindowsMoviePlayer
LogPluginManager: Mounting plugin ScreenshotTools
LogPluginManager: Mounting plugin AnimationSharing
LogPluginManager: Mounting plugin Takes
LogPluginManager: Mounting plugin CLionSourceCodeAccess
LogPluginManager: Mounting plugin CodeLiteSourceCodeAccess
LogPluginManager: Mounting plugin GitSourceControl
LogPluginManager: Mounting plugin NullSourceCodeAccess
LogPluginManager: Mounting plugin KDevelopSourceCodeAccess
LogPluginManager: Mounting plugin PixWinPlugin
LogPluginManager: Mounting plugin PerforceSourceControl
LogPluginManager: Mounting plugin PlasticSourceControl
LogPluginManager: Mounting plugin PluginUtils
LogPluginManager: Mounting plugin PropertyAccessNode
LogPluginManager: Mounting plugin RiderSourceCodeAccess
LogPluginManager: Mounting plugin SubversionSourceControl
LogPluginManager: Mounting plugin TextureFormatOodle
LogPluginManager: Mounting plugin UObjectPlugin
LogPluginManager: Mounting plugin XCodeSourceCodeAccess
LogPluginManager: Mounting plugin VisualStudioSourceCodeAccess
LogPluginManager: Mounting plugin VisualStudioCodeSourceCodeAccess
LogPluginManager: Mounting plugin ContentBrowserAssetDataSource
LogPluginManager: Mounting plugin ContentBrowserFileDataSource
LogPluginManager: Mounting plugin ContentBrowserClassDataSource
LogPluginManager: Mounting plugin OnlineSubsystemGooglePlay
LogPluginManager: Mounting plugin OnlineSubsystemIOS
LogPluginManager: Mounting plugin OculusVR
LogPluginManager: Mounting plugin SteamVR
LogInit: Using libcurl 7.55.1-DEV
LogInit:  - built for x86_64-pc-win32
LogInit:  - supports SSL with OpenSSL/1.1.1
LogInit:  - supports HTTP deflate (compression) using libz 1.2.8
LogInit:  - other features:
LogInit:      CURL_VERSION_SSL
LogInit:      CURL_VERSION_LIBZ
LogInit:      CURL_VERSION_IPV6
LogInit:      CURL_VERSION_ASYNCHDNS
LogInit:      CURL_VERSION_LARGEFILE
LogInit:      CURL_VERSION_IDN
LogInit:  CurlRequestOptions (configurable via config and command line):
LogInit:  - bVerifyPeer = true  - Libcurl will verify peer certificate
LogInit:  - bUseHttpProxy = false  - Libcurl will NOT use HTTP proxy
LogInit:  - bDontReuseConnections = false  - Libcurl will reuse connections
LogInit:  - MaxHostConnections = 16  - Libcurl will limit the number of connections to a host
LogInit:  - LocalHostAddr = Default
LogInit:  - BufferSize = 65536
LogOnline: OSS: Creating online subsystem instance for: NULL
LogInit: WinSock: version 1.1 (2.2), MaxSocks=32767, MaxUdp=65467
LogOnline: OSS: TryLoadSubsystemAndSetDefault: Loaded subsystem for module [NULL]
PixWinPlugin: PIX capture plugin failed to initialize! Check that the process is launched from PIX.
LogOculusPluginWrapper: OculusPlugin initialized successfully
LogHMD: Failed initializing OVRPlugin 1.59.0
LogInit: Build: ++UE4+Release-4.27-CL-18319896
LogInit: Engine Version: 4.27.2-18319896+++UE4+Release-4.27
LogInit: Compatible Engine Version: 4.27.0-17155196+++UE4+Release-4.27
LogInit: Net CL: 17155196
LogInit: OS: Windows 10 (Release 2009) (), CPU: 11th Gen Intel(R) Core(TM) i7-11700 @ 2.50GHz, GPU: NVIDIA GeForce RTX 3070
LogInit: Compiled (64-bit): Nov 30 2021 07:12:08
LogInit: Compiled with Visual C++: 19.24.28315.00
LogInit: Build Configuration: Development
LogInit: Branch Name: ++UE4+Release-4.27
LogInit: Command Line:  /Game/Maps/MasterLevel -game -PIEVIACONSOLE -Multiprocess GameUserSettingsINI=C:/Users/l.lucas/Documents/LockedMind/LockedMind/Saved/Config/Windows/PIEGameUserSettings0.ini -MultiprocessSaveConfig -forcepassthrough -messaging -SessionName="Play in Standalone Game" -windowed -ResX=1280 -ResY=720
LogInit: Base Directory: C:/Program Files/Epic Games/UE_4.27/Engine/Binaries/Win64/
LogInit: Allocator: TBB
LogInit: Installed Engine Build: 1
LogDevObjectVersion: Number of dev versions registered: 29
LogDevObjectVersion:   Dev-Blueprints (B0D832E4-1F89-4F0D-ACCF-7EB736FD4AA2): 10
LogDevObjectVersion:   Dev-Build (E1C64328-A22C-4D53-A36C-8E866417BD8C): 0
LogDevObjectVersion:   Dev-Core (375EC13C-06E4-48FB-B500-84F0262A717E): 4
LogDevObjectVersion:   Dev-Editor (E4B068ED-F494-42E9-A231-DA0B2E46BB41): 40
LogDevObjectVersion:   Dev-Framework (CFFC743F-43B0-4480-9391-14DF171D2073): 37
LogDevObjectVersion:   Dev-Mobile (B02B49B5-BB20-44E9-A304-32B752E40360): 3
LogDevObjectVersion:   Dev-Networking (A4E4105C-59A1-49B5-A7C5-40C4547EDFEE): 0
LogDevObjectVersion:   Dev-Online (39C831C9-5AE6-47DC-9A44-9C173E1C8E7C): 0
LogDevObjectVersion:   Dev-Physics (78F01B33-EBEA-4F98-B9B4-84EACCB95AA2): 14
LogDevObjectVersion:   Dev-Platform (6631380F-2D4D-43E0-8009-CF276956A95A): 0
LogDevObjectVersion:   Dev-Rendering (12F88B9F-8875-4AFC-A67C-D90C383ABD29): 45
LogDevObjectVersion:   Dev-Sequencer (7B5AE74C-D270-4C10-A958-57980B212A5A): 13
LogDevObjectVersion:   Dev-VR (D7296918-1DD6-4BDD-9DE2-64A83CC13884): 3
LogDevObjectVersion:   Dev-LoadTimes (C2A15278-BFE7-4AFE-6C17-90FF531DF755): 1
LogDevObjectVersion:   Private-Geometry (6EACA3D4-40EC-4CC1-B786-8BED09428FC5): 3
LogDevObjectVersion:   Dev-AnimPhys (29E575DD-E0A3-4627-9D10-D276232CDCEA): 17
LogDevObjectVersion:   Dev-Anim (AF43A65D-7FD3-4947-9873-3E8ED9C1BB05): 15
LogDevObjectVersion:   Dev-ReflectionCapture (6B266CEC-1EC7-4B8F-A30B-E4D90942FC07): 1
LogDevObjectVersion:   Dev-Automation (0DF73D61-A23F-47EA-B727-89E90C41499A): 1
LogDevObjectVersion:   FortniteMain (601D1886-AC64-4F84-AA16-D3DE0DEAC7D6): 47
LogDevObjectVersion:   FortniteRelease (E7086368-6B23-4C58-8439-1B7016265E91): 1
LogDevObjectVersion:   Dev-Enterprise (9DFFBCD6-494F-0158-E221-12823C92A888): 10
LogDevObjectVersion:   Dev-Niagara (F2AED0AC-9AFE-416F-8664-AA7FFA26D6FC): 1
LogDevObjectVersion:   Dev-Destruction (174F1F0B-B4C6-45A5-B13F-2EE8D0FB917D): 10
LogDevObjectVersion:   Dev-Physics-Ext (35F94A83-E258-406C-A318-09F59610247C): 41
LogDevObjectVersion:   Dev-PhysicsMaterial-Chaos (B68FC16E-8B1B-42E2-B453-215C058844FE): 1
LogDevObjectVersion:   Dev-CineCamera (B2E18506-4273-CFC2-A54E-F4BB758BBA07): 1
LogDevObjectVersion:   Dev-VirtualProduction (64F58936-FD1B-42BA-BA96-7289D5D0FA4E): 1
LogDevObjectVersion:   Dev-MediaFramework (6F0ED827-A609-4895-9C91-998D90180EA4): 2
LogInit: Presizing for max 25165824 objects, including 0 objects not considered by GC, pre-allocating 0 bytes for permanent pool.
LogConfig: Applying CVar settings from Section [/Script/Engine.StreamingSettings] File [C:/Users/l.lucas/Documents/LockedMind/LockedMind/Saved/Config/Windows/Engine.ini]
LogConfig: Setting CVar [[s.MinBulkDataSizeForAsyncLoading:131072]]
LogConfig: Setting CVar [[s.AsyncLoadingThreadEnabled:0]]
LogConfig: Setting CVar [[s.EventDrivenLoaderEnabled:1]]
LogConfig: Setting CVar [[s.WarnIfTimeLimitExceeded:0]]
LogConfig: Setting CVar [[s.TimeLimitExceededMultiplier:1.5]]
LogConfig: Setting CVar [[s.TimeLimitExceededMinTime:0.005]]
LogConfig: Setting CVar [[s.UseBackgroundLevelStreaming:1]]
LogConfig: Setting CVar [[s.PriorityAsyncLoadingExtraTime:15.0]]
LogConfig: Setting CVar [[s.LevelStreamingActorsUpdateTimeLimit:5.0]]
LogConfig: Setting CVar [[s.PriorityLevelStreamingActorsUpdateExtraTime:5.0]]
LogConfig: Setting CVar [[s.LevelStreamingComponentsRegistrationGranularity:10]]
LogConfig: Setting CVar [[s.UnregisterComponentsTimeLimit:1.0]]
LogConfig: Setting CVar [[s.LevelStreamingComponentsUnregistrationGranularity:5]]
LogConfig: Setting CVar [[s.FlushStreamingOnExit:1]]
LogInit: Object subsystem initialized
LogConfig: Setting CVar [[con.DebugEarlyDefault:1]]
LogConfig: Setting CVar [[r.setres:1280x720]]
[2023.05.22-12.58.27:714][  0]LogConfig: Setting CVar [[con.DebugEarlyDefault:1]]
[2023.05.22-12.58.27:714][  0]LogConfig: Setting CVar [[r.setres:1280x720]]
[2023.05.22-12.58.27:714][  0]LogConfig: Applying CVar settings from Section [/Script/Engine.RendererSettings] File [C:/Users/l.lucas/Documents/LockedMind/LockedMind/Saved/Config/Windows/Engine.ini]
[2023.05.22-12.58.27:714][  0]LogConfig: Setting CVar [[r.GPUCrashDebugging:0]]
[2023.05.22-12.58.27:714][  0]LogConfig: Applying CVar settings from Section [/Script/Engine.RendererOverrideSettings] File [C:/Users/l.lucas/Documents/LockedMind/LockedMind/Saved/Config/Windows/Engine.ini]
[2023.05.22-12.58.27:714][  0]LogConfig: Applying CVar settings from Section [/Script/Engine.StreamingSettings] File [C:/Users/l.lucas/Documents/LockedMind/LockedMind/Saved/Config/Windows/Engine.ini]
[2023.05.22-12.58.27:714][  0]LogConfig: Setting CVar [[s.MinBulkDataSizeForAsyncLoading:131072]]
[2023.05.22-12.58.27:714][  0]LogConfig: Setting CVar [[s.AsyncLoadingThreadEnabled:0]]
[2023.05.22-12.58.27:714][  0]LogConfig: Setting CVar [[s.EventDrivenLoaderEnabled:1]]
[2023.05.22-12.58.27:714][  0]LogConfig: Setting CVar [[s.WarnIfTimeLimitExceeded:0]]
[2023.05.22-12.58.27:714][  0]LogConfig: Setting CVar [[s.TimeLimitExceededMultiplier:1.5]]
[2023.05.22-12.58.27:714][  0]LogConfig: Setting CVar [[s.TimeLimitExceededMinTime:0.005]]
[2023.05.22-12.58.27:714][  0]LogConfig: Setting CVar [[s.UseBackgroundLevelStreaming:1]]
[2023.05.22-12.58.27:714][  0]LogConfig: Setting CVar [[s.PriorityAsyncLoadingExtraTime:15.0]]
[2023.05.22-12.58.27:714][  0]LogConfig: Setting CVar [[s.LevelStreamingActorsUpdateTimeLimit:5.0]]
[2023.05.22-12.58.27:714][  0]LogConfig: Setting CVar [[s.PriorityLevelStreamingActorsUpdateExtraTime:5.0]]
[2023.05.22-12.58.27:714][  0]LogConfig: Setting CVar [[s.LevelStreamingComponentsRegistrationGranularity:10]]
[2023.05.22-12.58.27:714][  0]LogConfig: Setting CVar [[s.UnregisterComponentsTimeLimit:1.0]]
[2023.05.22-12.58.27:714][  0]LogConfig: Setting CVar [[s.LevelStreamingComponentsUnregistrationGranularity:5]]
[2023.05.22-12.58.27:714][  0]LogConfig: Setting CVar [[s.FlushStreamingOnExit:1]]
[2023.05.22-12.58.27:714][  0]LogConfig: Applying CVar settings from Section [/Script/Engine.GarbageCollectionSettings] File [C:/Users/l.lucas/Documents/LockedMind/LockedMind/Saved/Config/Windows/Engine.ini]
[2023.05.22-12.58.27:714][  0]LogConfig: Setting CVar [[gc.MaxObjectsNotConsideredByGC:1]]
[2023.05.22-12.58.27:714][  0]LogConfig: Setting CVar [[gc.SizeOfPermanentObjectPool:0]]
[2023.05.22-12.58.27:714][  0]LogConfig: Setting CVar [[gc.FlushStreamingOnGC:0]]
[2023.05.22-12.58.27:714][  0]LogConfig: Setting CVar [[gc.NumRetriesBeforeForcingGC:10]]
[2023.05.22-12.58.27:714][  0]LogConfig: Setting CVar [[gc.AllowParallelGC:1]]
[2023.05.22-12.58.27:714][  0]LogConfig: Setting CVar [[gc.TimeBetweenPurgingPendingKillObjects:61.1]]
[2023.05.22-12.58.27:714][  0]LogConfig: Setting CVar [[gc.MaxObjectsInEditor:25165824]]
[2023.05.22-12.58.27:714][  0]LogConfig: Setting CVar [[gc.IncrementalBeginDestroyEnabled:1]]
[2023.05.22-12.58.27:714][  0]LogConfig: Setting CVar [[gc.CreateGCClusters:1]]
[2023.05.22-12.58.27:714][  0]LogConfig: Setting CVar [[gc.MinGCClusterSize:5]]
[2023.05.22-12.58.27:714][  0]LogConfig: Setting CVar [[gc.ActorClusteringEnabled:0]]
[2023.05.22-12.58.27:714][  0]LogConfig: Setting CVar [[gc.BlueprintClusteringEnabled:0]]
[2023.05.22-12.58.27:714][  0]LogConfig: Setting CVar [[gc.UseDisregardForGCOnDedicatedServers:0]]
[2023.05.22-12.58.27:714][  0]LogConfig: Setting CVar [[gc.MultithreadedDestructionEnabled:1]]
[2023.05.22-12.58.27:714][  0]LogConfig: Applying CVar settings from Section [/Script/Engine.NetworkSettings] File [C:/Users/l.lucas/Documents/LockedMind/LockedMind/Saved/Config/Windows/Engine.ini]
[2023.05.22-12.58.27:714][  0]LogConfig: Applying CVar settings from Section [/Script/UnrealEd.CookerSettings] File [C:/Users/l.lucas/Documents/LockedMind/LockedMind/Saved/Config/Windows/Engine.ini]
[2023.05.22-12.58.27:720][  0]LogConfig: Applying CVar settings from Section [ViewDistanceQuality@3] File [C:/Users/l.lucas/Documents/LockedMind/LockedMind/Saved/Config/Windows/Scalability.ini]
[2023.05.22-12.58.27:720][  0]LogConfig: Setting CVar [[r.SkeletalMeshLODBias:0]]
[2023.05.22-12.58.27:720][  0]LogConfig: Setting CVar [[r.ViewDistanceScale:1.0]]
[2023.05.22-12.58.27:720][  0]LogConfig: Applying CVar settings from Section [AntiAliasingQuality@3] File [C:/Users/l.lucas/Documents/LockedMind/LockedMind/Saved/Config/Windows/Scalability.ini]
[2023.05.22-12.58.27:720][  0]LogConfig: Setting CVar [[r.PostProcessAAQuality:4]]
[2023.05.22-12.58.27:720][  0]LogConfig: Applying CVar settings from Section [ShadowQuality@3] File [C:/Users/l.lucas/Documents/LockedMind/LockedMind/Saved/Config/Windows/Scalability.ini]
[2023.05.22-12.58.27:720][  0]LogConfig: Setting CVar [[r.LightFunctionQuality:1]]
[2023.05.22-12.58.27:720][  0]LogConfig: Setting CVar [[r.ShadowQuality:5]]
[2023.05.22-12.58.27:720][  0]LogConfig: Setting CVar [[r.Shadow.CSM.MaxCascades:10]]
[2023.05.22-12.58.27:720][  0]LogConfig: Setting CVar [[r.Shadow.MaxResolution:2048]]
[2023.05.22-12.58.27:720][  0]LogConfig: Setting CVar [[r.Shadow.MaxCSMResolution:2048]]
[2023.05.22-12.58.27:720][  0]LogConfig: Setting CVar [[r.Shadow.RadiusThreshold:0.01]]
[2023.05.22-12.58.27:720][  0]LogConfig: Setting CVar [[r.Shadow.DistanceScale:1.0]]
[2023.05.22-12.58.27:720][  0]LogConfig: Setting CVar [[r.Shadow.CSM.TransitionScale:1.0]]
[2023.05.22-12.58.27:720][  0]LogConfig: Setting CVar [[r.Shadow.PreShadowResolutionFactor:1.0]]
[2023.05.22-12.58.27:720][  0]LogConfig: Setting CVar [[r.DistanceFieldShadowing:1]]
[2023.05.22-12.58.27:720][  0]LogConfig: Setting CVar [[r.DistanceFieldAO:1]]
[2023.05.22-12.58.27:720][  0]LogConfig: Setting CVar [[r.AOQuality:2]]
[2023.05.22-12.58.27:720][  0]LogConfig: Setting CVar [[r.VolumetricFog:1]]
[2023.05.22-12.58.27:720][  0]LogConfig: Setting CVar [[r.VolumetricFog.GridPixelSize:8]]
[2023.05.22-12.58.27:720][  0]LogConfig: Setting CVar [[r.VolumetricFog.GridSizeZ:128]]
[2023.05.22-12.58.27:720][  0]LogConfig: Setting CVar [[r.VolumetricFog.HistoryMissSupersampleCount:4]]
[2023.05.22-12.58.27:720][  0]LogConfig: Setting CVar [[r.LightMaxDrawDistanceScale:1]]
[2023.05.22-12.58.27:720][  0]LogConfig: Setting CVar [[r.CapsuleShadows:1]]
[2023.05.22-12.58.27:720][  0]LogConfig: Applying CVar settings from Section [PostProcessQuality@3] File [C:/Users/l.lucas/Documents/LockedMind/LockedMind/Saved/Config/Windows/Scalability.ini]
[2023.05.22-12.58.27:720][  0]LogConfig: Setting CVar [[r.MotionBlurQuality:4]]
[2023.05.22-12.58.27:720][  0]LogConfig: Setting CVar [[r.AmbientOcclusionMipLevelFactor:0.4]]
[2023.05.22-12.58.27:720][  0]LogConfig: Setting CVar [[r.AmbientOcclusionMaxQuality:100]]
[2023.05.22-12.58.27:720][  0]LogConfig: Setting CVar [[r.AmbientOcclusionLevels:-1]]
[2023.05.22-12.58.27:720][  0]LogConfig: Setting CVar [[r.AmbientOcclusionRadiusScale:1.0]]
[2023.05.22-12.58.27:720][  0]LogConfig: Setting CVar [[r.DepthOfFieldQuality:2]]
[2023.05.22-12.58.27:720][  0]LogConfig: Setting CVar [[r.RenderTargetPoolMin:400]]
[2023.05.22-12.58.27:720][  0]LogConfig: Setting CVar [[r.LensFlareQuality:2]]
[2023.05.22-12.58.27:720][  0]LogConfig: Setting CVar [[r.SceneColorFringeQuality:1]]
[2023.05.22-12.58.27:720][  0]LogConfig: Setting CVar [[r.EyeAdaptationQuality:2]]
[2023.05.22-12.58.27:720][  0]LogConfig: Setting CVar [[r.BloomQuality:5]]
[2023.05.22-12.58.27:720][  0]LogConfig: Setting CVar [[r.FastBlurThreshold:100]]
[2023.05.22-12.58.27:720][  0]LogConfig: Setting CVar [[r.Upscale.Quality:3]]
[2023.05.22-12.58.27:720][  0]LogConfig: Setting CVar [[r.Tonemapper.GrainQuantization:1]]
[2023.05.22-12.58.27:720][  0]LogConfig: Setting CVar [[r.LightShaftQuality:1]]
[2023.05.22-12.58.27:720][  0]LogConfig: Setting CVar [[r.Filter.SizeScale:1]]
[2023.05.22-12.58.27:720][  0]LogConfig: Setting CVar [[r.Tonemapper.Quality:5]]
[2023.05.22-12.58.27:720][  0]LogConfig: Setting CVar [[r.DOF.Gather.AccumulatorQuality:1        ; higher gathering accumulator quality]]
[2023.05.22-12.58.27:720][  0]LogConfig: Setting CVar [[r.DOF.Gather.PostfilterMethod:1          ; Median3x3 postfilering method]]
[2023.05.22-12.58.27:720][  0]LogConfig: Setting CVar [[r.DOF.Gather.EnableBokehSettings:0       ; no bokeh simulation when gathering]]
[2023.05.22-12.58.27:720][  0]LogConfig: Setting CVar [[r.DOF.Gather.RingCount:4                 ; medium number of samples when gathering]]
[2023.05.22-12.58.27:720][  0]LogConfig: Setting CVar [[r.DOF.Scatter.ForegroundCompositing:1    ; additive foreground scattering]]
[2023.05.22-12.58.27:720][  0]LogConfig: Setting CVar [[r.DOF.Scatter.BackgroundCompositing:2    ; additive background scattering]]
[2023.05.22-12.58.27:720][  0]LogConfig: Setting CVar [[r.DOF.Scatter.EnableBokehSettings:1      ; bokeh simulation when scattering]]
[2023.05.22-12.58.27:720][  0]LogConfig: Setting CVar [[r.DOF.Scatter.MaxSpriteRatio:0.1         ; only a maximum of 10% of scattered bokeh]]
[2023.05.22-12.58.27:720][  0]LogConfig: Setting CVar [[r.DOF.Recombine.Quality:1                ; cheap slight out of focus]]
[2023.05.22-12.58.27:720][  0]LogConfig: Setting CVar [[r.DOF.Recombine.EnableBokehSettings:0    ; no bokeh simulation on slight out of focus]]
[2023.05.22-12.58.27:720][  0]LogConfig: Setting CVar [[r.DOF.TemporalAAQuality:1                ; more stable temporal accumulation]]
[2023.05.22-12.58.27:720][  0]LogConfig: Setting CVar [[r.DOF.Kernel.MaxForegroundRadius:0.025]]
[2023.05.22-12.58.27:720][  0]LogConfig: Setting CVar [[r.DOF.Kernel.MaxBackgroundRadius:0.025]]
[2023.05.22-12.58.27:720][  0]LogConfig: Applying CVar settings from Section [TextureQuality@3] File [C:/Users/l.lucas/Documents/LockedMind/LockedMind/Saved/Config/Windows/Scalability.ini]
[2023.05.22-12.58.27:720][  0]LogConfig: Setting CVar [[r.Streaming.MipBias:0]]
[2023.05.22-12.58.27:720][  0]LogConfig: Setting CVar [[r.Streaming.AmortizeCPUToGPUCopy:0]]
[2023.05.22-12.58.27:720][  0]LogConfig: Setting CVar [[r.Streaming.MaxNumTexturesToStreamPerFrame:0]]
[2023.05.22-12.58.27:720][  0]LogConfig: Setting CVar [[r.Streaming.Boost:1]]
[2023.05.22-12.58.27:720][  0]LogConfig: Setting CVar [[r.MaxAnisotropy:8]]
[2023.05.22-12.58.27:720][  0]LogConfig: Setting CVar [[r.VT.MaxAnisotropy:8]]
[2023.05.22-12.58.27:720][  0]LogConfig: Setting CVar [[r.Streaming.LimitPoolSizeToVRAM:0]]
[2023.05.22-12.58.27:720][  0]LogConfig: Setting CVar [[r.Streaming.PoolSize:1000]]
[2023.05.22-12.58.27:720][  0]LogConfig: Setting CVar [[r.Streaming.MaxEffectiveScreenSize:0]]
[2023.05.22-12.58.27:720][  0]LogConfig: Applying CVar settings from Section [EffectsQuality@3] File [C:/Users/l.lucas/Documents/LockedMind/LockedMind/Saved/Config/Windows/Scalability.ini]
[2023.05.22-12.58.27:720][  0]LogConfig: Setting CVar [[r.TranslucencyLightingVolumeDim:64]]
[2023.05.22-12.58.27:720][  0]LogConfig: Setting CVar [[r.RefractionQuality:2]]
[2023.05.22-12.58.27:720][  0]LogConfig: Setting CVar [[r.SSR.Quality:3]]
[2023.05.22-12.58.27:720][  0]LogConfig: Setting CVar [[r.SSR.HalfResSceneColor:0]]
[2023.05.22-12.58.27:720][  0]LogConfig: Setting CVar [[r.SceneColorFormat:4]]
[2023.05.22-12.58.27:720][  0]LogConfig: Setting CVar [[r.DetailMode:2]]
[2023.05.22-12.58.27:721][  0]LogConfig: Setting CVar [[r.TranslucencyVolumeBlur:1]]
[2023.05.22-12.58.27:721][  0]LogConfig: Setting CVar [[r.MaterialQualityLevel:1 ; High quality]]
[2023.05.22-12.58.27:721][  0]LogConfig: Setting CVar [[r.AnisotropicMaterials:1]]
[2023.05.22-12.58.27:721][  0]LogConfig: Setting CVar [[r.SSS.Scale:1]]
[2023.05.22-12.58.27:721][  0]LogConfig: Setting CVar [[r.SSS.SampleSet:2]]
[2023.05.22-12.58.27:721][  0]LogConfig: Setting CVar [[r.SSS.Quality:1]]
[2023.05.22-12.58.27:721][  0]LogConfig: Setting CVar [[r.SSS.HalfRes:0]]
[2023.05.22-12.58.27:721][  0]LogConfig: Setting CVar [[r.SSGI.Quality:3]]
[2023.05.22-12.58.27:721][  0]LogConfig: Setting CVar [[r.EmitterSpawnRateScale:1.0]]
[2023.05.22-12.58.27:721][  0]LogConfig: Setting CVar [[r.ParticleLightQuality:2]]
[2023.05.22-12.58.27:721][  0]LogConfig: Setting CVar [[r.SkyAtmosphere.AerialPerspectiveLUT.FastApplyOnOpaque:1 ; Always have FastSkyLUT 1 in this case to avoid wrong sky]]
[2023.05.22-12.58.27:721][  0]LogConfig: Setting CVar [[r.SkyAtmosphere.AerialPerspectiveLUT.SampleCountMaxPerSlice:4]]
[2023.05.22-12.58.27:721][  0]LogConfig: Setting CVar [[r.SkyAtmosphere.AerialPerspectiveLUT.DepthResolution:16.0]]
[2023.05.22-12.58.27:721][  0]LogConfig: Setting CVar [[r.SkyAtmosphere.FastSkyLUT:1]]
[2023.05.22-12.58.27:721][  0]LogConfig: Setting CVar [[r.SkyAtmosphere.FastSkyLUT.SampleCountMin:4.0]]
[2023.05.22-12.58.27:721][  0]LogConfig: Setting CVar [[r.SkyAtmosphere.FastSkyLUT.SampleCountMax:128.0]]
[2023.05.22-12.58.27:721][  0]LogConfig: Setting CVar [[r.SkyAtmosphere.SampleCountMin:4.0]]
[2023.05.22-12.58.27:721][  0]LogConfig: Setting CVar [[r.SkyAtmosphere.SampleCountMax:128.0]]
[2023.05.22-12.58.27:721][  0]LogConfig: Setting CVar [[r.SkyAtmosphere.TransmittanceLUT.UseSmallFormat:0]]
[2023.05.22-12.58.27:721][  0]LogConfig: Setting CVar [[r.SkyAtmosphere.TransmittanceLUT.SampleCount:10.0]]
[2023.05.22-12.58.27:721][  0]LogConfig: Setting CVar [[r.SkyAtmosphere.MultiScatteringLUT.SampleCount:15.0]]
[2023.05.22-12.58.27:721][  0]LogConfig: Setting CVar [[r.SkyLight.RealTimeReflectionCapture:1]]
[2023.05.22-12.58.27:721][  0]LogConfig: Applying CVar settings from Section [FoliageQuality@3] File [C:/Users/l.lucas/Documents/LockedMind/LockedMind/Saved/Config/Windows/Scalability.ini]
[2023.05.22-12.58.27:721][  0]LogConfig: Setting CVar [[foliage.DensityScale:1.0]]
[2023.05.22-12.58.27:721][  0]LogConfig: Setting CVar [[grass.DensityScale:1.0]]
[2023.05.22-12.58.27:721][  0]LogConfig: Applying CVar settings from Section [ShadingQuality@3] File [C:/Users/l.lucas/Documents/LockedMind/LockedMind/Saved/Config/Windows/Scalability.ini]
[2023.05.22-12.58.27:721][  0]LogConfig: Setting CVar [[r.HairStrands.SkyLighting.IntegrationType:2]]
[2023.05.22-12.58.27:721][  0]LogConfig: Setting CVar [[r.HairStrands.SkyAO.SampleCount:4]]
[2023.05.22-12.58.27:721][  0]LogConfig: Setting CVar [[r.HairStrands.Visibility.MSAA.SamplePerPixel:4]]
[2023.05.22-12.58.27:721][  0]LogInit: Selected Device Profile: [Windows]
[2023.05.22-12.58.27:721][  0]LogInit: Applying CVar settings loaded from the selected device profile: [Windows]
[2023.05.22-12.58.27:721][  0]LogHAL: Display: Platform has ~ 16 GB [16945225728 / 17179869184 / 16], which maps to Larger [LargestMinGB=32, LargerMinGB=12, DefaultMinGB=8, SmallerMinGB=6, SmallestMinGB=0)
[2023.05.22-12.58.27:721][  0]LogInit: Going up to parent DeviceProfile []
[2023.05.22-12.58.27:721][  0]LogConfig: Applying CVar settings from Section [ViewDistanceQuality@3] File [C:/Users/l.lucas/Documents/LockedMind/LockedMind/Saved/Config/Windows/Scalability.ini]
[2023.05.22-12.58.27:721][  0]LogConfig: Setting CVar [[r.SkeletalMeshLODBias:0]]
[2023.05.22-12.58.27:721][  0]LogConfig: Setting CVar [[r.ViewDistanceScale:1.0]]
[2023.05.22-12.58.27:721][  0]LogConfig: Applying CVar settings from Section [AntiAliasingQuality@3] File [C:/Users/l.lucas/Documents/LockedMind/LockedMind/Saved/Config/Windows/Scalability.ini]
[2023.05.22-12.58.27:721][  0]LogConfig: Setting CVar [[r.PostProcessAAQuality:4]]
[2023.05.22-12.58.27:721][  0]LogConfig: Applying CVar settings from Section [ShadowQuality@3] File [C:/Users/l.lucas/Documents/LockedMind/LockedMind/Saved/Config/Windows/Scalability.ini]
[2023.05.22-12.58.27:721][  0]LogConfig: Setting CVar [[r.LightFunctionQuality:1]]
[2023.05.22-12.58.27:721][  0]LogConfig: Setting CVar [[r.ShadowQuality:5]]
[2023.05.22-12.58.27:721][  0]LogConfig: Setting CVar [[r.Shadow.CSM.MaxCascades:10]]
[2023.05.22-12.58.27:721][  0]LogConfig: Setting CVar [[r.Shadow.MaxResolution:2048]]
[2023.05.22-12.58.27:721][  0]LogConfig: Setting CVar [[r.Shadow.MaxCSMResolution:2048]]
[2023.05.22-12.58.27:721][  0]LogConfig: Setting CVar [[r.Shadow.RadiusThreshold:0.01]]
[2023.05.22-12.58.27:721][  0]LogConfig: Setting CVar [[r.Shadow.DistanceScale:1.0]]
[2023.05.22-12.58.27:721][  0]LogConfig: Setting CVar [[r.Shadow.CSM.TransitionScale:1.0]]
[2023.05.22-12.58.27:721][  0]LogConfig: Setting CVar [[r.Shadow.PreShadowResolutionFactor:1.0]]
[2023.05.22-12.58.27:721][  0]LogConfig: Setting CVar [[r.DistanceFieldShadowing:1]]
[2023.05.22-12.58.27:721][  0]LogConfig: Setting CVar [[r.DistanceFieldAO:1]]
[2023.05.22-12.58.27:721][  0]LogConfig: Setting CVar [[r.AOQuality:2]]
[2023.05.22-12.58.27:721][  0]LogConfig: Setting CVar [[r.VolumetricFog:1]]
[2023.05.22-12.58.27:721][  0]LogConfig: Setting CVar [[r.VolumetricFog.GridPixelSize:8]]
[2023.05.22-12.58.27:721][  0]LogConfig: Setting CVar [[r.VolumetricFog.GridSizeZ:128]]
[2023.05.22-12.58.27:721][  0]LogConfig: Setting CVar [[r.VolumetricFog.HistoryMissSupersampleCount:4]]
[2023.05.22-12.58.27:721][  0]LogConfig: Setting CVar [[r.LightMaxDrawDistanceScale:1]]
[2023.05.22-12.58.27:721][  0]LogConfig: Setting CVar [[r.CapsuleShadows:1]]
[2023.05.22-12.58.27:721][  0]LogConfig: Applying CVar settings from Section [PostProcessQuality@3] File [C:/Users/l.lucas/Documents/LockedMind/LockedMind/Saved/Config/Windows/Scalability.ini]
[2023.05.22-12.58.27:721][  0]LogConfig: Setting CVar [[r.MotionBlurQuality:4]]
[2023.05.22-12.58.27:721][  0]LogConfig: Setting CVar [[r.AmbientOcclusionMipLevelFactor:0.4]]
[2023.05.22-12.58.27:721][  0]LogConfig: Setting CVar [[r.AmbientOcclusionMaxQuality:100]]
[2023.05.22-12.58.27:721][  0]LogConfig: Setting CVar [[r.AmbientOcclusionLevels:-1]]
[2023.05.22-12.58.27:721][  0]LogConfig: Setting CVar [[r.AmbientOcclusionRadiusScale:1.0]]
[2023.05.22-12.58.27:721][  0]LogConfig: Setting CVar [[r.DepthOfFieldQuality:2]]
[2023.05.22-12.58.27:721][  0]LogConfig: Setting CVar [[r.RenderTargetPoolMin:400]]
[2023.05.22-12.58.27:721][  0]LogConfig: Setting CVar [[r.LensFlareQuality:2]]
[2023.05.22-12.58.27:721][  0]LogConfig: Setting CVar [[r.SceneColorFringeQuality:1]]
[2023.05.22-12.58.27:721][  0]LogConfig: Setting CVar [[r.EyeAdaptationQuality:2]]
[2023.05.22-12.58.27:721][  0]LogConfig: Setting CVar [[r.BloomQuality:5]]
[2023.05.22-12.58.27:721][  0]LogConfig: Setting CVar [[r.FastBlurThreshold:100]]
[2023.05.22-12.58.27:721][  0]LogConfig: Setting CVar [[r.Upscale.Quality:3]]
[2023.05.22-12.58.27:721][  0]LogConfig: Setting CVar [[r.Tonemapper.GrainQuantization:1]]
[2023.05.22-12.58.27:721][  0]LogConfig: Setting CVar [[r.LightShaftQuality:1]]
[2023.05.22-12.58.27:721][  0]LogConfig: Setting CVar [[r.Filter.SizeScale:1]]
[2023.05.22-12.58.27:721][  0]LogConfig: Setting CVar [[r.Tonemapper.Quality:5]]
[2023.05.22-12.58.27:721][  0]LogConfig: Setting CVar [[r.DOF.Gather.AccumulatorQuality:1        ; higher gathering accumulator quality]]
[2023.05.22-12.58.27:721][  0]LogConfig: Setting CVar [[r.DOF.Gather.PostfilterMethod:1          ; Median3x3 postfilering method]]
[2023.05.22-12.58.27:721][  0]LogConfig: Setting CVar [[r.DOF.Gather.EnableBokehSettings:0       ; no bokeh simulation when gathering]]
[2023.05.22-12.58.27:721][  0]LogConfig: Setting CVar [[r.DOF.Gather.RingCount:4                 ; medium number of samples when gathering]]
[2023.05.22-12.58.27:721][  0]LogConfig: Setting CVar [[r.DOF.Scatter.ForegroundCompositing:1    ; additive foreground scattering]]
[2023.05.22-12.58.27:721][  0]LogConfig: Setting CVar [[r.DOF.Scatter.BackgroundCompositing:2    ; additive background scattering]]
[2023.05.22-12.58.27:721][  0]LogConfig: Setting CVar [[r.DOF.Scatter.EnableBokehSettings:1      ; bokeh simulation when scattering]]
[2023.05.22-12.58.27:721][  0]LogConfig: Setting CVar [[r.DOF.Scatter.MaxSpriteRatio:0.1         ; only a maximum of 10% of scattered bokeh]]
[2023.05.22-12.58.27:721][  0]LogConfig: Setting CVar [[r.DOF.Recombine.Quality:1                ; cheap slight out of focus]]
[2023.05.22-12.58.27:721][  0]LogConfig: Setting CVar [[r.DOF.Recombine.EnableBokehSettings:0    ; no bokeh simulation on slight out of focus]]
[2023.05.22-12.58.27:721][  0]LogConfig: Setting CVar [[r.DOF.TemporalAAQuality:1                ; more stable temporal accumulation]]
[2023.05.22-12.58.27:721][  0]LogConfig: Setting CVar [[r.DOF.Kernel.MaxForegroundRadius:0.025]]
[2023.05.22-12.58.27:721][  0]LogConfig: Setting CVar [[r.DOF.Kernel.MaxBackgroundRadius:0.025]]
[2023.05.22-12.58.27:721][  0]LogConfig: Applying CVar settings from Section [TextureQuality@3] File [C:/Users/l.lucas/Documents/LockedMind/LockedMind/Saved/Config/Windows/Scalability.ini]
[2023.05.22-12.58.27:721][  0]LogConfig: Setting CVar [[r.Streaming.MipBias:0]]
[2023.05.22-12.58.27:721][  0]LogConfig: Setting CVar [[r.Streaming.AmortizeCPUToGPUCopy:0]]
[2023.05.22-12.58.27:721][  0]LogConfig: Setting CVar [[r.Streaming.MaxNumTexturesToStreamPerFrame:0]]
[2023.05.22-12.58.27:721][  0]LogConfig: Setting CVar [[r.Streaming.Boost:1]]
[2023.05.22-12.58.27:721][  0]LogConfig: Setting CVar [[r.MaxAnisotropy:8]]
[2023.05.22-12.58.27:721][  0]LogConfig: Setting CVar [[r.VT.MaxAnisotropy:8]]
[2023.05.22-12.58.27:721][  0]LogConfig: Setting CVar [[r.Streaming.LimitPoolSizeToVRAM:0]]
[2023.05.22-12.58.27:721][  0]LogConfig: Setting CVar [[r.Streaming.PoolSize:1000]]
[2023.05.22-12.58.27:721][  0]LogConfig: Setting CVar [[r.Streaming.MaxEffectiveScreenSize:0]]
[2023.05.22-12.58.27:721][  0]LogConfig: Applying CVar settings from Section [EffectsQuality@3] File [C:/Users/l.lucas/Documents/LockedMind/LockedMind/Saved/Config/Windows/Scalability.ini]
[2023.05.22-12.58.27:721][  0]LogConfig: Setting CVar [[r.TranslucencyLightingVolumeDim:64]]
[2023.05.22-12.58.27:721][  0]LogConfig: Setting CVar [[r.RefractionQuality:2]]
[2023.05.22-12.58.27:721][  0]LogConfig: Setting CVar [[r.SSR.Quality:3]]
[2023.05.22-12.58.27:721][  0]LogConfig: Setting CVar [[r.SSR.HalfResSceneColor:0]]
[2023.05.22-12.58.27:721][  0]LogConfig: Setting CVar [[r.SceneColorFormat:4]]
[2023.05.22-12.58.27:721][  0]LogConfig: Setting CVar [[r.DetailMode:2]]
[2023.05.22-12.58.27:721][  0]LogConfig: Setting CVar [[r.TranslucencyVolumeBlur:1]]
[2023.05.22-12.58.27:721][  0]LogConfig: Setting CVar [[r.MaterialQualityLevel:1 ; High quality]]
[2023.05.22-12.58.27:721][  0]LogConfig: Setting CVar [[r.AnisotropicMaterials:1]]
[2023.05.22-12.58.27:721][  0]LogConfig: Setting CVar [[r.SSS.Scale:1]]
[2023.05.22-12.58.27:721][  0]LogConfig: Setting CVar [[r.SSS.SampleSet:2]]
[2023.05.22-12.58.27:721][  0]LogConfig: Setting CVar [[r.SSS.Quality:1]]
[2023.05.22-12.58.27:722][  0]LogConfig: Setting CVar [[r.SSS.HalfRes:0]]
[2023.05.22-12.58.27:722][  0]LogConfig: Setting CVar [[r.SSGI.Quality:3]]
[2023.05.22-12.58.27:722][  0]LogConfig: Setting CVar [[r.EmitterSpawnRateScale:1.0]]
[2023.05.22-12.58.27:722][  0]LogConfig: Setting CVar [[r.ParticleLightQuality:2]]
[2023.05.22-12.58.27:722][  0]LogConfig: Setting CVar [[r.SkyAtmosphere.AerialPerspectiveLUT.FastApplyOnOpaque:1 ; Always have FastSkyLUT 1 in this case to avoid wrong sky]]
[2023.05.22-12.58.27:722][  0]LogConfig: Setting CVar [[r.SkyAtmosphere.AerialPerspectiveLUT.SampleCountMaxPerSlice:4]]
[2023.05.22-12.58.27:722][  0]LogConfig: Setting CVar [[r.SkyAtmosphere.AerialPerspectiveLUT.DepthResolution:16.0]]
[2023.05.22-12.58.27:722][  0]LogConfig: Setting CVar [[r.SkyAtmosphere.FastSkyLUT:1]]
[2023.05.22-12.58.27:722][  0]LogConfig: Setting CVar [[r.SkyAtmosphere.FastSkyLUT.SampleCountMin:4.0]]
[2023.05.22-12.58.27:722][  0]LogConfig: Setting CVar [[r.SkyAtmosphere.FastSkyLUT.SampleCountMax:128.0]]
[2023.05.22-12.58.27:722][  0]LogConfig: Setting CVar [[r.SkyAtmosphere.SampleCountMin:4.0]]
[2023.05.22-12.58.27:722][  0]LogConfig: Setting CVar [[r.SkyAtmosphere.SampleCountMax:128.0]]
[2023.05.22-12.58.27:722][  0]LogConfig: Setting CVar [[r.SkyAtmosphere.TransmittanceLUT.UseSmallFormat:0]]
[2023.05.22-12.58.27:722][  0]LogConfig: Setting CVar [[r.SkyAtmosphere.TransmittanceLUT.SampleCount:10.0]]
[2023.05.22-12.58.27:722][  0]LogConfig: Setting CVar [[r.SkyAtmosphere.MultiScatteringLUT.SampleCount:15.0]]
[2023.05.22-12.58.27:722][  0]LogConfig: Setting CVar [[r.SkyLight.RealTimeReflectionCapture:1]]
[2023.05.22-12.58.27:722][  0]LogConfig: Applying CVar settings from Section [FoliageQuality@3] File [C:/Users/l.lucas/Documents/LockedMind/LockedMind/Saved/Config/Windows/Scalability.ini]
[2023.05.22-12.58.27:722][  0]LogConfig: Setting CVar [[foliage.DensityScale:1.0]]
[2023.05.22-12.58.27:722][  0]LogConfig: Setting CVar [[grass.DensityScale:1.0]]
[2023.05.22-12.58.27:722][  0]LogConfig: Applying CVar settings from Section [ShadingQuality@3] File [C:/Users/l.lucas/Documents/LockedMind/LockedMind/Saved/Config/Windows/Scalability.ini]
[2023.05.22-12.58.27:722][  0]LogConfig: Setting CVar [[r.HairStrands.SkyLighting.IntegrationType:2]]
[2023.05.22-12.58.27:722][  0]LogConfig: Setting CVar [[r.HairStrands.SkyAO.SampleCount:4]]
[2023.05.22-12.58.27:722][  0]LogConfig: Setting CVar [[r.HairStrands.Visibility.MSAA.SamplePerPixel:4]]
[2023.05.22-12.58.27:722][  0]LogConfig: Applying CVar settings from Section [Startup] File [../../../Engine/Config/ConsoleVariables.ini]
[2023.05.22-12.58.27:722][  0]LogConfig: Setting CVar [[net.UseAdaptiveNetUpdateFrequency:0]]
[2023.05.22-12.58.27:722][  0]LogConfig: Setting CVar [[p.chaos.AllowCreatePhysxBodies:1]]
[2023.05.22-12.58.27:722][  0]LogConfig: Setting CVar [[fx.SkipVectorVMBackendOptimizations:1]]
[2023.05.22-12.58.27:722][  0]LogConfig: Applying CVar settings from Section [ConsoleVariables] File [C:/Users/l.lucas/Documents/LockedMind/LockedMind/Saved/Config/Windows/Engine.ini]
[2023.05.22-12.58.27:722][  0]LogConfig: Applying CVar settings from Section [ConsoleVariables] File [C:/Users/l.lucas/Documents/LockedMind/LockedMind/Saved/Config/Windows/Editor.ini]
[2023.05.22-12.58.27:722][  0]LogInit: Computer: RNSS20902
[2023.05.22-12.58.27:722][  0]LogInit: User: llucas
[2023.05.22-12.58.27:722][  0]LogInit: CPU Page size=4096, Cores=8
[2023.05.22-12.58.27:722][  0]LogInit: High frequency timer resolution =10.000000 MHz
[2023.05.22-12.58.27:722][  0]LogMemory: Memory total: Physical=15.8GB (16GB approx)
[2023.05.22-12.58.27:722][  0]LogMemory: Platform Memory Stats for Windows
[2023.05.22-12.58.27:722][  0]LogMemory: Process Physical Memory: 153.32 MB used, 153.32 MB peak
[2023.05.22-12.58.27:722][  0]LogMemory: Process Virtual Memory: 133.21 MB used, 133.21 MB peak
[2023.05.22-12.58.27:722][  0]LogMemory: Physical Memory: 7501.71 MB used,  8658.51 MB free, 16160.23 MB total
[2023.05.22-12.58.27:722][  0]LogMemory: Virtual Memory: 134207048.00 MB used,  10680.64 MB free, 134217728.00 MB total
[2023.05.22-12.58.27:726][  0]LogWindows: WindowsPlatformFeatures enabled
[2023.05.22-12.58.27:738][  0]LogInit: Physics initialised using underlying interface: PhysX
[2023.05.22-12.58.27:738][  0]LogInit: Using OS detected language (fr-FR).
[2023.05.22-12.58.27:738][  0]LogInit: Using OS detected locale (fr-FR).
[2023.05.22-12.58.27:740][  0]LogTextLocalizationManager: No specific localization for 'fr-FR' exists, so the 'fr' localization will be used.
[2023.05.22-12.58.27:741][  0]LogTextLocalizationResource: LocRes '../../../Engine/Content/Localization/Editor/fr/Editor.locres' could not be opened for reading!
[2023.05.22-12.58.27:741][  0]LogTextLocalizationResource: LocRes '../../../Engine/Content/Localization/EditorTutorials/fr/EditorTutorials.locres' could not be opened for reading!
[2023.05.22-12.58.27:741][  0]LogTextLocalizationResource: LocRes '../../../Engine/Content/Localization/Keywords/fr/Keywords.locres' could not be opened for reading!
[2023.05.22-12.58.27:741][  0]LogTextLocalizationResource: LocRes '../../../Engine/Content/Localization/Category/fr/Category.locres' could not be opened for reading!
[2023.05.22-12.58.27:741][  0]LogTextLocalizationResource: LocRes '../../../Engine/Content/Localization/ToolTips/fr/ToolTips.locres' could not be opened for reading!
[2023.05.22-12.58.27:741][  0]LogTextLocalizationResource: LocRes '../../../Engine/Content/Localization/PropertyNames/fr/PropertyNames.locres' could not be opened for reading!
[2023.05.22-12.58.27:741][  0]LogTextLocalizationResource: LocRes '../../../Engine/Content/Localization/Engine/fr/Engine.locres' could not be opened for reading!
[2023.05.22-12.58.27:749][  0]LogWindowsTextInputMethodSystem: Display: IME system deactivated.
[2023.05.22-12.58.27:762][  0]LogSlate: New Slate User Created.  User Index 0, Is Virtual User: 0
[2023.05.22-12.58.27:762][  0]LogSlate: Slate User Registered.  User Index 0, Is Virtual User: 0
[2023.05.22-12.58.27:771][  0]LogD3D11RHI: Loaded GFSDK_Aftermath_Lib.x64.dll
[2023.05.22-12.58.27:773][  0]LogHMD: Failed to initialize OpenVR with code 110
[2023.05.22-12.58.27:773][  0]LogD3D11RHI: D3D11 min allowed feature level: 11_0
[2023.05.22-12.58.27:773][  0]LogD3D11RHI: D3D11 max allowed feature level: 11_0
[2023.05.22-12.58.27:773][  0]LogD3D11RHI: D3D11 adapters:
[2023.05.22-12.58.27:839][  0]LogD3D11RHI:    0. 'NVIDIA GeForce RTX 3070' (Feature Level 11_0)
[2023.05.22-12.58.27:839][  0]LogD3D11RHI:       8043/0/8080 MB DedicatedVideo/DedicatedSystem/SharedSystem, Outputs:1, VendorId:0x10de
[2023.05.22-12.58.27:885][  0]LogD3D11RHI:    1. 'Intel(R) UHD Graphics 750' (Feature Level 11_0)
[2023.05.22-12.58.27:885][  0]LogD3D11RHI:       128/0/8080 MB DedicatedVideo/DedicatedSystem/SharedSystem, Outputs:0, VendorId:0x8086
[2023.05.22-12.58.27:886][  0]LogD3D11RHI:    2. 'Microsoft Basic Render Driver' (Feature Level 11_0)
[2023.05.22-12.58.27:886][  0]LogD3D11RHI:       0/0/8080 MB DedicatedVideo/DedicatedSystem/SharedSystem, Outputs:0, VendorId:0x1414
[2023.05.22-12.58.27:886][  0]LogD3D11RHI: Chosen D3D11 Adapter:
[2023.05.22-12.58.27:886][  0]LogD3D11RHI:     Description : NVIDIA GeForce RTX 3070
[2023.05.22-12.58.27:886][  0]LogD3D11RHI:     VendorId    : 10de
[2023.05.22-12.58.27:886][  0]LogD3D11RHI:     DeviceId    : 2484
[2023.05.22-12.58.27:886][  0]LogD3D11RHI:     SubSysId    : 88dc103c
[2023.05.22-12.58.27:886][  0]LogD3D11RHI:     Revision    : 00a1
[2023.05.22-12.58.27:886][  0]LogD3D11RHI:     DedicatedVideoMemory : 8433696768 bytes
[2023.05.22-12.58.27:886][  0]LogD3D11RHI:     DedicatedSystemMemory : 0 bytes
[2023.05.22-12.58.27:886][  0]LogD3D11RHI:     SharedSystemMemory : 8472612864 bytes
[2023.05.22-12.58.27:886][  0]LogD3D11RHI:     AdapterLuid : 0 57608
[2023.05.22-12.58.27:891][  0]LogD3D11RHI: Creating new Direct3DDevice
[2023.05.22-12.58.27:891][  0]LogD3D11RHI:     GPU DeviceId: 0x2484 (for the marketing name, search the web for "GPU Device Id")
[2023.05.22-12.58.27:891][  0]LogWindows: EnumDisplayDevices:
[2023.05.22-12.58.27:891][  0]LogWindows:    0. 'NVIDIA GeForce RTX 3070' (P:1 D:1)
[2023.05.22-12.58.27:891][  0]LogWindows:    1. 'NVIDIA GeForce RTX 3070' (P:0 D:0)
[2023.05.22-12.58.27:891][  0]LogWindows:    2. 'NVIDIA GeForce RTX 3070' (P:0 D:0)
[2023.05.22-12.58.27:891][  0]LogWindows:    3. 'NVIDIA GeForce RTX 3070' (P:0 D:0)
[2023.05.22-12.58.27:891][  0]LogWindows:    4. 'Intel(R) UHD Graphics 750' (P:0 D:0)
[2023.05.22-12.58.27:892][  0]LogWindows:    5. 'Intel(R) UHD Graphics 750' (P:0 D:0)
[2023.05.22-12.58.27:892][  0]LogWindows:    6. 'Intel(R) UHD Graphics 750' (P:0 D:0)
[2023.05.22-12.58.27:892][  0]LogWindows: DebugString: PrimaryIsNotTheChoosenAdapter PrimaryIsNotTheChoosenAdapter PrimaryIsNotTheChoosenAdapter FoundDriverCount:4 
[2023.05.22-12.58.27:892][  0]LogD3D11RHI:     Adapter Name: NVIDIA GeForce RTX 3070
[2023.05.22-12.58.27:892][  0]LogD3D11RHI:   Driver Version: 472.91 (internal:30.0.14.7291, unified:472.91)
[2023.05.22-12.58.27:892][  0]LogD3D11RHI:      Driver Date: 12-13-2021
[2023.05.22-12.58.27:892][  0]LogRHI: Texture pool is 5630 MB (70% of 8043 MB)
[2023.05.22-12.58.27:892][  0]LogD3D11RHI: Creating D3DDevice using adapter:
[2023.05.22-12.58.27:892][  0]LogD3D11RHI:     Description : NVIDIA GeForce RTX 3070
[2023.05.22-12.58.27:892][  0]LogD3D11RHI:     VendorId    : 10de
[2023.05.22-12.58.27:892][  0]LogD3D11RHI:     DeviceId    : 2484
[2023.05.22-12.58.27:892][  0]LogD3D11RHI:     SubSysId    : 88dc103c
[2023.05.22-12.58.27:892][  0]LogD3D11RHI:     Revision    : 00a1
[2023.05.22-12.58.27:892][  0]LogD3D11RHI:     DedicatedVideoMemory : 8433696768 bytes
[2023.05.22-12.58.27:892][  0]LogD3D11RHI:     DedicatedSystemMemory : 0 bytes
[2023.05.22-12.58.27:892][  0]LogD3D11RHI:     SharedSystemMemory : 8472612864 bytes
[2023.05.22-12.58.27:892][  0]LogD3D11RHI:     AdapterLuid : 0 57608
[2023.05.22-12.58.27:956][  0]LogD3D11RHI: RHI has support for 64 bit atomics
[2023.05.22-12.58.27:956][  0]LogD3D11RHI: Async texture creation enabled
[2023.05.22-12.58.27:956][  0]LogD3D11RHI: Array index from any shader is supported
[2023.05.22-12.58.27:956][  0]LogD3D11RHI: HDR output is supported on display 0 (NvId: 0x80061083).
[2023.05.22-12.58.27:973][  0]LogD3D11RHI: GPU Timing Frequency: 1000.000000 (Debug: 2 2)
[2023.05.22-12.58.27:987][  0]LogRHI: GeForceNow SDK initialized: 1
[2023.05.22-12.58.28:193][  0]LogTargetPlatformManager: Display: Loaded TargetPlatform 'WindowsNoEditor'
[2023.05.22-12.58.28:195][  0]LogTargetPlatformManager: Display: Loaded TargetPlatform 'Windows'
[2023.05.22-12.58.28:198][  0]LogTargetPlatformManager: Display: Loaded TargetPlatform 'WindowsClient'
[2023.05.22-12.58.28:200][  0]LogTargetPlatformManager: Display: Loaded TargetPlatform 'WindowsServer'
[2023.05.22-12.58.28:200][  0]LogTargetPlatformManager: Display: Building Assets For Windows
[2023.05.22-12.58.28:204][  0]LogAudioDebug: Display: Lib vorbis DLL was dynamically loaded.
[2023.05.22-12.58.28:220][  0]LogTextureFormatOodle: Display: Oodle Texture 2.9.0 init RDO Off
[2023.05.22-12.58.28:236][  0]LogRendererCore: Ray tracing is disabled. Reason: r.RayTracing=0.
[2023.05.22-12.58.28:236][  0]LogShaderCompilers: Guid format shader working directory is -16 characters bigger than the processId version (../../../../../../Users/l.lucas/Documents/LockedMind/LockedMind/Intermediate/Shaders/WorkingDirectory/17060/).
[2023.05.22-12.58.28:237][  0]LogShaderCompilers: Cleaned the shader compiler working directory 'C:/Users/l.lucas/AppData/Local/Temp/UnrealShaderWorkingDir/4588C60344A2103A2B6A1D8575FC6035/'.
[2023.05.22-12.58.28:237][  0]LogXGEController: Cannot use XGE Controller as Incredibuild is not installed on this machine.
[2023.05.22-12.58.28:237][  0]LogShaderCompilers: Cannot use XGE Shader Compiler as Incredibuild is not installed on this machine.
[2023.05.22-12.58.28:237][  0]LogShaderCompilers: Display: Using Local Shader Compiler.
[2023.05.22-12.58.28:755][  0]LogDerivedDataCache: Display: Max Cache Size: 512 MB
[2023.05.22-12.58.28:801][  0]LogDerivedDataCache: Loaded boot cache 0.05s 96MB C:/Users/l.lucas/AppData/Local/UnrealEngine/4.27/DerivedDataCache/Boot.ddc.
[2023.05.22-12.58.28:802][  0]LogDerivedDataCache: Display: Loaded Boot cache: C:/Users/l.lucas/AppData/Local/UnrealEngine/4.27/DerivedDataCache/Boot.ddc
[2023.05.22-12.58.28:802][  0]LogDerivedDataCache: FDerivedDataBackendGraph:  Pak pak cache file ../../../../../../Users/l.lucas/Documents/LockedMind/LockedMind/DerivedDataCache/DDC.ddp not found, will not use a pak cache.
[2023.05.22-12.58.28:802][  0]LogDerivedDataCache: Unable to find inner node Pak for hierarchical cache Hierarchy.
[2023.05.22-12.58.28:802][  0]LogDerivedDataCache: FDerivedDataBackendGraph:  CompressedPak pak cache file ../../../../../../Users/l.lucas/Documents/LockedMind/LockedMind/DerivedDataCache/Compressed.ddp not found, will not use a pak cache.
[2023.05.22-12.58.28:802][  0]LogDerivedDataCache: Unable to find inner node CompressedPak for hierarchical cache Hierarchy.
[2023.05.22-12.58.28:814][  0]LogDerivedDataCache: Display: Pak cache opened for reading ../../../Engine/DerivedDataCache/Compressed.ddp.
[2023.05.22-12.58.28:814][  0]LogDerivedDataCache: FDerivedDataBackendGraph:  EnterprisePak pak cache file ../../../Enterprise/DerivedDataCache/Compressed.ddp not found, will not use a pak cache.
[2023.05.22-12.58.28:814][  0]LogDerivedDataCache: Unable to find inner node EnterprisePak for hierarchical cache Hierarchy.
[2023.05.22-12.58.28:827][  0]LogDerivedDataCache: Speed tests for C:/Users/l.lucas/AppData/Local/UnrealEngine/Common/DerivedDataCache took 0.01 seconds
[2023.05.22-12.58.28:827][  0]LogDerivedDataCache: Display: Performance to C:/Users/l.lucas/AppData/Local/UnrealEngine/Common/DerivedDataCache: Latency=0.00ms. RandomReadSpeed=1770.83MBs, RandomWriteSpeed=76.51MBs. Assigned SpeedClass 'Local'
[2023.05.22-12.58.28:827][  0]LogDerivedDataCache: Using Local data cache path C:/Users/l.lucas/AppData/Local/UnrealEngine/Common/DerivedDataCache: Writable
[2023.05.22-12.58.28:827][  0]LogDerivedDataCache: Shared data cache path not found in *engine.ini, will not use an Shared cache.
[2023.05.22-12.58.28:827][  0]LogDerivedDataCache: Unable to find inner node Shared for hierarchical cache Hierarchy.
[2023.05.22-12.58.28:854][  0]LogSlate: Using FreeType 2.10.0
[2023.05.22-12.58.28:854][  0]LogSlate: SlateFontServices - WITH_FREETYPE: 1, WITH_HARFBUZZ: 1
[2023.05.22-12.58.28:910][  0]LogInit: Using OS detected language (fr-FR).
[2023.05.22-12.58.28:910][  0]LogInit: Using OS detected locale (fr-FR).
[2023.05.22-12.58.28:910][  0]LogTextLocalizationManager: No localization for 'fr-FR' exists, so 'en' will be used for the language.
[2023.05.22-12.58.28:910][  0]LogTextLocalizationManager: No localization for 'fr-FR' exists, so 'en' will be used for the locale.
[2023.05.22-12.58.28:910][  0]LogSlate: FontCache flush requested. Reason: Culture for localization was changed
[2023.05.22-12.58.28:910][  0]LogSlate: FontCache flush requested. Reason: Culture for localization was changed
[2023.05.22-12.58.28:912][  0]LogAssetRegistry: FAssetRegistry took 0.0011 seconds to start up
[2023.05.22-12.58.29:021][  0]LogTextLocalizationManager: Compacting localization data took   0.00ms
[2023.05.22-12.58.29:021][  0]LogPackageLocalizationCache: Processed 27 localized package path(s) for 1 prioritized culture(s) in 0.000576 seconds
[2023.05.22-12.58.29:060][  0]LogInit: Selected Device Profile: [Windows]
[2023.05.22-12.58.29:060][  0]LogInit: Active device profile: [00000264896D4700][000002648211F540 49] Windows
[2023.05.22-12.58.29:060][  0]LogInit: Profiles: [00000264896D4700][000002648211F540 49] Windows, [000002648969F700][000002648211B680 49] WindowsNoEditor, [00000264896D7300][00000264821237C0 49] WindowsServer, [000002648969CF00][0000026483E57900 49] WindowsClient, [00000264896D7500][0000026483E5FA80 49] IOS, [0000026489687F00][0000026483E63C00 49] iPadAir, [000002648969FB00][0000026483E66200 49] iPadAir2, [0000026489648500][00000264884664C0 49] IPadPro, [0000026489648600][0000026483E6A500 49] iPadAir3, [0000026489684100][000002648846A680 49] iPadAir4, [000002648964AC00][000002648846E800 49] iPadMini2, [0000026489686500][0000026488472980 49] iPadMini3, [000002648964B400][0000026488476B00 49] iPadMini4, [0000026489684F00][000002648847AC80 49] iPadMini5, [000002648962FE00][0000026488482F40 49] iPhone6, [000002648962FF00][000002648847EF80 49] iPodTouch6, [00000264896D7900][000002648848B240 49] iPhone7, [00000264896D6100][0000026488487280 49] iPodTouch7, [000002648962C400][000002648848F400 49] iPhone5S, [000002648964BD00][0000026488493580 49] iPhone6Plus, [00000264896D7400][0000026483E5B6C0 49] iPhone6S, [000002648964A000][0000026488497800 49] iPhone6SPlus, [00000264896D4900][000002648849B940 49] iPhone7Plus, [0000026489648E00][000002648849FA80 49] iPhoneSE, [00000264896D4200][00000264884A7C00 49] iPhone8, [000002648964A400][00000264884AA200 49] iPhone8Plus, [00000264896D5E00][00000264884AE380 49] iPhoneX, [000002648964BE00][00000264884B2500 49] iPhoneXS, [00000264896D5600][00000264884B6680 49] iPhoneXSMax, [000002648964A500][00000264884BA800 49] iPhoneXR, [00000264896D6A00][00000264884BE980 49] iPhone11, [000002648964BA00][00000264884C2B00 49] iPhone11Pro, [00000264896D4F00][00000264884C6C80 49] iPhone11ProMax, [000002648964A300][00000264884CAE00 49] iPhoneSE2, [00000264896D6700][00000264884CEF80 49] iPhone12Mini, [0000026489648700][00000264884D3100 49] iPhone12, [00000264896D7100][00000264884D7280 49] iPhone12Pro, [000002648964B500][00000264884DB400 49] iPhone12ProMax, [00000264896D4800][00000264884DF580 49] iPadPro105, [0000026489649C00][00000264884E3700 49] iPadPro129, [00000264896D4300][00000264884E7880 49] iPadPro97, [0000026489649D00][00000264884A39C0 49] iPadPro2_129, [00000264896D4C00][00000264884EBB00 49] iPad5, [000002648964B000][00000264884EE0C0 49] iPad6, [00000264896D6C00][00000264884F6240 49] iPad7, [000002648964AE00][00000264884FA3C0 49] iPad8, [00000264896D7E00][00000264884FE540 49] iPadPro11, [0000026489649900][00000264885026C0 49] iPadPro2_11, [00000264896D5800][0000026488506840 49] iPadPro3_129, [0000026489648C00][000002648850A9C0 49] iPadPro4_129, [00000264896D6400][000002648850EB40 49] AppleTV, [000002648964B700][0000026488512CC0 49] AppleTV4K, [00000264896D5B00][0000026488516E40 49] TVOS, [0000026489649000][000002648851AFC0 49] Mac, [00000264896D5F00][0000026488151140 49] MacClient, [000002648964AB00][00000264881552C0 49] MacNoEditor, [00000264896D4D00][0000026488159440 49] MacServer, [000002648964B300][000002648815D5C0 49] Linux, [00000264896D4B00][0000026488161740 49] LinuxAArch64, [000002648964A100][00000264881658C0 49] LinuxNoEditor, [00000264896D5700][0000026488169A40 49] LinuxAArch64NoEditor, [0000026489649A00][00000264884F3B80 49] LinuxClient, [00000264896D5000][000002648816C140 49] LinuxAArch64Client, [0000026489649400][0000026488170280 49] LinuxServer, [00000264896D7000][00000264881743C0 49] LinuxAArch64Server, [0000026489649600][000002648817C540 49] Android, [0000026489687900][00000264881806C0 49] Android_Low, [000002648962DB00][0000026488184840 49] Android_Mid, [0000026489687000][00000264881889C0 49] Android_High, [000002648962F900][000002648818CB40 49] Android_Default, [0000026489686000][0000026488190CC0 49] Android_Adreno4xx, [000002648962FB00][0000026488194E40 49] Android_Adreno5xx_Low, [0000026489684B00][0000026488198FC0 49] Android_Adreno5xx, [000002648962D800][0000026483847140 49] Android_Adreno6xx, [0000026489685100][000002648384B2C0 49] Android_Adreno6xx_Vulkan, [000002648962C800][000002648384F440 49] Android_Mali_T6xx, [0000026489687600][00000264838535C0 49] Android_Mali_T7xx, [000002648962CD00][0000026483857740 49] Android_Mali_T8xx, [0000026489687C00][000002648385B8C0 49] Android_Mali_G71, [000002648962C900][000002648385FA40 49] Android_Mali_G72, [0000026489687E00][0000026483863BC0 49] Android_Mali_G72_Vulkan, [000002648962D900][0000026488178180 49] Android_Mali_G76, [0000026489687A00][00000264838662C0 49] Android_Mali_G76_Vulkan, [000002648962F600][000002648386A400 49] Android_Mali_G77, [0000026489686200][000002648386E540 49] Android_Mali_G77_Vulkan, [000002648962D200][00000264838766C0 49] Android_Mali_G78, [0000026489684A00][000002648387A840 49] Android_Mali_G78_Vulkan, [000002648962F000][000002648387E9C0 49] Android_Mali_G710, [0000026489685400][0000026483882B40 49] Android_Mali_G710_Vulkan, [000002648962C600][0000026483886CC0 49] Android_Vulkan_SM5, [0000026489685800][000002648388AE40 49] Android_PowerVR_G6xxx, [000002648962CE00][000002648388EFC0 49] Android_PowerVR_GT7xxx, [0000026489684200][0000026483893140 49] Android_PowerVR_GE8xxx, [000002648962C100][00000264838972C0 49] Android_PowerVR_GM9xxx, [0000026489686600][000002648389B440 49] Android_PowerVR_GM9xxx_Vulkan, [000002648964B800][000002648389F5C0 49] Android_TegraK1, [0000026489686A00][00000264838A3740 49] Android_Unknown_Vulkan, [0000026489648F00][00000264838A78C0 49] Lumin, [0000026489685200][00000264838ABA40 49] Lumin_Desktop, [0000026489648400][00000264838AFBC0 49] HoloLens, 
[2023.05.22-12.58.29:084][  0]LogMeshReduction: Using QuadricMeshReduction for automatic static mesh reduction
[2023.05.22-12.58.29:084][  0]LogMeshReduction: Using SimplygonMeshReduction for automatic skeletal mesh reduction
[2023.05.22-12.58.29:084][  0]LogMeshReduction: Using ProxyLODMeshReduction for automatic mesh merging
[2023.05.22-12.58.29:084][  0]LogMeshReduction: No distributed automatic mesh merging module available
[2023.05.22-12.58.29:084][  0]LogMeshMerging: No distributed automatic mesh merging module available
[2023.05.22-12.58.29:154][  0]LogNetVersion: LockedMind 1.0.0, NetCL: 17155196, EngineNetVer: 17, GameNetVer: 0 (Checksum: 1775436646)
[2023.05.22-12.58.29:319][  0]LogTexture: Default maximum texture size for cubemaps generated from long-lat sources has been changed from 512 to unlimited. In order to preserve old behaiour for '/Engine/MapTemplates/Sky/DaylightAmbientCubemap.DaylightAmbientCubemap', its maximum texture size has been explicitly set to 512.
[2023.05.22-12.58.29:358][  0]LogHMD: PokeAHoleMaterial loaded successfully
[2023.05.22-12.58.29:415][  0]LogMoviePlayer: Initializing movie player
[2023.05.22-12.58.29:488][  0]LogNiagaraDebuggerClient: Niagara Debugger Client Initialized | Session: 8D2AAC644CD988B6B033CDA5EF9119C3 | Instance: B3E718F345207B3087E6ABBC3A97632B (RNSS20902-17060).
[2023.05.22-12.58.29:502][  0]LogCollectionManager: Loaded 0 collections in 0.001379 seconds
[2023.05.22-12.58.29:503][  0]LogFileCache: Scanning file cache for directory 'C:/Users/l.lucas/Documents/LockedMind/LockedMind/Saved/Collections/' took 0.00s
[2023.05.22-12.58.29:503][  0]LogFileCache: Scanning file cache for directory 'C:/Users/l.lucas/Documents/LockedMind/LockedMind/Content/Developers/llucas/Collections/' took 0.00s
[2023.05.22-12.58.29:503][  0]LogFileCache: Scanning file cache for directory 'C:/Users/l.lucas/Documents/LockedMind/LockedMind/Content/Collections/' took 0.00s
[2023.05.22-12.58.29:503][  0]LogCollectionManager: Fixed up redirectors for 0 collections in 0.000002 seconds (updated 0 objects)
[2023.05.22-12.58.29:558][  0]LogPython: Using Python 3.7.7
[2023.05.22-12.58.29:839][  0]LogTcpMessaging: Initializing TcpMessaging bridge
[2023.05.22-12.58.29:844][  0]LogUdpMessaging: Initializing bridge on interface 0.0.0.0:0 to multicast group 230.0.0.1:6666.
[2023.05.22-12.58.29:935][  0]LogOpenImageDenoise: OIDN starting up
[2023.05.22-12.58.29:946][  0]LogAndroidPermission: UAndroidPermissionCallbackProxy::GetInstance
[2023.05.22-12.58.29:958][  0]LogAudioCaptureCore: Display: No Audio Capture implementations found. Audio input will be silent.
[2023.05.22-12.58.29:958][  0]LogAudioCaptureCore: Display: No Audio Capture implementations found. Audio input will be silent.
[2023.05.22-12.58.29:994][  0]SourceControl: Source control is disabled
[2023.05.22-12.58.29:994][  0]SourceControl: Source control is disabled
[2023.05.22-12.58.29:995][  0]SourceControl: Source control is disabled
[2023.05.22-12.58.30:000][  0]LogUProjectInfo: Found projects:
[2023.05.22-12.58.30:012][  0]LogOcInput: OculusInput pre-init called
[2023.05.22-12.58.30:017][  0]LogUObjectArray: 22121 objects as part of root set at end of initial load.
[2023.05.22-12.58.30:017][  0]LogUObjectAllocator: 5975632 out of 0 bytes used by permanent object pool.
[2023.05.22-12.58.30:017][  0]LogUObjectArray: CloseDisregardForGC: 0/0 objects in disregard for GC pool
[2023.05.22-12.58.30:049][  0]LogEngine: Initializing Engine...
[2023.05.22-12.58.30:051][  0]LogHMD: Failed to enumerate extensions. Please check that you have a valid OpenXR runtime installed.
[2023.05.22-12.58.30:051][  0]LogHMD: Failed to initialize OpenVR with code 110
[2023.05.22-12.58.30:051][  0]LogMagicLeap: Warning: VR disabled because ZI is not enabled.  To enable, in the editor, Edit -> Project Settings -> Plugins -> Magic Leap Plugin -> Enable Zero Iteration
[2023.05.22-12.58.30:052][  0]LogStats: UGameplayTagsManager::InitializeManager -  0.000 s
[2023.05.22-12.58.30:121][  0]LogInit: Initializing FReadOnlyCVARCache
[2023.05.22-12.58.30:121][  0]LogAudio: Display: Initializing Audio Device Manager...
[2023.05.22-12.58.30:124][  0]LogAudio: Display: Loading Default Audio Settings Objects...
[2023.05.22-12.58.30:124][  0]LogAudio: Display: No default SoundConcurrencyObject specified (or failed to load).
[2023.05.22-12.58.30:125][  0]LogAudio: Display: Audio Device Manager Initialized
[2023.05.22-12.58.30:125][  0]LogAudio: Display: Creating Audio Device:                 Id: 1, Scope: Shared, Realtime: True
[2023.05.22-12.58.30:125][  0]LogAudioMixer: Display: Audio Mixer Platform Settings:
[2023.05.22-12.58.30:125][  0]LogAudioMixer: Display: 	Sample Rate:						  48000
[2023.05.22-12.58.30:125][  0]LogAudioMixer: Display: 	Callback Buffer Frame Size Requested: 1024
[2023.05.22-12.58.30:125][  0]LogAudioMixer: Display: 	Callback Buffer Frame Size To Use:	  1024
[2023.05.22-12.58.30:125][  0]LogAudioMixer: Display: 	Number of buffers to queue:			  2
[2023.05.22-12.58.30:125][  0]LogAudioMixer: Display: 	Max Channels (voices):				  32
[2023.05.22-12.58.30:125][  0]LogAudioMixer: Display: 	Number of Async Source Workers:		  0
[2023.05.22-12.58.30:125][  0]LogAudio: Display: AudioDevice MaxSources: 32
[2023.05.22-12.58.30:125][  0]LogAudio: Display: Audio Spatialization Plugin: None (built-in).
[2023.05.22-12.58.30:125][  0]LogAudio: Display: Audio Reverb Plugin: None (built-in).
[2023.05.22-12.58.30:125][  0]LogAudio: Display: Audio Occlusion Plugin: None (built-in).
[2023.05.22-12.58.30:125][  0]LogAudioMixer: Display: Initializing audio mixer.
[2023.05.22-12.58.30:131][  0]LogAudioMixer: Display: 0: FrontLeft
[2023.05.22-12.58.30:131][  0]LogAudioMixer: Display: 1: FrontRight
[2023.05.22-12.58.30:141][  0]LogAudioMixer: Display: Using Audio Device LG HDR WFHD (NVIDIA High Definition Audio)
[2023.05.22-12.58.30:146][  0]LogAudioMixer: Display: Initializing Sound Submixes...
[2023.05.22-12.58.30:147][  0]LogAudioMixer: Display: Creating Master Submix 'MasterSubmixDefault'
[2023.05.22-12.58.30:147][  0]LogAudioMixer: Display: Creating Master Submix 'MasterReverbSubmixDefault'
[2023.05.22-12.58.30:148][  0]LogAudioMixer: Display: Creating Master Submix 'MasterEQSubmixDefault'
[2023.05.22-12.58.30:148][  0]LogAudioMixer: FMixerPlatformXAudio2::StartAudioStream() called
[2023.05.22-12.58.30:148][  0]LogAudioMixer: Display: Output buffers initialized: Frames=1024, Channels=2, Samples=2048
[2023.05.22-12.58.30:149][  0]LogAudioMixer: Display: Starting AudioMixerPlatformInterface::RunInternal()
[2023.05.22-12.58.30:149][  0]LogAudioMixer: Display: FMixerPlatformXAudio2::SubmitBuffer() called for the first time
[2023.05.22-12.58.30:149][  0]LogInit: FAudioDevice initialized.
[2023.05.22-12.58.30:150][  0]LogNetVersion: Set ProjectVersion to 1.0.0.0. Version Checksum will be recalculated on next use.
[2023.05.22-12.58.30:150][  0]LogInit: Texture streaming: Enabled
[2023.05.22-12.58.30:193][  0]LogAudio: Display: Audio Device (ID: 1) registered with world 'Untitled'.
[2023.05.22-12.58.30:194][  0]LogSlate: Updating window title bar state: overlay mode, drag disabled, window buttons hidden, title bar hidden
[2023.05.22-12.58.30:194][  0]LogInit: Display: Game Engine Initialized.
[2023.05.22-12.58.30:194][  0]LogNiagaraEditor: GEditor isn't valid! Particle reset commands will not work for Niagara components!
[2023.05.22-12.58.30:269][  0]LogInit: Display: Starting Game.
[2023.05.22-12.58.30:269][  0]LogNet: Browse: /Game/Maps/MasterLevel?Name=Player
[2023.05.22-12.58.30:269][  0]LogLoad: LoadMap: /Game/Maps/MasterLevel?Name=Player
[2023.05.22-12.58.30:269][  0]LogWorld: BeginTearingDown for /Temp/Untitled_0
[2023.05.22-12.58.30:270][  0]LogWorld: UWorld::CleanupWorld for Untitled, bSessionEnded=true, bCleanupResources=true
[2023.05.22-12.58.30:271][  0]LogSlate: InvalidateAllWidgets triggered.  All widgets were invalidated
[2023.05.22-12.58.30:273][  0]LogAudio: Display: Audio Device unregistered from world 'None'.
[2023.05.22-12.58.30:275][  0]LogUObjectHash: Compacting FUObjectHashTables data took   0.47ms
[2023.05.22-12.58.30:588][  0]LogAudio: Display: Audio Device (ID: 1) registered with world 'MasterLevel'.
[2023.05.22-12.58.30:594][  0]LogAIModule: Creating AISystem for world MasterLevel
[2023.05.22-12.58.30:595][  0]LogLoad: Game class is 'FirstPersonGameMode_C'
[2023.05.22-12.58.30:595][  0]LogStreaming: Display: ULevelStreaming::RequestLevel(/Game/Maps/IntermediateV1_2) is flushing async loading
[2023.05.22-12.58.30:595][  0]LogStreaming: Display: FlushAsyncLoading: 1 QueuedPackages, 0 AsyncPackages
[2023.05.22-12.58.30:648][  0]LogWorld: Bringing World /Game/Maps/MasterLevel.MasterLevel up for play (max tick rate 0) at 2023.05.22-14.58.30
[2023.05.22-12.58.30:649][  0]LogWorld: Bringing up level for play took: 0.005120
[2023.05.22-12.58.30:651][  0]LogLevel: ActivateLevel /Game/Maps/MansionV1 1 1 1
[2023.05.22-12.58.30:652][  0]LogLoad: Took 0.383453 seconds to LoadMap(/Game/Maps/MasterLevel)
[2023.05.22-12.58.30:683][  0]LogStreaming: Display: ULevelStreaming::RequestLevel(/Game/Maps/MansionV1) is flushing async loading
[2023.05.22-12.58.30:721][  0]LogSlate: Took 0.000157 seconds to synchronously load lazily loaded font '../../../Engine/Content/Slate/Fonts/Roboto-Regular.ttf' (155K)
[2023.05.22-12.58.30:741][  0]LogRenderer: Reallocating scene render targets to support 1280x720 Format 10 NumSamples 1 (Frame:1).
[2023.05.22-12.58.30:741][  0]LogInit: Display: Engine is initialized. Leaving FEngineLoop::Init()
[2023.05.22-12.58.30:741][  0]LogLoad: (Engine Initialization) Total time: 3.71 seconds
[2023.05.22-12.58.30:741][  0]LogLoad: (Engine Initialization) Total Blueprint compile time: 0.00 seconds
[2023.05.22-12.58.30:745][  0]LogContentStreaming: Texture pool size now 1000 MB
[2023.05.22-12.58.30:750][  0]LogSlate: InvalidateAllWidgets triggered.  All widgets were invalidated
[2023.05.22-12.58.30:854][  0]LogRenderer: Reallocating scene render targets to support 128x128 Format 10 NumSamples 1 (Frame:1).
[2023.05.22-12.58.30:911][  0]LogRenderer: Reallocating scene render targets to support 1280x720 Format 10 NumSamples 1 (Frame:2).
[2023.05.22-12.58.30:939][  1]LogSlate: Took 0.000117 seconds to synchronously load lazily loaded font '../../../Engine/Content/Slate/Fonts/Roboto-Regular.ttf' (155K)
[2023.05.22-12.59.29:068][395]LogBlueprintUserMessages: [BP_MyPlayerController_C_0] Item added
[2023.05.22-13.00.49:109][969]LogBlueprintUserMessages: [BP_MyPlayerController_C_0] T'es mort loser (L + ratio)
[2023.05.22-13.00.49:109][969]LogScript: Warning: Accessed None trying to read property RespawnPoint
	BP_MyPlayerController_C /Game/Maps/MasterLevel.MasterLevel:PersistentLevel.BP_MyPlayerController_C_0
	Function /Game/Blueprints/BP_MyPlayerController.BP_MyPlayerController_C:LoseStress:02FF
[2023.05.22-13.00.49:109][969]LogScript: Warning: Script call stack:
	Function /Game/Blueprints/BP_MyPlayerController.BP_MyPlayerController_C:ExecuteUbergraph_BP_MyPlayerController
	Function /Game/Blueprints/BP_MyPlayerController.BP_MyPlayerController_C:LoseStress

[2023.05.22-13.00.49:109][969]LogScript: Warning: Accessed None
	BP_MyPlayerController_C /Game/Maps/MasterLevel.MasterLevel:PersistentLevel.BP_MyPlayerController_C_0
	Function /Game/Blueprints/BP_MyPlayerController.BP_MyPlayerController_C:LoseStress:0314
[2023.05.22-13.00.49:109][969]LogScript: Warning: Script call stack:
	Function /Game/Blueprints/BP_MyPlayerController.BP_MyPlayerController_C:ExecuteUbergraph_BP_MyPlayerController
	Function /Game/Blueprints/BP_MyPlayerController.BP_MyPlayerController_C:LoseStress

[2023.05.22-13.00.59:947][937]LogBlueprintUserMessages: [BP_MyPlayerController_C_0] Item added
